{"C:\\Users\\giova\\Desktop\\uni\\1_ANNO\\SWE2\\progetto\\BattistonDeLucia-swe2\\ITD\\server\\controller\\QueryManager.js": {"path":"C:\\Users\\giova\\Desktop\\uni\\1_ANNO\\SWE2\\progetto\\BattistonDeLucia-swe2\\ITD\\server\\controller\\QueryManager.js","all":false,"statementMap":{"0":{"start":{"line":1,"column":0},"end":{"line":1,"column":32}},"1":{"start":{"line":2,"column":0},"end":{"line":2,"column":35}},"2":{"start":{"line":3,"column":0},"end":{"line":3,"column":32}},"3":{"start":{"line":4,"column":0},"end":{"line":4,"column":28}},"4":{"start":{"line":5,"column":0},"end":{"line":5,"column":32}},"5":{"start":{"line":6,"column":0},"end":{"line":6,"column":0}},"6":{"start":{"line":7,"column":0},"end":{"line":7,"column":39}},"7":{"start":{"line":8,"column":0},"end":{"line":8,"column":0}},"8":{"start":{"line":9,"column":0},"end":{"line":9,"column":7}},"9":{"start":{"line":10,"column":0},"end":{"line":10,"column":71}},"10":{"start":{"line":11,"column":0},"end":{"line":11,"column":46}},"11":{"start":{"line":12,"column":0},"end":{"line":12,"column":37}},"12":{"start":{"line":13,"column":0},"end":{"line":13,"column":7}},"13":{"start":{"line":14,"column":0},"end":{"line":14,"column":35}},"14":{"start":{"line":15,"column":0},"end":{"line":15,"column":35}},"15":{"start":{"line":16,"column":0},"end":{"line":16,"column":26}},"16":{"start":{"line":17,"column":0},"end":{"line":17,"column":33}},"17":{"start":{"line":18,"column":0},"end":{"line":18,"column":5}},"18":{"start":{"line":19,"column":0},"end":{"line":19,"column":0}},"19":{"start":{"line":20,"column":0},"end":{"line":20,"column":12}},"20":{"start":{"line":21,"column":0},"end":{"line":21,"column":0}},"21":{"start":{"line":22,"column":0},"end":{"line":22,"column":11}},"22":{"start":{"line":23,"column":0},"end":{"line":23,"column":28}},"23":{"start":{"line":24,"column":0},"end":{"line":24,"column":58}},"24":{"start":{"line":25,"column":0},"end":{"line":25,"column":56}},"25":{"start":{"line":26,"column":0},"end":{"line":26,"column":55}},"26":{"start":{"line":27,"column":0},"end":{"line":27,"column":62}},"27":{"start":{"line":28,"column":0},"end":{"line":28,"column":42}},"28":{"start":{"line":29,"column":0},"end":{"line":29,"column":11}},"29":{"start":{"line":30,"column":0},"end":{"line":30,"column":77}},"30":{"start":{"line":31,"column":0},"end":{"line":31,"column":56}},"31":{"start":{"line":32,"column":0},"end":{"line":32,"column":176}},"32":{"start":{"line":33,"column":0},"end":{"line":33,"column":33}},"33":{"start":{"line":34,"column":0},"end":{"line":34,"column":10}},"34":{"start":{"line":35,"column":0},"end":{"line":35,"column":0}},"35":{"start":{"line":36,"column":0},"end":{"line":36,"column":11}},"36":{"start":{"line":37,"column":0},"end":{"line":37,"column":28}},"37":{"start":{"line":38,"column":0},"end":{"line":38,"column":57}},"38":{"start":{"line":39,"column":0},"end":{"line":39,"column":54}},"39":{"start":{"line":40,"column":0},"end":{"line":40,"column":48}},"40":{"start":{"line":41,"column":0},"end":{"line":41,"column":41}},"41":{"start":{"line":42,"column":0},"end":{"line":42,"column":11}},"42":{"start":{"line":43,"column":0},"end":{"line":43,"column":60}},"43":{"start":{"line":44,"column":0},"end":{"line":44,"column":56}},"44":{"start":{"line":45,"column":0},"end":{"line":45,"column":147}},"45":{"start":{"line":46,"column":0},"end":{"line":46,"column":33}},"46":{"start":{"line":47,"column":0},"end":{"line":47,"column":10}},"47":{"start":{"line":48,"column":0},"end":{"line":48,"column":0}},"48":{"start":{"line":49,"column":0},"end":{"line":49,"column":11}},"49":{"start":{"line":50,"column":0},"end":{"line":50,"column":44}},"50":{"start":{"line":51,"column":0},"end":{"line":51,"column":64}},"51":{"start":{"line":52,"column":0},"end":{"line":52,"column":40}},"52":{"start":{"line":53,"column":0},"end":{"line":53,"column":11}},"53":{"start":{"line":54,"column":0},"end":{"line":54,"column":57}},"54":{"start":{"line":55,"column":0},"end":{"line":55,"column":96}},"55":{"start":{"line":56,"column":0},"end":{"line":56,"column":35}},"56":{"start":{"line":57,"column":0},"end":{"line":57,"column":57}},"57":{"start":{"line":58,"column":0},"end":{"line":58,"column":10}},"58":{"start":{"line":59,"column":0},"end":{"line":59,"column":0}},"59":{"start":{"line":60,"column":0},"end":{"line":60,"column":11}},"60":{"start":{"line":61,"column":0},"end":{"line":61,"column":34}},"61":{"start":{"line":62,"column":0},"end":{"line":62,"column":48}},"62":{"start":{"line":63,"column":0},"end":{"line":63,"column":37}},"63":{"start":{"line":64,"column":0},"end":{"line":64,"column":11}},"64":{"start":{"line":65,"column":0},"end":{"line":65,"column":42}},"65":{"start":{"line":66,"column":0},"end":{"line":66,"column":87}},"66":{"start":{"line":67,"column":0},"end":{"line":67,"column":35}},"67":{"start":{"line":68,"column":0},"end":{"line":68,"column":54}},"68":{"start":{"line":69,"column":0},"end":{"line":69,"column":10}},"69":{"start":{"line":70,"column":0},"end":{"line":70,"column":0}},"70":{"start":{"line":71,"column":0},"end":{"line":71,"column":11}},"71":{"start":{"line":72,"column":0},"end":{"line":72,"column":99}},"72":{"start":{"line":73,"column":0},"end":{"line":73,"column":64}},"73":{"start":{"line":74,"column":0},"end":{"line":74,"column":57}},"74":{"start":{"line":75,"column":0},"end":{"line":75,"column":72}},"75":{"start":{"line":76,"column":0},"end":{"line":76,"column":11}},"76":{"start":{"line":77,"column":0},"end":{"line":77,"column":66}},"77":{"start":{"line":78,"column":0},"end":{"line":78,"column":96}},"78":{"start":{"line":79,"column":0},"end":{"line":79,"column":30}},"79":{"start":{"line":80,"column":0},"end":{"line":80,"column":62}},"80":{"start":{"line":81,"column":0},"end":{"line":81,"column":10}},"81":{"start":{"line":82,"column":0},"end":{"line":82,"column":0}},"82":{"start":{"line":83,"column":0},"end":{"line":83,"column":11}},"83":{"start":{"line":84,"column":0},"end":{"line":84,"column":96}},"84":{"start":{"line":85,"column":0},"end":{"line":85,"column":48}},"85":{"start":{"line":86,"column":0},"end":{"line":86,"column":54}},"86":{"start":{"line":87,"column":0},"end":{"line":87,"column":72}},"87":{"start":{"line":88,"column":0},"end":{"line":88,"column":11}},"88":{"start":{"line":89,"column":0},"end":{"line":89,"column":57}},"89":{"start":{"line":90,"column":0},"end":{"line":90,"column":87}},"90":{"start":{"line":91,"column":0},"end":{"line":91,"column":30}},"91":{"start":{"line":92,"column":0},"end":{"line":92,"column":62}},"92":{"start":{"line":93,"column":0},"end":{"line":93,"column":10}},"93":{"start":{"line":94,"column":0},"end":{"line":94,"column":0}},"94":{"start":{"line":95,"column":0},"end":{"line":95,"column":11}},"95":{"start":{"line":96,"column":0},"end":{"line":96,"column":39}},"96":{"start":{"line":97,"column":0},"end":{"line":97,"column":45}},"97":{"start":{"line":98,"column":0},"end":{"line":98,"column":29}},"98":{"start":{"line":99,"column":0},"end":{"line":99,"column":11}},"99":{"start":{"line":100,"column":0},"end":{"line":100,"column":42}},"100":{"start":{"line":101,"column":0},"end":{"line":101,"column":76}},"101":{"start":{"line":102,"column":0},"end":{"line":102,"column":33}},"102":{"start":{"line":103,"column":0},"end":{"line":103,"column":124}},"103":{"start":{"line":104,"column":0},"end":{"line":104,"column":0}},"104":{"start":{"line":105,"column":0},"end":{"line":105,"column":47}},"105":{"start":{"line":106,"column":0},"end":{"line":106,"column":33}},"106":{"start":{"line":107,"column":0},"end":{"line":107,"column":124}},"107":{"start":{"line":108,"column":0},"end":{"line":108,"column":13}},"108":{"start":{"line":109,"column":0},"end":{"line":109,"column":42}},"109":{"start":{"line":110,"column":0},"end":{"line":110,"column":28}},"110":{"start":{"line":111,"column":0},"end":{"line":111,"column":10}},"111":{"start":{"line":112,"column":0},"end":{"line":112,"column":0}},"112":{"start":{"line":113,"column":0},"end":{"line":113,"column":11}},"113":{"start":{"line":114,"column":0},"end":{"line":114,"column":42}},"114":{"start":{"line":115,"column":0},"end":{"line":115,"column":51}},"115":{"start":{"line":116,"column":0},"end":{"line":116,"column":29}},"116":{"start":{"line":117,"column":0},"end":{"line":117,"column":11}},"117":{"start":{"line":118,"column":0},"end":{"line":118,"column":48}},"118":{"start":{"line":119,"column":0},"end":{"line":119,"column":82}},"119":{"start":{"line":120,"column":0},"end":{"line":120,"column":33}},"120":{"start":{"line":121,"column":0},"end":{"line":121,"column":130}},"121":{"start":{"line":122,"column":0},"end":{"line":122,"column":0}},"122":{"start":{"line":123,"column":0},"end":{"line":123,"column":47}},"123":{"start":{"line":124,"column":0},"end":{"line":124,"column":33}},"124":{"start":{"line":125,"column":0},"end":{"line":125,"column":130}},"125":{"start":{"line":126,"column":0},"end":{"line":126,"column":13}},"126":{"start":{"line":127,"column":0},"end":{"line":127,"column":42}},"127":{"start":{"line":128,"column":0},"end":{"line":128,"column":28}},"128":{"start":{"line":129,"column":0},"end":{"line":129,"column":10}},"129":{"start":{"line":130,"column":0},"end":{"line":130,"column":0}},"130":{"start":{"line":131,"column":0},"end":{"line":131,"column":11}},"131":{"start":{"line":132,"column":0},"end":{"line":132,"column":50}},"132":{"start":{"line":133,"column":0},"end":{"line":133,"column":49}},"133":{"start":{"line":134,"column":0},"end":{"line":134,"column":126}},"134":{"start":{"line":135,"column":0},"end":{"line":135,"column":11}},"135":{"start":{"line":136,"column":0},"end":{"line":136,"column":41}},"136":{"start":{"line":137,"column":0},"end":{"line":137,"column":89}},"137":{"start":{"line":138,"column":0},"end":{"line":138,"column":35}},"138":{"start":{"line":139,"column":0},"end":{"line":139,"column":83}},"139":{"start":{"line":140,"column":0},"end":{"line":140,"column":10}},"140":{"start":{"line":141,"column":0},"end":{"line":141,"column":0}},"141":{"start":{"line":142,"column":0},"end":{"line":142,"column":11}},"142":{"start":{"line":143,"column":0},"end":{"line":143,"column":79}},"143":{"start":{"line":144,"column":0},"end":{"line":144,"column":45}},"144":{"start":{"line":145,"column":0},"end":{"line":145,"column":47}},"145":{"start":{"line":146,"column":0},"end":{"line":146,"column":80}},"146":{"start":{"line":147,"column":0},"end":{"line":147,"column":11}},"147":{"start":{"line":148,"column":0},"end":{"line":148,"column":57}},"148":{"start":{"line":149,"column":0},"end":{"line":149,"column":109}},"149":{"start":{"line":150,"column":0},"end":{"line":150,"column":37}},"150":{"start":{"line":151,"column":0},"end":{"line":151,"column":10}},"151":{"start":{"line":152,"column":0},"end":{"line":152,"column":0}},"152":{"start":{"line":153,"column":0},"end":{"line":153,"column":11}},"153":{"start":{"line":154,"column":0},"end":{"line":154,"column":57}},"154":{"start":{"line":155,"column":0},"end":{"line":155,"column":51}},"155":{"start":{"line":156,"column":0},"end":{"line":156,"column":62}},"156":{"start":{"line":157,"column":0},"end":{"line":157,"column":130}},"157":{"start":{"line":158,"column":0},"end":{"line":158,"column":11}},"158":{"start":{"line":159,"column":0},"end":{"line":159,"column":65}},"159":{"start":{"line":160,"column":0},"end":{"line":160,"column":173}},"160":{"start":{"line":161,"column":0},"end":{"line":161,"column":35}},"161":{"start":{"line":162,"column":0},"end":{"line":162,"column":131}},"162":{"start":{"line":163,"column":0},"end":{"line":163,"column":10}},"163":{"start":{"line":164,"column":0},"end":{"line":164,"column":0}},"164":{"start":{"line":165,"column":0},"end":{"line":165,"column":11}},"165":{"start":{"line":166,"column":0},"end":{"line":166,"column":54}},"166":{"start":{"line":167,"column":0},"end":{"line":167,"column":45}},"167":{"start":{"line":168,"column":0},"end":{"line":168,"column":59}},"168":{"start":{"line":169,"column":0},"end":{"line":169,"column":127}},"169":{"start":{"line":170,"column":0},"end":{"line":170,"column":11}},"170":{"start":{"line":171,"column":0},"end":{"line":171,"column":59}},"171":{"start":{"line":172,"column":0},"end":{"line":172,"column":164}},"172":{"start":{"line":173,"column":0},"end":{"line":173,"column":35}},"173":{"start":{"line":174,"column":0},"end":{"line":174,"column":125}},"174":{"start":{"line":175,"column":0},"end":{"line":175,"column":10}},"175":{"start":{"line":176,"column":0},"end":{"line":176,"column":0}},"176":{"start":{"line":177,"column":0},"end":{"line":177,"column":11}},"177":{"start":{"line":178,"column":0},"end":{"line":178,"column":67}},"178":{"start":{"line":179,"column":0},"end":{"line":179,"column":45}},"179":{"start":{"line":180,"column":0},"end":{"line":180,"column":112}},"180":{"start":{"line":181,"column":0},"end":{"line":181,"column":11}},"181":{"start":{"line":182,"column":0},"end":{"line":182,"column":52}},"182":{"start":{"line":183,"column":0},"end":{"line":183,"column":133}},"183":{"start":{"line":184,"column":0},"end":{"line":184,"column":35}},"184":{"start":{"line":185,"column":0},"end":{"line":185,"column":112}},"185":{"start":{"line":186,"column":0},"end":{"line":186,"column":10}},"186":{"start":{"line":187,"column":0},"end":{"line":187,"column":0}},"187":{"start":{"line":188,"column":0},"end":{"line":188,"column":11}},"188":{"start":{"line":189,"column":0},"end":{"line":189,"column":70}},"189":{"start":{"line":190,"column":0},"end":{"line":190,"column":51}},"190":{"start":{"line":191,"column":0},"end":{"line":191,"column":122}},"191":{"start":{"line":192,"column":0},"end":{"line":192,"column":11}},"192":{"start":{"line":193,"column":0},"end":{"line":193,"column":58}},"193":{"start":{"line":194,"column":0},"end":{"line":194,"column":148}},"194":{"start":{"line":195,"column":0},"end":{"line":195,"column":35}},"195":{"start":{"line":196,"column":0},"end":{"line":196,"column":118}},"196":{"start":{"line":197,"column":0},"end":{"line":197,"column":10}},"197":{"start":{"line":198,"column":0},"end":{"line":198,"column":0}},"198":{"start":{"line":199,"column":0},"end":{"line":199,"column":11}},"199":{"start":{"line":200,"column":0},"end":{"line":200,"column":59}},"200":{"start":{"line":201,"column":0},"end":{"line":201,"column":51}},"201":{"start":{"line":202,"column":0},"end":{"line":202,"column":41}},"202":{"start":{"line":203,"column":0},"end":{"line":203,"column":24}},"203":{"start":{"line":204,"column":0},"end":{"line":204,"column":11}},"204":{"start":{"line":205,"column":0},"end":{"line":205,"column":55}},"205":{"start":{"line":206,"column":0},"end":{"line":206,"column":111}},"206":{"start":{"line":207,"column":0},"end":{"line":207,"column":23}},"207":{"start":{"line":208,"column":0},"end":{"line":208,"column":10}},"208":{"start":{"line":209,"column":0},"end":{"line":209,"column":0}},"209":{"start":{"line":210,"column":0},"end":{"line":210,"column":11}},"210":{"start":{"line":211,"column":0},"end":{"line":211,"column":56}},"211":{"start":{"line":212,"column":0},"end":{"line":212,"column":45}},"212":{"start":{"line":213,"column":0},"end":{"line":213,"column":41}},"213":{"start":{"line":214,"column":0},"end":{"line":214,"column":24}},"214":{"start":{"line":215,"column":0},"end":{"line":215,"column":11}},"215":{"start":{"line":216,"column":0},"end":{"line":216,"column":49}},"216":{"start":{"line":217,"column":0},"end":{"line":217,"column":102}},"217":{"start":{"line":218,"column":0},"end":{"line":218,"column":23}},"218":{"start":{"line":219,"column":0},"end":{"line":219,"column":10}},"219":{"start":{"line":220,"column":0},"end":{"line":220,"column":0}},"220":{"start":{"line":221,"column":0},"end":{"line":221,"column":11}},"221":{"start":{"line":222,"column":0},"end":{"line":222,"column":59}},"222":{"start":{"line":223,"column":0},"end":{"line":223,"column":51}},"223":{"start":{"line":224,"column":0},"end":{"line":224,"column":24}},"224":{"start":{"line":225,"column":0},"end":{"line":225,"column":11}},"225":{"start":{"line":226,"column":0},"end":{"line":226,"column":47}},"226":{"start":{"line":227,"column":0},"end":{"line":227,"column":88}},"227":{"start":{"line":228,"column":0},"end":{"line":228,"column":23}},"228":{"start":{"line":229,"column":0},"end":{"line":229,"column":10}},"229":{"start":{"line":230,"column":0},"end":{"line":230,"column":0}},"230":{"start":{"line":231,"column":0},"end":{"line":231,"column":11}},"231":{"start":{"line":232,"column":0},"end":{"line":232,"column":56}},"232":{"start":{"line":233,"column":0},"end":{"line":233,"column":45}},"233":{"start":{"line":234,"column":0},"end":{"line":234,"column":24}},"234":{"start":{"line":235,"column":0},"end":{"line":235,"column":11}},"235":{"start":{"line":236,"column":0},"end":{"line":236,"column":41}},"236":{"start":{"line":237,"column":0},"end":{"line":237,"column":79}},"237":{"start":{"line":238,"column":0},"end":{"line":238,"column":23}},"238":{"start":{"line":239,"column":0},"end":{"line":239,"column":10}},"239":{"start":{"line":240,"column":0},"end":{"line":240,"column":0}},"240":{"start":{"line":241,"column":0},"end":{"line":241,"column":11}},"241":{"start":{"line":242,"column":0},"end":{"line":242,"column":26}},"242":{"start":{"line":243,"column":0},"end":{"line":243,"column":51}},"243":{"start":{"line":244,"column":0},"end":{"line":244,"column":24}},"244":{"start":{"line":245,"column":0},"end":{"line":245,"column":11}},"245":{"start":{"line":246,"column":0},"end":{"line":246,"column":43}},"246":{"start":{"line":247,"column":0},"end":{"line":247,"column":88}},"247":{"start":{"line":248,"column":0},"end":{"line":248,"column":76}},"248":{"start":{"line":249,"column":0},"end":{"line":249,"column":23}},"249":{"start":{"line":250,"column":0},"end":{"line":250,"column":10}},"250":{"start":{"line":251,"column":0},"end":{"line":251,"column":0}},"251":{"start":{"line":252,"column":0},"end":{"line":252,"column":11}},"252":{"start":{"line":253,"column":0},"end":{"line":253,"column":23}},"253":{"start":{"line":254,"column":0},"end":{"line":254,"column":45}},"254":{"start":{"line":255,"column":0},"end":{"line":255,"column":24}},"255":{"start":{"line":256,"column":0},"end":{"line":256,"column":11}},"256":{"start":{"line":257,"column":0},"end":{"line":257,"column":37}},"257":{"start":{"line":258,"column":0},"end":{"line":258,"column":79}},"258":{"start":{"line":259,"column":0},"end":{"line":259,"column":70}},"259":{"start":{"line":260,"column":0},"end":{"line":260,"column":23}},"260":{"start":{"line":261,"column":0},"end":{"line":261,"column":10}},"261":{"start":{"line":262,"column":0},"end":{"line":262,"column":0}},"262":{"start":{"line":263,"column":0},"end":{"line":263,"column":11}},"263":{"start":{"line":264,"column":0},"end":{"line":264,"column":65}},"264":{"start":{"line":265,"column":0},"end":{"line":265,"column":59}},"265":{"start":{"line":266,"column":0},"end":{"line":266,"column":61}},"266":{"start":{"line":267,"column":0},"end":{"line":267,"column":50}},"267":{"start":{"line":268,"column":0},"end":{"line":268,"column":100}},"268":{"start":{"line":269,"column":0},"end":{"line":269,"column":11}},"269":{"start":{"line":270,"column":0},"end":{"line":270,"column":59}},"270":{"start":{"line":271,"column":0},"end":{"line":271,"column":59}},"271":{"start":{"line":272,"column":0},"end":{"line":272,"column":62}},"272":{"start":{"line":273,"column":0},"end":{"line":273,"column":146}},"273":{"start":{"line":274,"column":0},"end":{"line":274,"column":127}},"274":{"start":{"line":275,"column":0},"end":{"line":275,"column":10}},"275":{"start":{"line":276,"column":0},"end":{"line":276,"column":0}},"276":{"start":{"line":277,"column":0},"end":{"line":277,"column":11}},"277":{"start":{"line":278,"column":0},"end":{"line":278,"column":33}},"278":{"start":{"line":279,"column":0},"end":{"line":279,"column":45}},"279":{"start":{"line":280,"column":0},"end":{"line":280,"column":38}},"280":{"start":{"line":281,"column":0},"end":{"line":281,"column":11}},"281":{"start":{"line":282,"column":0},"end":{"line":282,"column":41}},"282":{"start":{"line":283,"column":0},"end":{"line":283,"column":89}},"283":{"start":{"line":284,"column":0},"end":{"line":284,"column":33}},"284":{"start":{"line":285,"column":0},"end":{"line":285,"column":93}},"285":{"start":{"line":286,"column":0},"end":{"line":286,"column":10}},"286":{"start":{"line":287,"column":0},"end":{"line":287,"column":0}},"287":{"start":{"line":288,"column":0},"end":{"line":288,"column":11}},"288":{"start":{"line":289,"column":0},"end":{"line":289,"column":88}},"289":{"start":{"line":290,"column":0},"end":{"line":290,"column":47}},"290":{"start":{"line":291,"column":0},"end":{"line":291,"column":58}},"291":{"start":{"line":292,"column":0},"end":{"line":292,"column":11}},"292":{"start":{"line":293,"column":0},"end":{"line":293,"column":44}},"293":{"start":{"line":294,"column":0},"end":{"line":294,"column":158}},"294":{"start":{"line":295,"column":0},"end":{"line":295,"column":33}},"295":{"start":{"line":296,"column":0},"end":{"line":296,"column":23}},"296":{"start":{"line":297,"column":0},"end":{"line":297,"column":10}},"297":{"start":{"line":298,"column":0},"end":{"line":298,"column":0}},"298":{"start":{"line":299,"column":0},"end":{"line":299,"column":11}},"299":{"start":{"line":300,"column":0},"end":{"line":300,"column":83}},"300":{"start":{"line":301,"column":0},"end":{"line":301,"column":47}},"301":{"start":{"line":302,"column":0},"end":{"line":302,"column":48}},"302":{"start":{"line":303,"column":0},"end":{"line":303,"column":11}},"303":{"start":{"line":304,"column":0},"end":{"line":304,"column":43}},"304":{"start":{"line":305,"column":0},"end":{"line":305,"column":154}},"305":{"start":{"line":306,"column":0},"end":{"line":306,"column":45}},"306":{"start":{"line":307,"column":0},"end":{"line":307,"column":30}},"307":{"start":{"line":308,"column":0},"end":{"line":308,"column":183}},"308":{"start":{"line":309,"column":0},"end":{"line":309,"column":70}},"309":{"start":{"line":310,"column":0},"end":{"line":310,"column":84}},"310":{"start":{"line":311,"column":0},"end":{"line":311,"column":91}},"311":{"start":{"line":312,"column":0},"end":{"line":312,"column":90}},"312":{"start":{"line":313,"column":0},"end":{"line":313,"column":129}},"313":{"start":{"line":314,"column":0},"end":{"line":314,"column":132}},"314":{"start":{"line":315,"column":0},"end":{"line":315,"column":90}},"315":{"start":{"line":316,"column":0},"end":{"line":316,"column":163}},"316":{"start":{"line":317,"column":0},"end":{"line":317,"column":211}},"317":{"start":{"line":318,"column":0},"end":{"line":318,"column":133}},"318":{"start":{"line":319,"column":0},"end":{"line":319,"column":10}},"319":{"start":{"line":320,"column":0},"end":{"line":320,"column":0}},"320":{"start":{"line":321,"column":0},"end":{"line":321,"column":11}},"321":{"start":{"line":322,"column":0},"end":{"line":322,"column":93}},"322":{"start":{"line":323,"column":0},"end":{"line":323,"column":43}},"323":{"start":{"line":324,"column":0},"end":{"line":324,"column":52}},"324":{"start":{"line":325,"column":0},"end":{"line":325,"column":54}},"325":{"start":{"line":326,"column":0},"end":{"line":326,"column":60}},"326":{"start":{"line":327,"column":0},"end":{"line":327,"column":86}},"327":{"start":{"line":328,"column":0},"end":{"line":328,"column":11}},"328":{"start":{"line":329,"column":0},"end":{"line":329,"column":65}},"329":{"start":{"line":330,"column":0},"end":{"line":330,"column":41}},"330":{"start":{"line":331,"column":0},"end":{"line":331,"column":0}},"331":{"start":{"line":332,"column":0},"end":{"line":332,"column":0}},"332":{"start":{"line":333,"column":0},"end":{"line":333,"column":57}},"333":{"start":{"line":334,"column":0},"end":{"line":334,"column":70}},"334":{"start":{"line":335,"column":0},"end":{"line":335,"column":87}},"335":{"start":{"line":336,"column":0},"end":{"line":336,"column":75}},"336":{"start":{"line":337,"column":0},"end":{"line":337,"column":84}},"337":{"start":{"line":338,"column":0},"end":{"line":338,"column":83}},"338":{"start":{"line":339,"column":0},"end":{"line":339,"column":175}},"339":{"start":{"line":340,"column":0},"end":{"line":340,"column":0}},"340":{"start":{"line":341,"column":0},"end":{"line":341,"column":37}},"341":{"start":{"line":342,"column":0},"end":{"line":342,"column":76}},"342":{"start":{"line":343,"column":0},"end":{"line":343,"column":0}},"343":{"start":{"line":344,"column":0},"end":{"line":344,"column":56}},"344":{"start":{"line":345,"column":0},"end":{"line":345,"column":69}},"345":{"start":{"line":346,"column":0},"end":{"line":346,"column":86}},"346":{"start":{"line":347,"column":0},"end":{"line":347,"column":74}},"347":{"start":{"line":348,"column":0},"end":{"line":348,"column":83}},"348":{"start":{"line":349,"column":0},"end":{"line":349,"column":82}},"349":{"start":{"line":350,"column":0},"end":{"line":350,"column":148}},"350":{"start":{"line":351,"column":0},"end":{"line":351,"column":107}},"351":{"start":{"line":352,"column":0},"end":{"line":352,"column":0}},"352":{"start":{"line":353,"column":0},"end":{"line":353,"column":71}},"353":{"start":{"line":354,"column":0},"end":{"line":354,"column":100}},"354":{"start":{"line":355,"column":0},"end":{"line":355,"column":28}},"355":{"start":{"line":356,"column":0},"end":{"line":356,"column":68}},"356":{"start":{"line":357,"column":0},"end":{"line":357,"column":45}},"357":{"start":{"line":358,"column":0},"end":{"line":358,"column":89}},"358":{"start":{"line":359,"column":0},"end":{"line":359,"column":0}},"359":{"start":{"line":360,"column":0},"end":{"line":360,"column":99}},"360":{"start":{"line":361,"column":0},"end":{"line":361,"column":17}},"361":{"start":{"line":362,"column":0},"end":{"line":362,"column":0}},"362":{"start":{"line":363,"column":0},"end":{"line":363,"column":42}},"363":{"start":{"line":364,"column":0},"end":{"line":364,"column":13}},"364":{"start":{"line":365,"column":0},"end":{"line":365,"column":45}},"365":{"start":{"line":366,"column":0},"end":{"line":366,"column":83}},"366":{"start":{"line":367,"column":0},"end":{"line":367,"column":13}},"367":{"start":{"line":368,"column":0},"end":{"line":368,"column":24}},"368":{"start":{"line":369,"column":0},"end":{"line":369,"column":10}},"369":{"start":{"line":370,"column":0},"end":{"line":370,"column":0}},"370":{"start":{"line":371,"column":0},"end":{"line":371,"column":11}},"371":{"start":{"line":372,"column":0},"end":{"line":372,"column":99}},"372":{"start":{"line":373,"column":0},"end":{"line":373,"column":43}},"373":{"start":{"line":374,"column":0},"end":{"line":374,"column":52}},"374":{"start":{"line":375,"column":0},"end":{"line":375,"column":54}},"375":{"start":{"line":376,"column":0},"end":{"line":376,"column":64}},"376":{"start":{"line":377,"column":0},"end":{"line":377,"column":74}},"377":{"start":{"line":378,"column":0},"end":{"line":378,"column":11}},"378":{"start":{"line":379,"column":0},"end":{"line":379,"column":64}},"379":{"start":{"line":380,"column":0},"end":{"line":380,"column":46}},"380":{"start":{"line":381,"column":0},"end":{"line":381,"column":60}},"381":{"start":{"line":382,"column":0},"end":{"line":382,"column":70}},"382":{"start":{"line":383,"column":0},"end":{"line":383,"column":87}},"383":{"start":{"line":384,"column":0},"end":{"line":384,"column":75}},"384":{"start":{"line":385,"column":0},"end":{"line":385,"column":84}},"385":{"start":{"line":386,"column":0},"end":{"line":386,"column":83}},"386":{"start":{"line":387,"column":0},"end":{"line":387,"column":175}},"387":{"start":{"line":388,"column":0},"end":{"line":388,"column":56}},"388":{"start":{"line":389,"column":0},"end":{"line":389,"column":94}},"389":{"start":{"line":390,"column":0},"end":{"line":390,"column":69}},"390":{"start":{"line":391,"column":0},"end":{"line":391,"column":86}},"391":{"start":{"line":392,"column":0},"end":{"line":392,"column":74}},"392":{"start":{"line":393,"column":0},"end":{"line":393,"column":83}},"393":{"start":{"line":394,"column":0},"end":{"line":394,"column":82}},"394":{"start":{"line":395,"column":0},"end":{"line":395,"column":154}},"395":{"start":{"line":396,"column":0},"end":{"line":396,"column":36}},"396":{"start":{"line":397,"column":0},"end":{"line":397,"column":106}},"397":{"start":{"line":398,"column":0},"end":{"line":398,"column":10}},"398":{"start":{"line":399,"column":0},"end":{"line":399,"column":0}},"399":{"start":{"line":400,"column":0},"end":{"line":400,"column":11}},"400":{"start":{"line":401,"column":0},"end":{"line":401,"column":100}},"401":{"start":{"line":402,"column":0},"end":{"line":402,"column":47}},"402":{"start":{"line":403,"column":0},"end":{"line":403,"column":52}},"403":{"start":{"line":404,"column":0},"end":{"line":404,"column":54}},"404":{"start":{"line":405,"column":0},"end":{"line":405,"column":64}},"405":{"start":{"line":406,"column":0},"end":{"line":406,"column":60}},"406":{"start":{"line":407,"column":0},"end":{"line":407,"column":120}},"407":{"start":{"line":408,"column":0},"end":{"line":408,"column":11}},"408":{"start":{"line":409,"column":0},"end":{"line":409,"column":77}},"409":{"start":{"line":410,"column":0},"end":{"line":410,"column":46}},"410":{"start":{"line":411,"column":0},"end":{"line":411,"column":42}},"411":{"start":{"line":412,"column":0},"end":{"line":412,"column":59}},"412":{"start":{"line":413,"column":0},"end":{"line":413,"column":64}},"413":{"start":{"line":414,"column":0},"end":{"line":414,"column":74}},"414":{"start":{"line":415,"column":0},"end":{"line":415,"column":83}},"415":{"start":{"line":416,"column":0},"end":{"line":416,"column":82}},"416":{"start":{"line":417,"column":0},"end":{"line":417,"column":102}},"417":{"start":{"line":418,"column":0},"end":{"line":418,"column":63}},"418":{"start":{"line":419,"column":0},"end":{"line":419,"column":71}},"419":{"start":{"line":420,"column":0},"end":{"line":420,"column":74}},"420":{"start":{"line":421,"column":0},"end":{"line":421,"column":96}},"421":{"start":{"line":422,"column":0},"end":{"line":422,"column":88}},"422":{"start":{"line":423,"column":0},"end":{"line":423,"column":33}},"423":{"start":{"line":424,"column":0},"end":{"line":424,"column":73}},"424":{"start":{"line":425,"column":0},"end":{"line":425,"column":10}},"425":{"start":{"line":426,"column":0},"end":{"line":426,"column":0}},"426":{"start":{"line":427,"column":0},"end":{"line":427,"column":11}},"427":{"start":{"line":428,"column":0},"end":{"line":428,"column":83}},"428":{"start":{"line":429,"column":0},"end":{"line":429,"column":51}},"429":{"start":{"line":430,"column":0},"end":{"line":430,"column":51}},"430":{"start":{"line":431,"column":0},"end":{"line":431,"column":64}},"431":{"start":{"line":432,"column":0},"end":{"line":432,"column":60}},"432":{"start":{"line":433,"column":0},"end":{"line":433,"column":24}},"433":{"start":{"line":434,"column":0},"end":{"line":434,"column":11}},"434":{"start":{"line":435,"column":0},"end":{"line":435,"column":73}},"435":{"start":{"line":436,"column":0},"end":{"line":436,"column":46}},"436":{"start":{"line":437,"column":0},"end":{"line":437,"column":42}},"437":{"start":{"line":438,"column":0},"end":{"line":438,"column":166}},"438":{"start":{"line":439,"column":0},"end":{"line":439,"column":23}},"439":{"start":{"line":440,"column":0},"end":{"line":440,"column":10}},"440":{"start":{"line":441,"column":0},"end":{"line":441,"column":0}},"441":{"start":{"line":442,"column":0},"end":{"line":442,"column":11}},"442":{"start":{"line":443,"column":0},"end":{"line":443,"column":72}},"443":{"start":{"line":444,"column":0},"end":{"line":444,"column":45}},"444":{"start":{"line":445,"column":0},"end":{"line":445,"column":81}},"445":{"start":{"line":446,"column":0},"end":{"line":446,"column":11}},"446":{"start":{"line":447,"column":0},"end":{"line":447,"column":44}},"447":{"start":{"line":448,"column":0},"end":{"line":448,"column":344}},"448":{"start":{"line":449,"column":0},"end":{"line":449,"column":33}},"449":{"start":{"line":450,"column":0},"end":{"line":450,"column":132}},"450":{"start":{"line":451,"column":0},"end":{"line":451,"column":10}},"451":{"start":{"line":452,"column":0},"end":{"line":452,"column":0}},"452":{"start":{"line":453,"column":0},"end":{"line":453,"column":11}},"453":{"start":{"line":454,"column":0},"end":{"line":454,"column":56}},"454":{"start":{"line":455,"column":0},"end":{"line":455,"column":61}},"455":{"start":{"line":456,"column":0},"end":{"line":456,"column":60}},"456":{"start":{"line":457,"column":0},"end":{"line":457,"column":11}},"457":{"start":{"line":458,"column":0},"end":{"line":458,"column":46}},"458":{"start":{"line":459,"column":0},"end":{"line":459,"column":108}},"459":{"start":{"line":460,"column":0},"end":{"line":460,"column":33}},"460":{"start":{"line":461,"column":0},"end":{"line":461,"column":67}},"461":{"start":{"line":462,"column":0},"end":{"line":462,"column":10}},"462":{"start":{"line":463,"column":0},"end":{"line":463,"column":0}},"463":{"start":{"line":464,"column":0},"end":{"line":464,"column":11}},"464":{"start":{"line":465,"column":0},"end":{"line":465,"column":62}},"465":{"start":{"line":466,"column":0},"end":{"line":466,"column":51}},"466":{"start":{"line":467,"column":0},"end":{"line":467,"column":67}},"467":{"start":{"line":468,"column":0},"end":{"line":468,"column":11}},"468":{"start":{"line":469,"column":0},"end":{"line":469,"column":52}},"469":{"start":{"line":470,"column":0},"end":{"line":470,"column":187}},"470":{"start":{"line":471,"column":0},"end":{"line":471,"column":69}},"471":{"start":{"line":472,"column":0},"end":{"line":472,"column":86}},"472":{"start":{"line":473,"column":0},"end":{"line":473,"column":74}},"473":{"start":{"line":474,"column":0},"end":{"line":474,"column":83}},"474":{"start":{"line":475,"column":0},"end":{"line":475,"column":82}},"475":{"start":{"line":476,"column":0},"end":{"line":476,"column":80}},"476":{"start":{"line":477,"column":0},"end":{"line":477,"column":84}},"477":{"start":{"line":478,"column":0},"end":{"line":478,"column":322}},"478":{"start":{"line":479,"column":0},"end":{"line":479,"column":23}},"479":{"start":{"line":480,"column":0},"end":{"line":480,"column":10}},"480":{"start":{"line":481,"column":0},"end":{"line":481,"column":0}},"481":{"start":{"line":482,"column":0},"end":{"line":482,"column":11}},"482":{"start":{"line":483,"column":0},"end":{"line":483,"column":59}},"483":{"start":{"line":484,"column":0},"end":{"line":484,"column":51}},"484":{"start":{"line":485,"column":0},"end":{"line":485,"column":56}},"485":{"start":{"line":486,"column":0},"end":{"line":486,"column":24}},"486":{"start":{"line":487,"column":0},"end":{"line":487,"column":11}},"487":{"start":{"line":488,"column":0},"end":{"line":488,"column":70}},"488":{"start":{"line":489,"column":0},"end":{"line":489,"column":127}},"489":{"start":{"line":490,"column":0},"end":{"line":490,"column":23}},"490":{"start":{"line":491,"column":0},"end":{"line":491,"column":10}},"491":{"start":{"line":492,"column":0},"end":{"line":492,"column":0}},"492":{"start":{"line":493,"column":0},"end":{"line":493,"column":11}},"493":{"start":{"line":494,"column":0},"end":{"line":494,"column":63}},"494":{"start":{"line":495,"column":0},"end":{"line":495,"column":47}},"495":{"start":{"line":496,"column":0},"end":{"line":496,"column":65}},"496":{"start":{"line":497,"column":0},"end":{"line":497,"column":11}},"497":{"start":{"line":498,"column":0},"end":{"line":498,"column":47}},"498":{"start":{"line":499,"column":0},"end":{"line":499,"column":180}},"499":{"start":{"line":500,"column":0},"end":{"line":500,"column":75}},"500":{"start":{"line":501,"column":0},"end":{"line":501,"column":33}},"501":{"start":{"line":502,"column":0},"end":{"line":502,"column":265}},"502":{"start":{"line":503,"column":0},"end":{"line":503,"column":10}},"503":{"start":{"line":504,"column":0},"end":{"line":504,"column":0}},"504":{"start":{"line":505,"column":0},"end":{"line":505,"column":11}},"505":{"start":{"line":506,"column":0},"end":{"line":506,"column":25}},"506":{"start":{"line":507,"column":0},"end":{"line":507,"column":64}},"507":{"start":{"line":508,"column":0},"end":{"line":508,"column":47}},"508":{"start":{"line":509,"column":0},"end":{"line":509,"column":55}},"509":{"start":{"line":510,"column":0},"end":{"line":510,"column":57}},"510":{"start":{"line":511,"column":0},"end":{"line":511,"column":53}},"511":{"start":{"line":512,"column":0},"end":{"line":512,"column":63}},"512":{"start":{"line":513,"column":0},"end":{"line":513,"column":11}},"513":{"start":{"line":514,"column":0},"end":{"line":514,"column":71}},"514":{"start":{"line":515,"column":0},"end":{"line":515,"column":188}},"515":{"start":{"line":516,"column":0},"end":{"line":516,"column":35}},"516":{"start":{"line":517,"column":0},"end":{"line":517,"column":10}},"517":{"start":{"line":518,"column":0},"end":{"line":518,"column":0}},"518":{"start":{"line":519,"column":0},"end":{"line":519,"column":11}},"519":{"start":{"line":520,"column":0},"end":{"line":520,"column":23}},"520":{"start":{"line":521,"column":0},"end":{"line":521,"column":64}},"521":{"start":{"line":522,"column":0},"end":{"line":522,"column":61}},"522":{"start":{"line":523,"column":0},"end":{"line":523,"column":11}},"523":{"start":{"line":524,"column":0},"end":{"line":524,"column":34}},"524":{"start":{"line":525,"column":0},"end":{"line":525,"column":118}},"525":{"start":{"line":526,"column":0},"end":{"line":526,"column":35}},"526":{"start":{"line":527,"column":0},"end":{"line":527,"column":10}},"527":{"start":{"line":528,"column":0},"end":{"line":528,"column":0}},"528":{"start":{"line":529,"column":0},"end":{"line":529,"column":11}},"529":{"start":{"line":530,"column":0},"end":{"line":530,"column":27}},"530":{"start":{"line":531,"column":0},"end":{"line":531,"column":64}},"531":{"start":{"line":532,"column":0},"end":{"line":532,"column":51}},"532":{"start":{"line":533,"column":0},"end":{"line":533,"column":49}},"533":{"start":{"line":534,"column":0},"end":{"line":534,"column":65}},"534":{"start":{"line":535,"column":0},"end":{"line":535,"column":11}},"535":{"start":{"line":536,"column":0},"end":{"line":536,"column":49}},"536":{"start":{"line":537,"column":0},"end":{"line":537,"column":99}},"537":{"start":{"line":538,"column":0},"end":{"line":538,"column":43}},"538":{"start":{"line":539,"column":0},"end":{"line":539,"column":35}},"539":{"start":{"line":540,"column":0},"end":{"line":540,"column":139}},"540":{"start":{"line":541,"column":0},"end":{"line":541,"column":43}},"541":{"start":{"line":542,"column":0},"end":{"line":542,"column":10}},"542":{"start":{"line":543,"column":0},"end":{"line":543,"column":0}},"543":{"start":{"line":544,"column":0},"end":{"line":544,"column":11}},"544":{"start":{"line":545,"column":0},"end":{"line":545,"column":45}},"545":{"start":{"line":546,"column":0},"end":{"line":546,"column":47}},"546":{"start":{"line":547,"column":0},"end":{"line":547,"column":74}},"547":{"start":{"line":548,"column":0},"end":{"line":548,"column":69}},"548":{"start":{"line":549,"column":0},"end":{"line":549,"column":76}},"549":{"start":{"line":550,"column":0},"end":{"line":550,"column":63}},"550":{"start":{"line":551,"column":0},"end":{"line":551,"column":11}},"551":{"start":{"line":552,"column":0},"end":{"line":552,"column":72}},"552":{"start":{"line":553,"column":0},"end":{"line":553,"column":103}},"553":{"start":{"line":554,"column":0},"end":{"line":554,"column":43}},"554":{"start":{"line":555,"column":0},"end":{"line":555,"column":35}},"555":{"start":{"line":556,"column":0},"end":{"line":556,"column":185}},"556":{"start":{"line":557,"column":0},"end":{"line":557,"column":22}},"557":{"start":{"line":558,"column":0},"end":{"line":558,"column":10}},"558":{"start":{"line":559,"column":0},"end":{"line":559,"column":0}},"559":{"start":{"line":560,"column":0},"end":{"line":560,"column":11}},"560":{"start":{"line":561,"column":0},"end":{"line":561,"column":44}},"561":{"start":{"line":562,"column":0},"end":{"line":562,"column":47}},"562":{"start":{"line":563,"column":0},"end":{"line":563,"column":49}},"563":{"start":{"line":564,"column":0},"end":{"line":564,"column":11}},"564":{"start":{"line":565,"column":0},"end":{"line":565,"column":36}},"565":{"start":{"line":566,"column":0},"end":{"line":566,"column":134}},"566":{"start":{"line":567,"column":0},"end":{"line":567,"column":33}},"567":{"start":{"line":568,"column":0},"end":{"line":568,"column":141}},"568":{"start":{"line":569,"column":0},"end":{"line":569,"column":10}},"569":{"start":{"line":570,"column":0},"end":{"line":570,"column":0}},"570":{"start":{"line":571,"column":0},"end":{"line":571,"column":11}},"571":{"start":{"line":572,"column":0},"end":{"line":572,"column":54}},"572":{"start":{"line":573,"column":0},"end":{"line":573,"column":47}},"573":{"start":{"line":574,"column":0},"end":{"line":574,"column":61}},"574":{"start":{"line":575,"column":0},"end":{"line":575,"column":66}},"575":{"start":{"line":576,"column":0},"end":{"line":576,"column":24}},"576":{"start":{"line":577,"column":0},"end":{"line":577,"column":11}},"577":{"start":{"line":578,"column":0},"end":{"line":578,"column":65}},"578":{"start":{"line":579,"column":0},"end":{"line":579,"column":150}},"579":{"start":{"line":580,"column":0},"end":{"line":580,"column":43}},"580":{"start":{"line":581,"column":0},"end":{"line":581,"column":10}},"581":{"start":{"line":582,"column":0},"end":{"line":582,"column":0}},"582":{"start":{"line":583,"column":0},"end":{"line":583,"column":11}},"583":{"start":{"line":584,"column":0},"end":{"line":584,"column":54}},"584":{"start":{"line":585,"column":0},"end":{"line":585,"column":47}},"585":{"start":{"line":586,"column":0},"end":{"line":586,"column":80}},"586":{"start":{"line":587,"column":0},"end":{"line":587,"column":11}},"587":{"start":{"line":588,"column":0},"end":{"line":588,"column":35}},"588":{"start":{"line":589,"column":0},"end":{"line":589,"column":127}},"589":{"start":{"line":590,"column":0},"end":{"line":590,"column":33}},"590":{"start":{"line":591,"column":0},"end":{"line":591,"column":134}},"591":{"start":{"line":592,"column":0},"end":{"line":592,"column":10}},"592":{"start":{"line":593,"column":0},"end":{"line":593,"column":0}},"593":{"start":{"line":594,"column":0},"end":{"line":594,"column":11}},"594":{"start":{"line":595,"column":0},"end":{"line":595,"column":45}},"595":{"start":{"line":596,"column":0},"end":{"line":596,"column":47}},"596":{"start":{"line":597,"column":0},"end":{"line":597,"column":50}},"597":{"start":{"line":598,"column":0},"end":{"line":598,"column":54}},"598":{"start":{"line":599,"column":0},"end":{"line":599,"column":72}},"599":{"start":{"line":600,"column":0},"end":{"line":600,"column":24}},"600":{"start":{"line":601,"column":0},"end":{"line":601,"column":11}},"601":{"start":{"line":602,"column":0},"end":{"line":602,"column":82}},"602":{"start":{"line":603,"column":0},"end":{"line":603,"column":185}},"603":{"start":{"line":604,"column":0},"end":{"line":604,"column":23}},"604":{"start":{"line":605,"column":0},"end":{"line":605,"column":10}},"605":{"start":{"line":606,"column":0},"end":{"line":606,"column":0}},"606":{"start":{"line":607,"column":0},"end":{"line":607,"column":11}},"607":{"start":{"line":608,"column":0},"end":{"line":608,"column":115}},"608":{"start":{"line":609,"column":0},"end":{"line":609,"column":53}},"609":{"start":{"line":610,"column":0},"end":{"line":610,"column":10}},"610":{"start":{"line":611,"column":0},"end":{"line":611,"column":47}},"611":{"start":{"line":612,"column":0},"end":{"line":612,"column":47}},"612":{"start":{"line":613,"column":0},"end":{"line":613,"column":17}},"613":{"start":{"line":614,"column":0},"end":{"line":614,"column":41}},"614":{"start":{"line":615,"column":0},"end":{"line":615,"column":32}},"615":{"start":{"line":616,"column":0},"end":{"line":616,"column":23}},"616":{"start":{"line":617,"column":0},"end":{"line":617,"column":44}},"617":{"start":{"line":618,"column":0},"end":{"line":618,"column":32}},"618":{"start":{"line":619,"column":0},"end":{"line":619,"column":13}},"619":{"start":{"line":620,"column":0},"end":{"line":620,"column":9}},"620":{"start":{"line":621,"column":0},"end":{"line":621,"column":5}},"621":{"start":{"line":622,"column":0},"end":{"line":622,"column":1}}},"s":{"0":1,"1":1,"2":1,"3":1,"4":1,"5":1,"6":1,"7":32,"8":32,"9":32,"10":32,"11":32,"12":32,"13":32,"14":0,"15":0,"16":0,"17":0,"18":32,"19":32,"20":32,"21":32,"22":32,"23":32,"24":32,"25":32,"26":32,"27":32,"28":32,"29":32,"30":4,"31":4,"32":4,"33":32,"34":32,"35":32,"36":32,"37":32,"38":32,"39":32,"40":32,"41":32,"42":32,"43":5,"44":4,"45":4,"46":32,"47":32,"48":32,"49":32,"50":32,"51":32,"52":32,"53":32,"54":3,"55":3,"56":3,"57":32,"58":32,"59":32,"60":32,"61":32,"62":32,"63":32,"64":32,"65":3,"66":3,"67":3,"68":32,"69":32,"70":32,"71":32,"72":32,"73":32,"74":32,"75":32,"76":32,"77":1,"78":1,"79":1,"80":32,"81":32,"82":32,"83":32,"84":32,"85":32,"86":32,"87":32,"88":32,"89":1,"90":1,"91":1,"92":32,"93":32,"94":32,"95":32,"96":32,"97":32,"98":32,"99":32,"100":1,"101":1,"102":1,"103":1,"104":1,"105":0,"106":0,"107":0,"108":1,"109":1,"110":32,"111":32,"112":32,"113":32,"114":32,"115":32,"116":32,"117":32,"118":1,"119":1,"120":1,"121":1,"122":1,"123":0,"124":0,"125":0,"126":1,"127":1,"128":32,"129":32,"130":32,"131":32,"132":32,"133":32,"134":32,"135":32,"136":0,"137":0,"138":0,"139":32,"140":32,"141":32,"142":32,"143":32,"144":32,"145":32,"146":32,"147":32,"148":0,"149":0,"150":32,"151":32,"152":32,"153":32,"154":32,"155":32,"156":32,"157":32,"158":32,"159":3,"160":3,"161":3,"162":32,"163":32,"164":32,"165":32,"166":32,"167":32,"168":32,"169":32,"170":32,"171":3,"172":3,"173":3,"174":32,"175":32,"176":32,"177":32,"178":32,"179":32,"180":32,"181":32,"182":3,"183":3,"184":3,"185":32,"186":32,"187":32,"188":32,"189":32,"190":32,"191":32,"192":32,"193":3,"194":3,"195":3,"196":32,"197":32,"198":32,"199":32,"200":32,"201":32,"202":32,"203":32,"204":32,"205":0,"206":0,"207":32,"208":32,"209":32,"210":32,"211":32,"212":32,"213":32,"214":32,"215":32,"216":0,"217":0,"218":32,"219":32,"220":32,"221":32,"222":32,"223":32,"224":32,"225":32,"226":1,"227":1,"228":32,"229":32,"230":32,"231":32,"232":32,"233":32,"234":32,"235":32,"236":1,"237":1,"238":32,"239":32,"240":32,"241":32,"242":32,"243":32,"244":32,"245":32,"246":1,"247":1,"248":1,"249":32,"250":32,"251":32,"252":32,"253":32,"254":32,"255":32,"256":32,"257":1,"258":1,"259":1,"260":32,"261":32,"262":32,"263":32,"264":32,"265":32,"266":32,"267":32,"268":32,"269":32,"270":0,"271":0,"272":0,"273":0,"274":32,"275":32,"276":32,"277":32,"278":32,"279":32,"280":32,"281":32,"282":0,"283":0,"284":0,"285":32,"286":32,"287":32,"288":32,"289":32,"290":32,"291":32,"292":32,"293":0,"294":0,"295":0,"296":32,"297":32,"298":32,"299":32,"300":32,"301":32,"302":32,"303":32,"304":0,"305":0,"306":0,"307":0,"308":0,"309":0,"310":0,"311":0,"312":0,"313":0,"314":0,"315":0,"316":0,"317":0,"318":32,"319":32,"320":32,"321":32,"322":32,"323":32,"324":32,"325":32,"326":32,"327":32,"328":32,"329":0,"330":0,"331":0,"332":0,"333":0,"334":0,"335":0,"336":0,"337":0,"338":0,"339":0,"340":0,"341":0,"342":0,"343":0,"344":0,"345":0,"346":0,"347":0,"348":0,"349":0,"350":0,"351":0,"352":0,"353":0,"354":0,"355":0,"356":0,"357":0,"358":0,"359":0,"360":0,"361":0,"362":0,"363":0,"364":0,"365":0,"366":0,"367":0,"368":32,"369":32,"370":32,"371":32,"372":32,"373":32,"374":32,"375":32,"376":32,"377":32,"378":32,"379":0,"380":0,"381":0,"382":0,"383":0,"384":0,"385":0,"386":0,"387":0,"388":0,"389":0,"390":0,"391":0,"392":0,"393":0,"394":0,"395":0,"396":0,"397":32,"398":32,"399":32,"400":32,"401":32,"402":32,"403":32,"404":32,"405":32,"406":32,"407":32,"408":32,"409":0,"410":0,"411":0,"412":0,"413":0,"414":0,"415":0,"416":0,"417":0,"418":0,"419":0,"420":0,"421":0,"422":0,"423":0,"424":32,"425":32,"426":32,"427":32,"428":32,"429":32,"430":32,"431":32,"432":32,"433":32,"434":32,"435":0,"436":0,"437":0,"438":0,"439":32,"440":32,"441":32,"442":32,"443":32,"444":32,"445":32,"446":32,"447":0,"448":0,"449":0,"450":32,"451":32,"452":32,"453":32,"454":32,"455":32,"456":32,"457":32,"458":0,"459":0,"460":0,"461":32,"462":32,"463":32,"464":32,"465":32,"466":32,"467":32,"468":32,"469":0,"470":0,"471":0,"472":0,"473":0,"474":0,"475":0,"476":0,"477":0,"478":0,"479":32,"480":32,"481":32,"482":32,"483":32,"484":32,"485":32,"486":32,"487":32,"488":0,"489":0,"490":32,"491":32,"492":32,"493":32,"494":32,"495":32,"496":32,"497":32,"498":0,"499":0,"500":0,"501":0,"502":32,"503":32,"504":32,"505":32,"506":32,"507":32,"508":32,"509":32,"510":32,"511":32,"512":32,"513":32,"514":0,"515":0,"516":32,"517":32,"518":32,"519":32,"520":32,"521":32,"522":32,"523":32,"524":0,"525":0,"526":32,"527":32,"528":32,"529":32,"530":32,"531":32,"532":32,"533":32,"534":32,"535":32,"536":0,"537":0,"538":0,"539":0,"540":0,"541":32,"542":32,"543":32,"544":32,"545":32,"546":32,"547":32,"548":32,"549":32,"550":32,"551":32,"552":0,"553":0,"554":0,"555":0,"556":0,"557":32,"558":32,"559":32,"560":32,"561":32,"562":32,"563":32,"564":32,"565":0,"566":0,"567":0,"568":32,"569":32,"570":32,"571":32,"572":32,"573":32,"574":32,"575":32,"576":32,"577":32,"578":0,"579":0,"580":32,"581":32,"582":32,"583":32,"584":32,"585":32,"586":32,"587":32,"588":0,"589":0,"590":0,"591":32,"592":32,"593":32,"594":32,"595":32,"596":32,"597":32,"598":32,"599":32,"600":32,"601":32,"602":0,"603":0,"604":32,"605":32,"606":32,"607":32,"608":32,"609":32,"610":32,"611":20,"612":20,"613":20,"614":20,"615":20,"616":19,"617":19,"618":19,"619":20,"620":32,"621":32},"branchMap":{"0":{"type":"branch","line":7,"loc":{"start":{"line":7,"column":26},"end":{"line":622,"column":1}},"locations":[{"start":{"line":7,"column":26},"end":{"line":622,"column":1}}]},"1":{"type":"branch","line":30,"loc":{"start":{"line":30,"column":22},"end":{"line":34,"column":9}},"locations":[{"start":{"line":30,"column":22},"end":{"line":34,"column":9}}]},"2":{"type":"branch","line":43,"loc":{"start":{"line":43,"column":19},"end":{"line":47,"column":9}},"locations":[{"start":{"line":43,"column":19},"end":{"line":47,"column":9}}]},"3":{"type":"branch","line":45,"loc":{"start":{"line":45,"column":-2},"end":{"line":47,"column":9}},"locations":[{"start":{"line":45,"column":-2},"end":{"line":47,"column":9}}]},"4":{"type":"branch","line":54,"loc":{"start":{"line":54,"column":33},"end":{"line":58,"column":9}},"locations":[{"start":{"line":54,"column":33},"end":{"line":58,"column":9}}]},"5":{"type":"branch","line":57,"loc":{"start":{"line":57,"column":22},"end":{"line":57,"column":45}},"locations":[{"start":{"line":57,"column":22},"end":{"line":57,"column":45}}]},"6":{"type":"branch","line":57,"loc":{"start":{"line":57,"column":45},"end":{"line":57,"column":57}},"locations":[{"start":{"line":57,"column":45},"end":{"line":57,"column":57}}]},"7":{"type":"branch","line":65,"loc":{"start":{"line":65,"column":24},"end":{"line":69,"column":9}},"locations":[{"start":{"line":65,"column":24},"end":{"line":69,"column":9}}]},"8":{"type":"branch","line":68,"loc":{"start":{"line":68,"column":22},"end":{"line":68,"column":42}},"locations":[{"start":{"line":68,"column":22},"end":{"line":68,"column":42}}]},"9":{"type":"branch","line":68,"loc":{"start":{"line":68,"column":42},"end":{"line":68,"column":54}},"locations":[{"start":{"line":68,"column":42},"end":{"line":68,"column":54}}]},"10":{"type":"branch","line":77,"loc":{"start":{"line":77,"column":32},"end":{"line":81,"column":9}},"locations":[{"start":{"line":77,"column":32},"end":{"line":81,"column":9}}]},"11":{"type":"branch","line":89,"loc":{"start":{"line":89,"column":29},"end":{"line":93,"column":9}},"locations":[{"start":{"line":89,"column":29},"end":{"line":93,"column":9}}]},"12":{"type":"branch","line":100,"loc":{"start":{"line":100,"column":24},"end":{"line":111,"column":9}},"locations":[{"start":{"line":100,"column":24},"end":{"line":111,"column":9}}]},"13":{"type":"branch","line":105,"loc":{"start":{"line":105,"column":46},"end":{"line":108,"column":13}},"locations":[{"start":{"line":105,"column":46},"end":{"line":108,"column":13}}]},"14":{"type":"branch","line":118,"loc":{"start":{"line":118,"column":27},"end":{"line":129,"column":9}},"locations":[{"start":{"line":118,"column":27},"end":{"line":129,"column":9}}]},"15":{"type":"branch","line":123,"loc":{"start":{"line":123,"column":46},"end":{"line":126,"column":13}},"locations":[{"start":{"line":123,"column":46},"end":{"line":126,"column":13}}]},"16":{"type":"branch","line":159,"loc":{"start":{"line":159,"column":38},"end":{"line":163,"column":9}},"locations":[{"start":{"line":159,"column":38},"end":{"line":163,"column":9}}]},"17":{"type":"branch","line":162,"loc":{"start":{"line":162,"column":119},"end":{"line":162,"column":131}},"locations":[{"start":{"line":162,"column":119},"end":{"line":162,"column":131}}]},"18":{"type":"branch","line":171,"loc":{"start":{"line":171,"column":35},"end":{"line":175,"column":9}},"locations":[{"start":{"line":171,"column":35},"end":{"line":175,"column":9}}]},"19":{"type":"branch","line":174,"loc":{"start":{"line":174,"column":113},"end":{"line":174,"column":125}},"locations":[{"start":{"line":174,"column":113},"end":{"line":174,"column":125}}]},"20":{"type":"branch","line":182,"loc":{"start":{"line":182,"column":34},"end":{"line":186,"column":9}},"locations":[{"start":{"line":182,"column":34},"end":{"line":186,"column":9}}]},"21":{"type":"branch","line":185,"loc":{"start":{"line":185,"column":22},"end":{"line":185,"column":100}},"locations":[{"start":{"line":185,"column":22},"end":{"line":185,"column":100}}]},"22":{"type":"branch","line":185,"loc":{"start":{"line":185,"column":100},"end":{"line":185,"column":112}},"locations":[{"start":{"line":185,"column":100},"end":{"line":185,"column":112}}]},"23":{"type":"branch","line":193,"loc":{"start":{"line":193,"column":37},"end":{"line":197,"column":9}},"locations":[{"start":{"line":193,"column":37},"end":{"line":197,"column":9}}]},"24":{"type":"branch","line":196,"loc":{"start":{"line":196,"column":22},"end":{"line":196,"column":106}},"locations":[{"start":{"line":196,"column":22},"end":{"line":196,"column":106}}]},"25":{"type":"branch","line":196,"loc":{"start":{"line":196,"column":106},"end":{"line":196,"column":118}},"locations":[{"start":{"line":196,"column":106},"end":{"line":196,"column":118}}]},"26":{"type":"branch","line":226,"loc":{"start":{"line":226,"column":26},"end":{"line":229,"column":9}},"locations":[{"start":{"line":226,"column":26},"end":{"line":229,"column":9}}]},"27":{"type":"branch","line":236,"loc":{"start":{"line":236,"column":23},"end":{"line":239,"column":9}},"locations":[{"start":{"line":236,"column":23},"end":{"line":239,"column":9}}]},"28":{"type":"branch","line":246,"loc":{"start":{"line":246,"column":22},"end":{"line":250,"column":9}},"locations":[{"start":{"line":246,"column":22},"end":{"line":250,"column":9}}]},"29":{"type":"branch","line":257,"loc":{"start":{"line":257,"column":19},"end":{"line":261,"column":9}},"locations":[{"start":{"line":257,"column":19},"end":{"line":261,"column":9}}]},"30":{"type":"branch","line":611,"loc":{"start":{"line":611,"column":26},"end":{"line":620,"column":9}},"locations":[{"start":{"line":611,"column":26},"end":{"line":620,"column":9}}]},"31":{"type":"branch","line":616,"loc":{"start":{"line":616,"column":-2},"end":{"line":616,"column":22}},"locations":[{"start":{"line":616,"column":-2},"end":{"line":616,"column":22}}]},"32":{"type":"branch","line":616,"loc":{"start":{"line":616,"column":13},"end":{"line":619,"column":13}},"locations":[{"start":{"line":616,"column":13},"end":{"line":619,"column":13}}]}},"b":{"0":[32],"1":[4],"2":[5],"3":[4],"4":[3],"5":[1],"6":[2],"7":[3],"8":[1],"9":[2],"10":[1],"11":[1],"12":[1],"13":[0],"14":[1],"15":[0],"16":[3],"17":[0],"18":[3],"19":[0],"20":[3],"21":[2],"22":[1],"23":[3],"24":[2],"25":[1],"26":[1],"27":[1],"28":[1],"29":[1],"30":[20],"31":[18],"32":[19]},"fnMap":{"0":{"name":"Object.<anonymous>.exports.getQueryManager","decl":{"start":{"line":7,"column":26},"end":{"line":622,"column":1}},"loc":{"start":{"line":7,"column":26},"end":{"line":622,"column":1}},"line":7},"1":{"name":"standardize","decl":{"start":{"line":14,"column":25},"end":{"line":18,"column":5}},"loc":{"start":{"line":14,"column":25},"end":{"line":18,"column":5}},"line":14},"2":{"name":"createDriver","decl":{"start":{"line":30,"column":22},"end":{"line":34,"column":9}},"loc":{"start":{"line":30,"column":22},"end":{"line":34,"column":9}},"line":30},"3":{"name":"createCPO","decl":{"start":{"line":43,"column":19},"end":{"line":47,"column":9}},"loc":{"start":{"line":43,"column":19},"end":{"line":47,"column":9}},"line":43},"4":{"name":"findDriverByPhoneNumber","decl":{"start":{"line":54,"column":33},"end":{"line":58,"column":9}},"loc":{"start":{"line":54,"column":33},"end":{"line":58,"column":9}},"line":54},"5":{"name":"findCPOByEmail","decl":{"start":{"line":65,"column":24},"end":{"line":69,"column":9}},"loc":{"start":{"line":65,"column":24},"end":{"line":69,"column":9}},"line":65},"6":{"name":"checkDriverCredentials","decl":{"start":{"line":77,"column":32},"end":{"line":81,"column":9}},"loc":{"start":{"line":77,"column":32},"end":{"line":81,"column":9}},"line":77},"7":{"name":"checkCPOCredentials","decl":{"start":{"line":89,"column":29},"end":{"line":93,"column":9}},"loc":{"start":{"line":89,"column":29},"end":{"line":93,"column":9}},"line":89},"8":{"name":"createCPOToken","decl":{"start":{"line":100,"column":24},"end":{"line":111,"column":9}},"loc":{"start":{"line":100,"column":24},"end":{"line":111,"column":9}},"line":100},"9":{"name":"createDriverToken","decl":{"start":{"line":118,"column":27},"end":{"line":129,"column":9}},"loc":{"start":{"line":118,"column":27},"end":{"line":129,"column":9}},"line":118},"10":{"name":"validateToken","decl":{"start":{"line":136,"column":23},"end":{"line":140,"column":9}},"loc":{"start":{"line":136,"column":23},"end":{"line":140,"column":9}},"line":136},"11":{"name":"verifyEVCPAssociation","decl":{"start":{"line":148,"column":31},"end":{"line":151,"column":9}},"loc":{"start":{"line":148,"column":31},"end":{"line":151,"column":9}},"line":148},"12":{"name":"createDriverVerificationCode","decl":{"start":{"line":159,"column":38},"end":{"line":163,"column":9}},"loc":{"start":{"line":159,"column":38},"end":{"line":163,"column":9}},"line":159},"13":{"name":"createCPOVerificationCode","decl":{"start":{"line":171,"column":35},"end":{"line":175,"column":9}},"loc":{"start":{"line":171,"column":35},"end":{"line":175,"column":9}},"line":171},"14":{"name":"checkCPOVerificationCode","decl":{"start":{"line":182,"column":34},"end":{"line":186,"column":9}},"loc":{"start":{"line":182,"column":34},"end":{"line":186,"column":9}},"line":182},"15":{"name":"checkDriverVerificationCode","decl":{"start":{"line":193,"column":37},"end":{"line":197,"column":9}},"loc":{"start":{"line":193,"column":37},"end":{"line":197,"column":9}},"line":193},"16":{"name":"updateDriverCode","decl":{"start":{"line":205,"column":26},"end":{"line":208,"column":9}},"loc":{"start":{"line":205,"column":26},"end":{"line":208,"column":9}},"line":205},"17":{"name":"updateCPOCode","decl":{"start":{"line":216,"column":23},"end":{"line":219,"column":9}},"loc":{"start":{"line":216,"column":23},"end":{"line":219,"column":9}},"line":216},"18":{"name":"deleteDriverCode","decl":{"start":{"line":226,"column":26},"end":{"line":229,"column":9}},"loc":{"start":{"line":226,"column":26},"end":{"line":229,"column":9}},"line":226},"19":{"name":"deleteCPOCode","decl":{"start":{"line":236,"column":23},"end":{"line":239,"column":9}},"loc":{"start":{"line":236,"column":23},"end":{"line":239,"column":9}},"line":236},"20":{"name":"deleteDriver","decl":{"start":{"line":246,"column":22},"end":{"line":250,"column":9}},"loc":{"start":{"line":246,"column":22},"end":{"line":250,"column":9}},"line":246},"21":{"name":"deleteCPO","decl":{"start":{"line":257,"column":19},"end":{"line":261,"column":9}},"loc":{"start":{"line":257,"column":19},"end":{"line":261,"column":9}},"line":257},"22":{"name":"getEVCPs","decl":{"start":{"line":270,"column":18},"end":{"line":275,"column":9}},"loc":{"start":{"line":270,"column":18},"end":{"line":275,"column":9}},"line":270},"23":{"name":"getEVCPsByCPO","decl":{"start":{"line":282,"column":23},"end":{"line":286,"column":9}},"loc":{"start":{"line":282,"column":23},"end":{"line":286,"column":9}},"line":282},"24":{"name":"getSpecificEVCP","decl":{"start":{"line":293,"column":25},"end":{"line":297,"column":9}},"loc":{"start":{"line":293,"column":25},"end":{"line":297,"column":9}},"line":293},"25":{"name":"getDetailsEVCP","decl":{"start":{"line":304,"column":24},"end":{"line":319,"column":9}},"loc":{"start":{"line":304,"column":24},"end":{"line":319,"column":9}},"line":304},"26":{"name":"checkReservationSlots","decl":{"start":{"line":329,"column":31},"end":{"line":369,"column":9}},"loc":{"start":{"line":329,"column":31},"end":{"line":369,"column":9}},"line":329},"27":{"name":"checkMaxDuration","decl":{"start":{"line":379,"column":26},"end":{"line":398,"column":9}},"loc":{"start":{"line":379,"column":26},"end":{"line":398,"column":9}},"line":379},"28":{"name":"checkAvailability","decl":{"start":{"line":409,"column":27},"end":{"line":425,"column":9}},"loc":{"start":{"line":409,"column":27},"end":{"line":425,"column":9}},"line":409},"29":{"name":"addReservation","decl":{"start":{"line":435,"column":24},"end":{"line":440,"column":9}},"loc":{"start":{"line":435,"column":24},"end":{"line":440,"column":9}},"line":435},"30":{"name":"aggregateCPOData","decl":{"start":{"line":447,"column":26},"end":{"line":451,"column":9}},"loc":{"start":{"line":447,"column":26},"end":{"line":451,"column":9}},"line":447},"31":{"name":"findSocket","decl":{"start":{"line":458,"column":20},"end":{"line":462,"column":9}},"loc":{"start":{"line":458,"column":20},"end":{"line":462,"column":9}},"line":458},"32":{"name":"getDriverReservations","decl":{"start":{"line":469,"column":31},"end":{"line":480,"column":9}},"loc":{"start":{"line":469,"column":31},"end":{"line":480,"column":9}},"line":469},"33":{"name":"updateNotificationToken","decl":{"start":{"line":488,"column":33},"end":{"line":491,"column":9}},"loc":{"start":{"line":488,"column":33},"end":{"line":491,"column":9}},"line":488},"34":{"name":"getCPOReservations","decl":{"start":{"line":498,"column":28},"end":{"line":503,"column":9}},"loc":{"start":{"line":498,"column":28},"end":{"line":503,"column":9}},"line":498},"35":{"name":"addEVCP","decl":{"start":{"line":514,"column":17},"end":{"line":517,"column":9}},"loc":{"start":{"line":514,"column":17},"end":{"line":517,"column":9}},"line":514},"36":{"name":"addCP","decl":{"start":{"line":524,"column":15},"end":{"line":527,"column":9}},"loc":{"start":{"line":524,"column":15},"end":{"line":527,"column":9}},"line":524},"37":{"name":"addSocket","decl":{"start":{"line":536,"column":19},"end":{"line":542,"column":9}},"loc":{"start":{"line":536,"column":19},"end":{"line":542,"column":9}},"line":536},"38":{"name":"addRate","decl":{"start":{"line":552,"column":17},"end":{"line":558,"column":9}},"loc":{"start":{"line":552,"column":17},"end":{"line":558,"column":9}},"line":552},"39":{"name":"getRate","decl":{"start":{"line":565,"column":17},"end":{"line":569,"column":9}},"loc":{"start":{"line":565,"column":17},"end":{"line":569,"column":9}},"line":565},"40":{"name":"addSpecialOffer","decl":{"start":{"line":578,"column":25},"end":{"line":581,"column":9}},"loc":{"start":{"line":578,"column":25},"end":{"line":581,"column":9}},"line":578},"41":{"name":"getDSO","decl":{"start":{"line":588,"column":16},"end":{"line":592,"column":9}},"loc":{"start":{"line":588,"column":16},"end":{"line":592,"column":9}},"line":588},"42":{"name":"updateDSO","decl":{"start":{"line":602,"column":19},"end":{"line":605,"column":9}},"loc":{"start":{"line":602,"column":19},"end":{"line":605,"column":9}},"line":602},"43":{"name":"executeAndCancel","decl":{"start":{"line":611,"column":26},"end":{"line":620,"column":9}},"loc":{"start":{"line":611,"column":26},"end":{"line":620,"column":9}},"line":611}},"f":{"0":32,"1":0,"2":4,"3":5,"4":3,"5":3,"6":1,"7":1,"8":1,"9":1,"10":0,"11":0,"12":3,"13":3,"14":3,"15":3,"16":0,"17":0,"18":1,"19":1,"20":1,"21":1,"22":0,"23":0,"24":0,"25":0,"26":0,"27":0,"28":0,"29":0,"30":0,"31":0,"32":0,"33":0,"34":0,"35":0,"36":0,"37":0,"38":0,"39":0,"40":0,"41":0,"42":0,"43":20}}
,"C:\\Users\\giova\\Desktop\\uni\\1_ANNO\\SWE2\\progetto\\BattistonDeLucia-swe2\\ITD\\server\\controller\\utils.js": {"path":"C:\\Users\\giova\\Desktop\\uni\\1_ANNO\\SWE2\\progetto\\BattistonDeLucia-swe2\\ITD\\server\\controller\\utils.js","all":false,"statementMap":{"0":{"start":{"line":1,"column":0},"end":{"line":1,"column":3}},"1":{"start":{"line":2,"column":0},"end":{"line":2,"column":114}},"2":{"start":{"line":3,"column":0},"end":{"line":3,"column":50}},"3":{"start":{"line":4,"column":0},"end":{"line":4,"column":51}},"4":{"start":{"line":5,"column":0},"end":{"line":5,"column":51}},"5":{"start":{"line":6,"column":0},"end":{"line":6,"column":52}},"6":{"start":{"line":7,"column":0},"end":{"line":7,"column":61}},"7":{"start":{"line":8,"column":0},"end":{"line":8,"column":3}},"8":{"start":{"line":9,"column":0},"end":{"line":9,"column":43}},"9":{"start":{"line":10,"column":0},"end":{"line":10,"column":50}},"10":{"start":{"line":11,"column":0},"end":{"line":11,"column":38}},"11":{"start":{"line":12,"column":0},"end":{"line":12,"column":38}},"12":{"start":{"line":13,"column":0},"end":{"line":13,"column":53}},"13":{"start":{"line":14,"column":0},"end":{"line":14,"column":63}},"14":{"start":{"line":15,"column":0},"end":{"line":15,"column":48}},"15":{"start":{"line":16,"column":0},"end":{"line":16,"column":59}},"16":{"start":{"line":17,"column":0},"end":{"line":17,"column":18}},"17":{"start":{"line":18,"column":0},"end":{"line":18,"column":13}},"18":{"start":{"line":19,"column":0},"end":{"line":19,"column":1}},"19":{"start":{"line":20,"column":0},"end":{"line":20,"column":0}},"20":{"start":{"line":21,"column":0},"end":{"line":21,"column":3}},"21":{"start":{"line":22,"column":0},"end":{"line":22,"column":30}},"22":{"start":{"line":23,"column":0},"end":{"line":23,"column":42}},"23":{"start":{"line":24,"column":0},"end":{"line":24,"column":43}},"24":{"start":{"line":25,"column":0},"end":{"line":25,"column":3}},"25":{"start":{"line":26,"column":0},"end":{"line":26,"column":28}},"26":{"start":{"line":27,"column":0},"end":{"line":27,"column":36}},"27":{"start":{"line":28,"column":0},"end":{"line":28,"column":1}},"28":{"start":{"line":29,"column":0},"end":{"line":29,"column":0}},"29":{"start":{"line":30,"column":0},"end":{"line":30,"column":25}}},"s":{"0":1,"1":1,"2":1,"3":1,"4":1,"5":1,"6":1,"7":1,"8":0,"9":0,"10":0,"11":0,"12":0,"13":0,"14":0,"15":0,"16":0,"17":0,"18":0,"19":1,"20":1,"21":1,"22":1,"23":1,"24":1,"25":0,"26":0,"27":0,"28":1,"29":1},"branchMap":{},"b":{},"fnMap":{"0":{"name":"distance","decl":{"start":{"line":9,"column":0},"end":{"line":19,"column":1}},"loc":{"start":{"line":9,"column":0},"end":{"line":19,"column":1}},"line":9},"1":{"name":"toRadians","decl":{"start":{"line":26,"column":0},"end":{"line":28,"column":1}},"loc":{"start":{"line":26,"column":0},"end":{"line":28,"column":1}},"line":26}},"f":{"0":0,"1":0}}
,"C:\\Users\\giova\\Desktop\\uni\\1_ANNO\\SWE2\\progetto\\BattistonDeLucia-swe2\\ITD\\server\\controller\\cpo\\AccountManager.js": {"path":"C:\\Users\\giova\\Desktop\\uni\\1_ANNO\\SWE2\\progetto\\BattistonDeLucia-swe2\\ITD\\server\\controller\\cpo\\AccountManager.js","all":false,"statementMap":{"0":{"start":{"line":1,"column":0},"end":{"line":1,"column":47}},"1":{"start":{"line":2,"column":0},"end":{"line":2,"column":38}},"2":{"start":{"line":3,"column":0},"end":{"line":3,"column":0}},"3":{"start":{"line":4,"column":0},"end":{"line":4,"column":42}},"4":{"start":{"line":5,"column":0},"end":{"line":5,"column":0}},"5":{"start":{"line":6,"column":0},"end":{"line":6,"column":3}},"6":{"start":{"line":7,"column":0},"end":{"line":7,"column":42}},"7":{"start":{"line":8,"column":0},"end":{"line":8,"column":3}},"8":{"start":{"line":9,"column":0},"end":{"line":9,"column":44}},"9":{"start":{"line":10,"column":0},"end":{"line":10,"column":27}},"10":{"start":{"line":11,"column":0},"end":{"line":11,"column":2}},"11":{"start":{"line":12,"column":0},"end":{"line":12,"column":0}},"12":{"start":{"line":13,"column":0},"end":{"line":13,"column":36}},"13":{"start":{"line":14,"column":0},"end":{"line":14,"column":53}},"14":{"start":{"line":15,"column":0},"end":{"line":15,"column":0}},"15":{"start":{"line":16,"column":0},"end":{"line":16,"column":157}},"16":{"start":{"line":17,"column":0},"end":{"line":17,"column":32}},"17":{"start":{"line":18,"column":0},"end":{"line":18,"column":65}},"18":{"start":{"line":19,"column":0},"end":{"line":19,"column":0}},"19":{"start":{"line":20,"column":0},"end":{"line":20,"column":81}},"20":{"start":{"line":21,"column":0},"end":{"line":21,"column":38}},"21":{"start":{"line":22,"column":0},"end":{"line":22,"column":166}},"22":{"start":{"line":23,"column":0},"end":{"line":23,"column":0}},"23":{"start":{"line":24,"column":0},"end":{"line":24,"column":70}},"24":{"start":{"line":25,"column":0},"end":{"line":25,"column":0}},"25":{"start":{"line":26,"column":0},"end":{"line":26,"column":66}},"26":{"start":{"line":27,"column":0},"end":{"line":27,"column":15}},"27":{"start":{"line":28,"column":0},"end":{"line":28,"column":88}},"28":{"start":{"line":29,"column":0},"end":{"line":29,"column":27}},"29":{"start":{"line":30,"column":0},"end":{"line":30,"column":67}},"30":{"start":{"line":31,"column":0},"end":{"line":31,"column":89}},"31":{"start":{"line":32,"column":0},"end":{"line":32,"column":30}},"32":{"start":{"line":33,"column":0},"end":{"line":33,"column":68}},"33":{"start":{"line":34,"column":0},"end":{"line":34,"column":50}},"34":{"start":{"line":35,"column":0},"end":{"line":35,"column":99}},"35":{"start":{"line":36,"column":0},"end":{"line":36,"column":5}},"36":{"start":{"line":37,"column":0},"end":{"line":37,"column":0}},"37":{"start":{"line":38,"column":0},"end":{"line":38,"column":102}},"38":{"start":{"line":39,"column":0},"end":{"line":39,"column":1}},"39":{"start":{"line":40,"column":0},"end":{"line":40,"column":0}},"40":{"start":{"line":41,"column":0},"end":{"line":41,"column":3}},"41":{"start":{"line":42,"column":0},"end":{"line":42,"column":54}},"42":{"start":{"line":43,"column":0},"end":{"line":43,"column":3}},"43":{"start":{"line":44,"column":0},"end":{"line":44,"column":42}},"44":{"start":{"line":45,"column":0},"end":{"line":45,"column":31}},"45":{"start":{"line":46,"column":0},"end":{"line":46,"column":2}},"46":{"start":{"line":47,"column":0},"end":{"line":47,"column":0}},"47":{"start":{"line":48,"column":0},"end":{"line":48,"column":40}},"48":{"start":{"line":49,"column":0},"end":{"line":49,"column":36}},"49":{"start":{"line":50,"column":0},"end":{"line":50,"column":0}},"50":{"start":{"line":51,"column":0},"end":{"line":51,"column":31}},"51":{"start":{"line":52,"column":0},"end":{"line":52,"column":30}},"52":{"start":{"line":53,"column":0},"end":{"line":53,"column":81}},"53":{"start":{"line":54,"column":0},"end":{"line":54,"column":0}},"54":{"start":{"line":55,"column":0},"end":{"line":55,"column":70}},"55":{"start":{"line":56,"column":0},"end":{"line":56,"column":75}},"56":{"start":{"line":57,"column":0},"end":{"line":57,"column":14}},"57":{"start":{"line":58,"column":0},"end":{"line":58,"column":46}},"58":{"start":{"line":59,"column":0},"end":{"line":59,"column":36}},"59":{"start":{"line":60,"column":0},"end":{"line":60,"column":64}},"60":{"start":{"line":61,"column":0},"end":{"line":61,"column":97}},"61":{"start":{"line":62,"column":0},"end":{"line":62,"column":13}},"62":{"start":{"line":63,"column":0},"end":{"line":63,"column":18}},"63":{"start":{"line":64,"column":0},"end":{"line":64,"column":38}},"64":{"start":{"line":65,"column":0},"end":{"line":65,"column":70}},"65":{"start":{"line":66,"column":0},"end":{"line":66,"column":62}},"66":{"start":{"line":67,"column":0},"end":{"line":67,"column":86}},"67":{"start":{"line":68,"column":0},"end":{"line":68,"column":13}},"68":{"start":{"line":69,"column":0},"end":{"line":69,"column":0}},"69":{"start":{"line":70,"column":0},"end":{"line":70,"column":16}},"70":{"start":{"line":71,"column":0},"end":{"line":71,"column":56}},"71":{"start":{"line":72,"column":0},"end":{"line":72,"column":108}},"72":{"start":{"line":73,"column":0},"end":{"line":73,"column":9}},"73":{"start":{"line":74,"column":0},"end":{"line":74,"column":5}},"74":{"start":{"line":75,"column":0},"end":{"line":75,"column":10}},"75":{"start":{"line":76,"column":0},"end":{"line":76,"column":59}},"76":{"start":{"line":77,"column":0},"end":{"line":77,"column":5}},"77":{"start":{"line":78,"column":0},"end":{"line":78,"column":1}},"78":{"start":{"line":79,"column":0},"end":{"line":79,"column":0}},"79":{"start":{"line":80,"column":0},"end":{"line":80,"column":3}},"80":{"start":{"line":81,"column":0},"end":{"line":81,"column":189}},"81":{"start":{"line":82,"column":0},"end":{"line":82,"column":3}},"82":{"start":{"line":83,"column":0},"end":{"line":83,"column":43}},"83":{"start":{"line":84,"column":0},"end":{"line":84,"column":26}},"84":{"start":{"line":85,"column":0},"end":{"line":85,"column":2}},"85":{"start":{"line":86,"column":0},"end":{"line":86,"column":0}},"86":{"start":{"line":87,"column":0},"end":{"line":87,"column":35}},"87":{"start":{"line":88,"column":0},"end":{"line":88,"column":40}},"88":{"start":{"line":89,"column":0},"end":{"line":89,"column":70}},"89":{"start":{"line":90,"column":0},"end":{"line":90,"column":0}},"90":{"start":{"line":91,"column":0},"end":{"line":91,"column":157}},"91":{"start":{"line":92,"column":0},"end":{"line":92,"column":32}},"92":{"start":{"line":93,"column":0},"end":{"line":93,"column":65}},"93":{"start":{"line":94,"column":0},"end":{"line":94,"column":0}},"94":{"start":{"line":95,"column":0},"end":{"line":95,"column":66}},"95":{"start":{"line":96,"column":0},"end":{"line":96,"column":0}},"96":{"start":{"line":97,"column":0},"end":{"line":97,"column":14}},"97":{"start":{"line":98,"column":0},"end":{"line":98,"column":78}},"98":{"start":{"line":99,"column":0},"end":{"line":99,"column":0}},"99":{"start":{"line":100,"column":0},"end":{"line":100,"column":89}},"100":{"start":{"line":101,"column":0},"end":{"line":101,"column":85}},"101":{"start":{"line":102,"column":0},"end":{"line":102,"column":20}},"102":{"start":{"line":103,"column":0},"end":{"line":103,"column":86}},"103":{"start":{"line":104,"column":0},"end":{"line":104,"column":20}},"104":{"start":{"line":105,"column":0},"end":{"line":105,"column":80}},"105":{"start":{"line":106,"column":0},"end":{"line":106,"column":160}},"106":{"start":{"line":107,"column":0},"end":{"line":107,"column":9}},"107":{"start":{"line":108,"column":0},"end":{"line":108,"column":14}},"108":{"start":{"line":109,"column":0},"end":{"line":109,"column":81}},"109":{"start":{"line":110,"column":0},"end":{"line":110,"column":9}},"110":{"start":{"line":111,"column":0},"end":{"line":111,"column":12}},"111":{"start":{"line":112,"column":0},"end":{"line":112,"column":57}},"112":{"start":{"line":113,"column":0},"end":{"line":113,"column":92}},"113":{"start":{"line":114,"column":0},"end":{"line":114,"column":5}},"114":{"start":{"line":115,"column":0},"end":{"line":115,"column":1}},"115":{"start":{"line":116,"column":0},"end":{"line":116,"column":0}},"116":{"start":{"line":117,"column":0},"end":{"line":117,"column":3}},"117":{"start":{"line":118,"column":0},"end":{"line":118,"column":36}},"118":{"start":{"line":119,"column":0},"end":{"line":119,"column":35}},"119":{"start":{"line":120,"column":0},"end":{"line":120,"column":3}},"120":{"start":{"line":121,"column":0},"end":{"line":121,"column":23}},"121":{"start":{"line":122,"column":0},"end":{"line":122,"column":54}},"122":{"start":{"line":123,"column":0},"end":{"line":123,"column":1}},"123":{"start":{"line":124,"column":0},"end":{"line":124,"column":0}},"124":{"start":{"line":125,"column":0},"end":{"line":125,"column":3}},"125":{"start":{"line":126,"column":0},"end":{"line":126,"column":57}},"126":{"start":{"line":127,"column":0},"end":{"line":127,"column":38}},"127":{"start":{"line":128,"column":0},"end":{"line":128,"column":64}},"128":{"start":{"line":129,"column":0},"end":{"line":129,"column":3}},"129":{"start":{"line":130,"column":0},"end":{"line":130,"column":39}},"130":{"start":{"line":131,"column":0},"end":{"line":131,"column":70}},"131":{"start":{"line":132,"column":0},"end":{"line":132,"column":0}},"132":{"start":{"line":133,"column":0},"end":{"line":133,"column":65}},"133":{"start":{"line":134,"column":0},"end":{"line":134,"column":31}},"134":{"start":{"line":135,"column":0},"end":{"line":135,"column":25}},"135":{"start":{"line":136,"column":0},"end":{"line":136,"column":1}},"136":{"start":{"line":137,"column":0},"end":{"line":137,"column":0}},"137":{"start":{"line":138,"column":0},"end":{"line":138,"column":18}},"138":{"start":{"line":139,"column":0},"end":{"line":139,"column":10}},"139":{"start":{"line":140,"column":0},"end":{"line":140,"column":15}},"140":{"start":{"line":141,"column":0},"end":{"line":141,"column":11}},"141":{"start":{"line":142,"column":0},"end":{"line":142,"column":31}},"142":{"start":{"line":143,"column":0},"end":{"line":143,"column":18}},"143":{"start":{"line":144,"column":0},"end":{"line":144,"column":1}}},"s":{"0":1,"1":1,"2":1,"3":1,"4":1,"5":1,"6":1,"7":1,"8":1,"9":0,"10":0,"11":1,"12":1,"13":3,"14":3,"15":3,"16":3,"17":3,"18":2,"19":2,"20":2,"21":3,"22":1,"23":1,"24":1,"25":1,"26":1,"27":3,"28":3,"29":1,"30":1,"31":1,"32":1,"33":1,"34":1,"35":1,"36":0,"37":0,"38":3,"39":1,"40":1,"41":1,"42":1,"43":1,"44":0,"45":0,"46":1,"47":1,"48":3,"49":3,"50":3,"51":3,"52":3,"53":2,"54":2,"55":2,"56":2,"57":2,"58":1,"59":1,"60":1,"61":1,"62":0,"63":0,"64":0,"65":0,"66":0,"67":0,"68":1,"69":1,"70":1,"71":1,"72":1,"73":2,"74":0,"75":0,"76":0,"77":3,"78":1,"79":1,"80":1,"81":1,"82":1,"83":0,"84":0,"85":1,"86":1,"87":3,"88":3,"89":3,"90":3,"91":3,"92":3,"93":2,"94":2,"95":2,"96":2,"97":3,"98":1,"99":1,"100":1,"101":1,"102":1,"103":1,"104":1,"105":1,"106":1,"107":0,"108":0,"109":0,"110":3,"111":0,"112":0,"113":0,"114":3,"115":1,"116":1,"117":1,"118":1,"119":1,"120":1,"121":1,"122":1,"123":1,"124":1,"125":1,"126":1,"127":1,"128":1,"129":1,"130":0,"131":0,"132":0,"133":0,"134":0,"135":0,"136":1,"137":1,"138":1,"139":1,"140":1,"141":1,"142":1,"143":1},"branchMap":{"0":{"type":"branch","line":13,"loc":{"start":{"line":13,"column":15},"end":{"line":39,"column":1}},"locations":[{"start":{"line":13,"column":15},"end":{"line":39,"column":1}}]},"1":{"type":"branch","line":18,"loc":{"start":{"line":18,"column":8},"end":{"line":18,"column":65}},"locations":[{"start":{"line":18,"column":8},"end":{"line":18,"column":65}}]},"2":{"type":"branch","line":19,"loc":{"start":{"line":19,"column":-2},"end":{"line":21,"column":38}},"locations":[{"start":{"line":19,"column":-2},"end":{"line":21,"column":38}}]},"3":{"type":"branch","line":22,"loc":{"start":{"line":22,"column":8},"end":{"line":28,"column":14}},"locations":[{"start":{"line":22,"column":8},"end":{"line":28,"column":14}}]},"4":{"type":"branch","line":28,"loc":{"start":{"line":28,"column":14},"end":{"line":28,"column":88}},"locations":[{"start":{"line":28,"column":14},"end":{"line":28,"column":88}}]},"5":{"type":"branch","line":29,"loc":{"start":{"line":29,"column":-2},"end":{"line":29,"column":17}},"locations":[{"start":{"line":29,"column":-2},"end":{"line":29,"column":17}}]},"6":{"type":"branch","line":29,"loc":{"start":{"line":29,"column":13},"end":{"line":29,"column":24}},"locations":[{"start":{"line":29,"column":13},"end":{"line":29,"column":24}}]},"7":{"type":"branch","line":29,"loc":{"start":{"line":29,"column":26},"end":{"line":36,"column":5}},"locations":[{"start":{"line":29,"column":26},"end":{"line":36,"column":5}}]},"8":{"type":"branch","line":30,"loc":{"start":{"line":30,"column":18},"end":{"line":30,"column":67}},"locations":[{"start":{"line":30,"column":18},"end":{"line":30,"column":67}}]},"9":{"type":"branch","line":37,"loc":{"start":{"line":37,"column":-2},"end"
[...]
{"start":{"line":11,"column":0},"end":{"line":11,"column":2}},"11":{"start":{"line":12,"column":0},"end":{"line":12,"column":0}},"12":{"start":{"line":13,"column":0},"end":{"line":13,"column":36}},"13":{"start":{"line":14,"column":0},"end":{"line":14,"column":67}},"14":{"start":{"line":15,"column":0},"end":{"line":15,"column":36}},"15":{"start":{"line":16,"column":0},"end":{"line":16,"column":41}},"16":{"start":{"line":17,"column":0},"end":{"line":17,"column":72}},"17":{"start":{"line":18,"column":0},"end":{"line":18,"column":0}},"18":{"start":{"line":19,"column":0},"end":{"line":19,"column":0}},"19":{"start":{"line":20,"column":0},"end":{"line":20,"column":81}},"20":{"start":{"line":21,"column":0},"end":{"line":21,"column":38}},"21":{"start":{"line":22,"column":0},"end":{"line":22,"column":166}},"22":{"start":{"line":23,"column":0},"end":{"line":23,"column":0}},"23":{"start":{"line":24,"column":0},"end":{"line":24,"column":70}},"24":{"start":{"line":25,"column":0},"end":{"line":25,"column":0}},"25":{"start":{"line":26,"column":0},"end":{"line":26,"column":81}},"26":{"start":{"line":27,"column":0},"end":{"line":27,"column":15}},"27":{"start":{"line":28,"column":0},"end":{"line":28,"column":94}},"28":{"start":{"line":29,"column":0},"end":{"line":29,"column":27}},"29":{"start":{"line":30,"column":0},"end":{"line":30,"column":73}},"30":{"start":{"line":31,"column":0},"end":{"line":31,"column":109}},"31":{"start":{"line":32,"column":0},"end":{"line":32,"column":30}},"32":{"start":{"line":33,"column":0},"end":{"line":33,"column":74}},"33":{"start":{"line":34,"column":0},"end":{"line":34,"column":54}},"34":{"start":{"line":35,"column":0},"end":{"line":35,"column":101}},"35":{"start":{"line":36,"column":0},"end":{"line":36,"column":5}},"36":{"start":{"line":37,"column":0},"end":{"line":37,"column":0}},"37":{"start":{"line":38,"column":0},"end":{"line":38,"column":109}},"38":{"start":{"line":39,"column":0},"end":{"line":39,"column":1}},"39":{"start":{"line":40,"column":0},"end":{"line":40,"column":0}},"40":{"start":{"line":41,"column":0},"end":{"line":41,"column":0}},"41":{"start":{"line":42,"column":0},"end":{"line":42,"column":3}},"42":{"start":{"line":43,"column":0},"end":{"line":43,"column":183}},"43":{"start":{"line":44,"column":0},"end":{"line":44,"column":357}},"44":{"start":{"line":45,"column":0},"end":{"line":45,"column":187}},"45":{"start":{"line":46,"column":0},"end":{"line":46,"column":124}},"46":{"start":{"line":47,"column":0},"end":{"line":47,"column":3}},"47":{"start":{"line":48,"column":0},"end":{"line":48,"column":42}},"48":{"start":{"line":49,"column":0},"end":{"line":49,"column":31}},"49":{"start":{"line":50,"column":0},"end":{"line":50,"column":2}},"50":{"start":{"line":51,"column":0},"end":{"line":51,"column":0}},"51":{"start":{"line":52,"column":0},"end":{"line":52,"column":40}},"52":{"start":{"line":53,"column":0},"end":{"line":53,"column":39}},"53":{"start":{"line":54,"column":0},"end":{"line":54,"column":31}},"54":{"start":{"line":55,"column":0},"end":{"line":55,"column":30}},"55":{"start":{"line":56,"column":0},"end":{"line":56,"column":81}},"56":{"start":{"line":57,"column":0},"end":{"line":57,"column":0}},"57":{"start":{"line":58,"column":0},"end":{"line":58,"column":70}},"58":{"start":{"line":59,"column":0},"end":{"line":59,"column":81}},"59":{"start":{"line":60,"column":0},"end":{"line":60,"column":14}},"60":{"start":{"line":61,"column":0},"end":{"line":61,"column":46}},"61":{"start":{"line":62,"column":0},"end":{"line":62,"column":36}},"62":{"start":{"line":63,"column":0},"end":{"line":63,"column":70}},"63":{"start":{"line":64,"column":0},"end":{"line":64,"column":97}},"64":{"start":{"line":65,"column":0},"end":{"line":65,"column":13}},"65":{"start":{"line":66,"column":0},"end":{"line":66,"column":18}},"66":{"start":{"line":67,"column":0},"end":{"line":67,"column":38}},"67":{"start":{"line":68,"column":0},"end":{"line":68,"column":76}},"68":{"start":{"line":69,"column":0},"end":{"line":69,"column":66}},"69":{"start":{"line":70,"column":0},"end":{"line":70,"column":89}},"70":{"start":{"line":71,"column":0},"end":{"line":71,"column":13}},"71":{"start":{"line":72,"column":0},"end":{"line":72,"column":0}},"72":{"start":{"line":73,"column":0},"end":{"line":73,"column":16}},"73":{"start":{"line":74,"column":0},"end":{"line":74,"column":62}},"74":{"start":{"line":75,"column":0},"end":{"line":75,"column":108}},"75":{"start":{"line":76,"column":0},"end":{"line":76,"column":9}},"76":{"start":{"line":77,"column":0},"end":{"line":77,"column":5}},"77":{"start":{"line":78,"column":0},"end":{"line":78,"column":10}},"78":{"start":{"line":79,"column":0},"end":{"line":79,"column":59}},"79":{"start":{"line":80,"column":0},"end":{"line":80,"column":5}},"80":{"start":{"line":81,"column":0},"end":{"line":81,"column":1}},"81":{"start":{"line":82,"column":0},"end":{"line":82,"column":0}},"82":{"start":{"line":83,"column":0},"end":{"line":83,"column":3}},"83":{"start":{"line":84,"column":0},"end":{"line":84,"column":609}},"84":{"start":{"line":85,"column":0},"end":{"line":85,"column":3}},"85":{"start":{"line":86,"column":0},"end":{"line":86,"column":43}},"86":{"start":{"line":87,"column":0},"end":{"line":87,"column":26}},"87":{"start":{"line":88,"column":0},"end":{"line":88,"column":2}},"88":{"start":{"line":89,"column":0},"end":{"line":89,"column":0}},"89":{"start":{"line":90,"column":0},"end":{"line":90,"column":35}},"90":{"start":{"line":91,"column":0},"end":{"line":91,"column":46}},"91":{"start":{"line":92,"column":0},"end":{"line":92,"column":70}},"92":{"start":{"line":93,"column":0},"end":{"line":93,"column":0}},"93":{"start":{"line":94,"column":0},"end":{"line":94,"column":36}},"94":{"start":{"line":95,"column":0},"end":{"line":95,"column":41}},"95":{"start":{"line":96,"column":0},"end":{"line":96,"column":72}},"96":{"start":{"line":97,"column":0},"end":{"line":97,"column":0}},"97":{"start":{"line":98,"column":0},"end":{"line":98,"column":81}},"98":{"start":{"line":99,"column":0},"end":{"line":99,"column":0}},"99":{"start":{"line":100,"column":0},"end":{"line":100,"column":14}},"100":{"start":{"line":101,"column":0},"end":{"line":101,"column":85}},"101":{"start":{"line":102,"column":0},"end":{"line":102,"column":0}},"102":{"start":{"line":103,"column":0},"end":{"line":103,"column":89}},"103":{"start":{"line":104,"column":0},"end":{"line":104,"column":91}},"104":{"start":{"line":105,"column":0},"end":{"line":105,"column":20}},"105":{"start":{"line":106,"column":0},"end":{"line":106,"column":95}},"106":{"start":{"line":107,"column":0},"end":{"line":107,"column":20}},"107":{"start":{"line":108,"column":0},"end":{"line":108,"column":86}},"108":{"start":{"line":109,"column":0},"end":{"line":109,"column":160}},"109":{"start":{"line":110,"column":0},"end":{"line":110,"column":9}},"110":{"start":{"line":111,"column":0},"end":{"line":111,"column":14}},"111":{"start":{"line":112,"column":0},"end":{"line":112,"column":88}},"112":{"start":{"line":113,"column":0},"end":{"line":113,"column":9}},"113":{"start":{"line":114,"column":0},"end":{"line":114,"column":12}},"114":{"start":{"line":115,"column":0},"end":{"line":115,"column":63}},"115":{"start":{"line":116,"column":0},"end":{"line":116,"column":92}},"116":{"start":{"line":117,"column":0},"end":{"line":117,"column":5}},"117":{"start":{"line":118,"column":0},"end":{"line":118,"column":1}},"118":{"start":{"line":119,"column":0},"end":{"line":119,"column":0}},"119":{"start":{"line":120,"column":0},"end":{"line":120,"column":3}},"120":{"start":{"line":121,"column":0},"end":{"line":121,"column":508}},"121":{"start":{"line":122,"column":0},"end":{"line":122,"column":3}},"122":{"start":{"line":123,"column":0},"end":{"line":123,"column":51}},"123":{"start":{"line":124,"column":0},"end":{"line":124,"column":39}},"124":{"start":{"line":125,"column":0},"end":{"line":125,"column":70}},"125":{"start":{"line":126,"column":0},"end":{"line":126,"column":28}},"126":{"start":{"line":127,"column":0},"end":{"line":127,"column":39}},"127":{"start":{"line":128,"column":0},"end":{"line":128,"column":46}},"128":{"start":{"line":129,"column":0},"end":{"line":129,"column":19}},"129":{"start":{"line":130,"column":0},"end":{"line":130,"column":85}},"130":{"start":{"line":131,"column":0},"end":{"line":131,"column":88}},"131":{"start":{"line":132,"column":0},"end":{"line":132,"column":9}},"132":{"start":{"line":133,"column":0},"end":{"line":133,"column":5}},"133":{"start":{"line":134,"column":0},"end":{"line":134,"column":58}},"134":{"start":{"line":135,"column":0},"end":{"line":135,"column":2}},"135":{"start":{"line":136,"column":0},"end":{"line":136,"column":0}},"136":{"start":{"line":137,"column":0},"end":{"line":137,"column":3}},"137":{"start":{"line":138,"column":0},"end":{"line":138,"column":46}},"138":{"start":{"line":139,"column":0},"end":{"line":139,"column":40}},"139":{"start":{"line":140,"column":0},"end":{"line":140,"column":3}},"140":{"start":{"line":141,"column":0},"end":{"line":141,"column":23}},"141":{"start":{"line":142,"column":0},"end":{"line":142,"column":54}},"142":{"start":{"line":143,"column":0},"end":{"line":143,"column":1}},"143":{"start":{"line":144,"column":0},"end":{"line":144,"column":0}},"144":{"start":{"line":145,"column":0},"end":{"line":145,"column":3}},"145":{"start":{"line":146,"column":0},"end":{"line":146,"column":342}},"146":{"start":{"line":147,"column":0},"end":{"line":147,"column":3}},"147":{"start":{"line":148,"column":0},"end":{"line":148,"column":39}},"148":{"start":{"line":149,"column":0},"end":{"line":149,"column":70}},"149":{"start":{"line":150,"column":0},"end":{"line":150,"column":0}},"150":{"start":{"line":151,"column":0},"end":{"line":151,"column":65}},"151":{"start":{"line":152,"column":0},"end":{"line":152,"column":34}},"152":{"start":{"line":153,"column":0},"end":{"line":153,"column":25}},"153":{"start":{"line":154,"column":0},"end":{"line":154,"column":1}},"154":{"start":{"line":155,"column":0},"end":{"line":155,"column":0}},"155":{"start":{"line":156,"column":0},"end":{"line":156,"column":18}},"156":{"start":{"line":157,"column":0},"end":{"line":157,"column":17}},"157":{"start":{"line":158,"column":0},"end":{"line":158,"column":19}},"158":{"start":{"line":159,"column":0},"end":{"line":159,"column":27}},"159":{"start":{"line":160,"column":0},"end":{"line":160,"column":31}},"160":{"start":{"line":161,"column":0},"end":{"line":161,"column":18}},"161":{"start":{"line":162,"column":0},"end":{"line":162,"column":1}}},"s":{"0":1,"1":1,"2":1,"3":1,"4":1,"5":1,"6":1,"7":1,"8":1,"9":0,"10":0,"11":1,"12":1,"13":3,"14":3,"15":3,"16":3,"17":2,"18":2,"19":2,"20":2,"21":3,"22":1,"23":1,"24":1,"25":1,"26":1,"27":3,"28":3,"29":1,"30":1,"31":1,"32":1,"33":1,"34":1,"35":1,"36":0,"37":0,"38":3,"39":1,"40":1,"41":1,"42":1,"43":1,"44":1,"45":1,"46":1,"47":1,"48":0,"49":0,"50":1,"51":1,"52":3,"53":3,"54":3,"55":3,"56":2,"57":2,"58":2,"59":2,"60":2,"61":1,"62":1,"63":1,"64":1,"65":0,"66":0,"67":0,"68":0,"69":0,"70":0,"71":1,"72":1,"73":1,"74":1,"75":1,"76":2,"77":0,"78":0,"79":0,"80":3,"81":1,"82":1,"83":1,"84":1,"85":1,"86":0,"87":0,"88":1,"89":1,"90":3,"91":3,"92":3,"93":3,"94":3,"95":3,"96":2,"97":2,"98":2,"99":2,"100":3,"101":1,"102":1,"103":1,"104":1,"105":1,"106":1,"107":1,"108":1,"109":1,"110":0,"111":0,"112":0,"113":3,"114":0,"115":0,"116":0,"117":3,"118":1,"119":1,"120":1,"121":1,"122":1,"123":0,"124":0,"125":0,"126":0,"127":0,"128":0,"129":0,"130":0,"131":0,"132":0,"133":0,"134":0,"135":1,"136":1,"137":1,"138":1,"139":1,"140":1,"141":1,"142":1,"143":1,"144":1,"145":1,"146":1,"147":1,"148":0,"149":0,"150":0,"151":0,"152":0,"153":0,"154":1,"155":1,"156":1,"157":1,"158":1,"159":1,"160":1,"161":1},"branchMap":{"0":{"type":"branch","line":13,"loc":{"start":{"line":13,"column":15},"end":{"line":39,"column":1}},"locations":[{"start":{"line":13,"column":15},"end":{"line":39,"column":1}}]},"1":{"type":"branch","line":17,"loc":{"start":{"line":17,"column":8},"end":{"line":17,"column":72}},"locations":[{"start":{"line":17,"column":8},"end":{"line":17,"column":72}}]},"2":{"type":"branch","line":18,"loc":{"start":{"line":18,"column":-2},"end":{"line":21,"column":38}},"locations":[{"start":{"line":18,"column":-2},"end":{"line":21,"column":38}}]},"3":{"type":"branch","line":22,"loc":{"start":{"line":22,"column":8},"end":{"line":28,"column":14}},"locations":[{"start":{"line":22,"column":8},"end":{"line":28,"column":14}}]},"4":{"type":"branch","line":28,"loc":{"start":{"line":28,"column":14},"end":{"line":28,"column":94}},"locations":[{"start":{"line":28,"column":14},"end":{"line":28,"column":94}}]},"5":{"type":"branch","line":29,"loc":{"start":{"line":29,"column":-2},"end":{"line":29,"column":17}},"locations":[{"start":{"line":29,"column":-2},"end":{"line":29,"column":17}}]},"6":{"type":"branch","line":29,"loc":{"start":{"line":29,"column":13},"end":{"line":29,"column":24}},"locations":[{"start":{"line":29,"column":13},"end":{"line":29,"column":24}}]},"7":{"type":"branch","line":29,"loc":{"start":{"line":29,"column":26},"end":{"line":36,"column":5}},"locations":[{"start":{"line":29,"column":26},"end":{"line":36,"column":5}}]},"8":{"type":"branch","line":30,"loc":{"start":{"line":30,"column":18},"end":{"line":30,"column":73}},"locations":[{"start":{"line":30,"column":18},"end":{"line":30,"column":73}}]},"9":{"type":"branch","line":37,"loc":{"start":{"line":37,"column":-2},"end":{"line":38,"column":109}},"locations":[{"start":{"line":37,"column":-2},"end":{"line":38,"column":109}}]},"10":{"type":"branch","line":52,"loc":{"start":{"line":52,"column":19},"end":{"line":81,"column":1}},"locations":[{"start":{"line":52,"column":19},"end":{"line":81,"column":1}}]},"11":{"type":"branch","line":56,"loc":{"start":{"line":56,"column":8},"end":{"line":56,"column":81}},"locations":[{"start":{"line":56,"column":8},"end":{"line":56,"column":81}}]},"12":{"type":"branch","line":57,"loc":{"start":{"line":57,"column":-2},"end":{"line":77,"column":5}},"locations":[{"start":{"line":57,"column":-2},"end":{"line":77,"column":5}}]},"13":{"type":"branch","line":61,"loc":{"start":{"line":61,"column":45},"end":{"line":76,"column":9}},"locations":[{"start":{"line":61,"column":45},"end":{"line":76,"column":9}}]},"14":{"type":"branch","line":66,"loc":{"start":{"line":66,"column":-2},"end":{"line":71,"column":13}},"locations":[{"start":{"line":66,"column":-2},"end":{"line":71,"column":13}}]},"15":{"type":"branch","line":78,"loc":{"start":{"line":78,"column":-2},"end":{"line":80,"column":5}},"locations":[{"start":{"line":78,"column":-2},"end":{"line":80,"column":5}}]},"16":{"type":"branch","line":90,"loc":{"start":{"line":90,"column":14},"end":{"line":118,"column":1}},"locations":[{"start":{"line":90,"column":14},"end":{"line":118,"column":1}}]},"17":{"type":"branch","line":96,"loc":{"start":{"line":96,"column":8},"end":{"line":96,"column":72}},"locations":[{"start":{"line":96,"column":8},"end":{"line":96,"column":72}}]},"18":{"type":"branch","line":97,"loc":{"start":{"line":97,"column":-2},"end":{"line":100,"column":14}},"locations":[{"start":{"line":97,"column":-2},"end":{"line":100,"column":14}}]},"19":{"type":"branch","line":101,"loc":{"start":{"line":101,"column":8},"end":{"line":114,"column":5}},"locations":[{"start":{"line":101,"column":8},"end":{"line":114,"column":5}}]},"20":{"type":"branch","line":111,"loc":{"start":{"line":111,"column":-2},"end":{"line":113,"column":9}},"locations":[{"start":{"line":111,"column":-2},"end":{"line":113,"column":9}}]},"21":{"type":"branch","line":114,"loc":{"start":{"line":114,"column":5},"end":{"line":117,"column":5}},"locations":[{"start":{"line":114,"column":5},"end":{"line":117,"column":5}}]},"22":{"type":"branch","line":141,"loc":{"start":{"line":141,"column":16},"end":{"line":143,"column":1}},"locations":[{"start":{"line":141,"column":16},"end":{"line":143,"column":1}}]}},"b":{"0":[3],"1":[1],"2":[2],"3":[1],"4":[0],"5":[1],"6":[0],"7":[1],"8":[0],"9":[0],"10":[3],"11":[1],"12":[2],"13":[1],"14":[0],"15":[0],"16":[3],"17":[1],"18":[2],"19":[1],"20":[0],"21":[0],"22":[1]},"fnMap":{"0":{"name":"signup","decl":{"start":{"line":13,"column":15},"end":{"line":39,"column":1}},"loc":{"start":{"line":13,"column":15},"end":{"line":39,"column":1}},"line":13},"1":{"name":"verifyCode","decl":{"start":{"line":52,"column":19},"end":{"line":81,"column":1}},"loc":{"start":{"line":52,"column":19},"end":{"line":81,"column":1}},"line":52},"2":{"name":"login","decl":{"start":{"line":90,"column":14},"end":{"line":118,"column":1}},"loc":{"start":{"line":90,"column":14},"end":{"line":118,"column":1}},"line":90},"3":{"name":"getCode","decl":{"start":{"line":141,"column":16},"end":{"line":143,"column":1}},"loc":{"start":{"line":141,"column":16},"end":{"line":143,"column":1}},"line":141},"4":{"name":"authenticate","decl":{"start":{"line":148,"column":21},"end":{"line":154,"column":1}},"loc":{"start":{"line":148,"column":21},"end":{"line":154,"column":1}},"line":148}},"f":{"0":3,"1":3,"2":3,"3":1,"4":0}}
,"C:\\Users\\giova\\Desktop\\uni\\1_ANNO\\SWE2\\progetto\\BattistonDeLucia-swe2\\ITD\\server\\controller\\driver\\smsAPI.js": {"path":"C:\\Users\\giova\\Desktop\\uni\\1_ANNO\\SWE2\\progetto\\BattistonDeLucia-swe2\\ITD\\server\\controller\\driver\\smsAPI.js","all":false,"statementMap":{"0":{"start":{"line":1,"column":0},"end":{"line":1,"column":45}},"1":{"start":{"line":2,"column":0},"end":{"line":2,"column":0}},"2":{"start":{"line":3,"column":0},"end":{"line":3,"column":3}},"3":{"start":{"line":4,"column":0},"end":{"line":4,"column":54}},"4":{"start":{"line":5,"column":0},"end":{"line":5,"column":54}},"5":{"start":{"line":6,"column":0},"end":{"line":6,"column":40}},"6":{"start":{"line":7,"column":0},"end":{"line":7,"column":3}},"7":{"start":{"line":8,"column":0},"end":{"line":8,"column":55}},"8":{"start":{"line":9,"column":0},"end":{"line":9,"column":49}},"9":{"start":{"line":10,"column":0},"end":{"line":10,"column":1}}},"s":{"0":1,"1":1,"2":1,"3":1,"4":1,"5":1,"6":1,"7":1,"8":1,"9":1},"branchMap":{"0":{"type":"branch","line":8,"loc":{"start":{"line":8,"column":31},"end":{"line":10,"column":1}},"locations":[{"start":{"line":8,"column":31},"end":{"line":10,"column":1}}]}},"b":{"0":[1]},"fnMap":{"0":{"name":"Object.<anonymous>.exports.sendVerificationCode","decl":{"start":{"line":8,"column":31},"end":{"line":10,"column":1}},"loc":{"start":{"line":8,"column":31},"end":{"line":10,"column":1}},"line":8}},"f":{"0":1}}
,"C:\\Users\\giova\\Desktop\\uni\\1_ANNO\\SWE2\\progetto\\BattistonDeLucia-swe2\\ITD\\server\\db\\db.js": {"path":"C:\\Users\\giova\\Desktop\\uni\\1_ANNO\\SWE2\\progetto\\BattistonDeLucia-swe2\\ITD\\server\\db\\db.js","all":false,"statementMap":{"0":{"start":{"line":1,"column":0},"end":{"line":1,"column":32}},"1":{"start":{"line":2,"column":0},"end":{"line":2,"column":29}},"2":{"start":{"line":3,"column":0},"end":{"line":3,"column":66}},"3":{"start":{"line":4,"column":0},"end":{"line":4,"column":0}},"4":{"start":{"line":5,"column":0},"end":{"line":5,"column":32}},"5":{"start":{"line":6,"column":0},"end":{"line":6,"column":0}},"6":{"start":{"line":7,"column":0},"end":{"line":7,"column":3}},"7":{"start":{"line":8,"column":0},"end":{"line":8,"column":125}},"8":{"start":{"line":9,"column":0},"end":{"line":9,"column":3}},"9":{"start":{"line":10,"column":0},"end":{"line":10,"column":23}},"10":{"start":{"line":11,"column":0},"end":{"line":11,"column":28}},"11":{"start":{"line":12,"column":0},"end":{"line":12,"column":36}},"12":{"start":{"line":13,"column":0},"end":{"line":13,"column":121}},"13":{"start":{"line":14,"column":0},"end":{"line":14,"column":13}},"14":{"start":{"line":15,"column":0},"end":{"line":15,"column":20}},"15":{"start":{"line":16,"column":0},"end":{"line":16,"column":2}},"16":{"start":{"line":17,"column":0},"end":{"line":17,"column":0}},"17":{"start":{"line":18,"column":0},"end":{"line":18,"column":22}}},"s":{"0":1,"1":1,"2":1,"3":1,"4":1,"5":1,"6":1,"7":1,"8":1,"9":1,"10":1,"11":1,"12":1,"13":1,"14":1,"15":1,"16":1,"17":1},"branchMap":{},"b":{},"fnMap":{},"f":{}}
}
