{"C:\\Users\\giova\\Desktop\\uni\\1_ANNO\\SWE2\\progetto\\BattistonDeLucia-swe2\\ITD\\server\\controller\\QueryManager.js": {"path":"C:\\Users\\giova\\Desktop\\uni\\1_ANNO\\SWE2\\progetto\\BattistonDeLucia-swe2\\ITD\\server\\controller\\QueryManager.js","all":false,"statementMap":{"0":{"start":{"line":1,"column":0},"end":{"line":1,"column":32}},"1":{"start":{"line":2,"column":0},"end":{"line":2,"column":35}},"2":{"start":{"line":3,"column":0},"end":{"line":3,"column":32}},"3":{"start":{"line":4,"column":0},"end":{"line":4,"column":28}},"4":{"start":{"line":5,"column":0},"end":{"line":5,"column":32}},"5":{"start":{"line":6,"column":0},"end":{"line":6,"column":0}},"6":{"start":{"line":7,"column":0},"end":{"line":7,"column":39}},"7":{"start":{"line":8,"column":0},"end":{"line":8,"column":0}},"8":{"start":{"line":9,"column":0},"end":{"line":9,"column":7}},"9":{"start":{"line":10,"column":0},"end":{"line":10,"column":71}},"10":{"start":{"line":11,"column":0},"end":{"line":11,"column":46}},"11":{"start":{"line":12,"column":0},"end":{"line":12,"column":37}},"12":{"start":{"line":13,"column":0},"end":{"line":13,"column":7}},"13":{"start":{"line":14,"column":0},"end":{"line":14,"column":35}},"14":{"start":{"line":15,"column":0},"end":{"line":15,"column":35}},"15":{"start":{"line":16,"column":0},"end":{"line":16,"column":26}},"16":{"start":{"line":17,"column":0},"end":{"line":17,"column":33}},"17":{"start":{"line":18,"column":0},"end":{"line":18,"column":5}},"18":{"start":{"line":19,"column":0},"end":{"line":19,"column":0}},"19":{"start":{"line":20,"column":0},"end":{"line":20,"column":12}},"20":{"start":{"line":21,"column":0},"end":{"line":21,"column":0}},"21":{"start":{"line":22,"column":0},"end":{"line":22,"column":11}},"22":{"start":{"line":23,"column":0},"end":{"line":23,"column":28}},"23":{"start":{"line":24,"column":0},"end":{"line":24,"column":58}},"24":{"start":{"line":25,"column":0},"end":{"line":25,"column":56}},"25":{"start":{"line":26,"column":0},"end":{"line":26,"column":55}},"26":{"start":{"line":27,"column":0},"end":{"line":27,"column":62}},"27":{"start":{"line":28,"column":0},"end":{"line":28,"column":42}},"28":{"start":{"line":29,"column":0},"end":{"line":29,"column":11}},"29":{"start":{"line":30,"column":0},"end":{"line":30,"column":77}},"30":{"start":{"line":31,"column":0},"end":{"line":31,"column":56}},"31":{"start":{"line":32,"column":0},"end":{"line":32,"column":176}},"32":{"start":{"line":33,"column":0},"end":{"line":33,"column":33}},"33":{"start":{"line":34,"column":0},"end":{"line":34,"column":10}},"34":{"start":{"line":35,"column":0},"end":{"line":35,"column":0}},"35":{"start":{"line":36,"column":0},"end":{"line":36,"column":11}},"36":{"start":{"line":37,"column":0},"end":{"line":37,"column":28}},"37":{"start":{"line":38,"column":0},"end":{"line":38,"column":57}},"38":{"start":{"line":39,"column":0},"end":{"line":39,"column":54}},"39":{"start":{"line":40,"column":0},"end":{"line":40,"column":48}},"40":{"start":{"line":41,"column":0},"end":{"line":41,"column":41}},"41":{"start":{"line":42,"column":0},"end":{"line":42,"column":11}},"42":{"start":{"line":43,"column":0},"end":{"line":43,"column":60}},"43":{"start":{"line":44,"column":0},"end":{"line":44,"column":56}},"44":{"start":{"line":45,"column":0},"end":{"line":45,"column":147}},"45":{"start":{"line":46,"column":0},"end":{"line":46,"column":33}},"46":{"start":{"line":47,"column":0},"end":{"line":47,"column":10}},"47":{"start":{"line":48,"column":0},"end":{"line":48,"column":0}},"48":{"start":{"line":49,"column":0},"end":{"line":49,"column":11}},"49":{"start":{"line":50,"column":0},"end":{"line":50,"column":44}},"50":{"start":{"line":51,"column":0},"end":{"line":51,"column":64}},"51":{"start":{"line":52,"column":0},"end":{"line":52,"column":40}},"52":{"start":{"line":53,"column":0},"end":{"line":53,"column":11}},"53":{"start":{"line":54,"column":0},"end":{"line":54,"column":57}},"54":{"start":{"line":55,"column":0},"end":{"line":55,"column":96}},"55":{"start":{"line":56,"column":0},"end":{"line":56,"column":35}},"56":{"start":{"line":57,"column":0},"end":{"line":57,"column":57}},"57":{"start":{"line":58,"column":0},"end":{"line":58,"column":10}},"58":{"start":{"line":59,"column":0},"end":{"line":59,"column":0}},"59":{"start":{"line":60,"column":0},"end":{"line":60,"column":11}},"60":{"start":{"line":61,"column":0},"end":{"line":61,"column":34}},"61":{"start":{"line":62,"column":0},"end":{"line":62,"column":48}},"62":{"start":{"line":63,"column":0},"end":{"line":63,"column":37}},"63":{"start":{"line":64,"column":0},"end":{"line":64,"column":11}},"64":{"start":{"line":65,"column":0},"end":{"line":65,"column":42}},"65":{"start":{"line":66,"column":0},"end":{"line":66,"column":87}},"66":{"start":{"line":67,"column":0},"end":{"line":67,"column":35}},"67":{"start":{"line":68,"column":0},"end":{"line":68,"column":54}},"68":{"start":{"line":69,"column":0},"end":{"line":69,"column":10}},"69":{"start":{"line":70,"column":0},"end":{"line":70,"column":0}},"70":{"start":{"line":71,"column":0},"end":{"line":71,"column":11}},"71":{"start":{"line":72,"column":0},"end":{"line":72,"column":99}},"72":{"start":{"line":73,"column":0},"end":{"line":73,"column":64}},"73":{"start":{"line":74,"column":0},"end":{"line":74,"column":57}},"74":{"start":{"line":75,"column":0},"end":{"line":75,"column":72}},"75":{"start":{"line":76,"column":0},"end":{"line":76,"column":11}},"76":{"start":{"line":77,"column":0},"end":{"line":77,"column":66}},"77":{"start":{"line":78,"column":0},"end":{"line":78,"column":96}},"78":{"start":{"line":79,"column":0},"end":{"line":79,"column":30}},"79":{"start":{"line":80,"column":0},"end":{"line":80,"column":62}},"80":{"start":{"line":81,"column":0},"end":{"line":81,"column":10}},"81":{"start":{"line":82,"column":0},"end":{"line":82,"column":0}},"82":{"start":{"line":83,"column":0},"end":{"line":83,"column":11}},"83":{"start":{"line":84,"column":0},"end":{"line":84,"column":96}},"84":{"start":{"line":85,"column":0},"end":{"line":85,"column":48}},"85":{"start":{"line":86,"column":0},"end":{"line":86,"column":54}},"86":{"start":{"line":87,"column":0},"end":{"line":87,"column":72}},"87":{"start":{"line":88,"column":0},"end":{"line":88,"column":11}},"88":{"start":{"line":89,"column":0},"end":{"line":89,"column":57}},"89":{"start":{"line":90,"column":0},"end":{"line":90,"column":87}},"90":{"start":{"line":91,"column":0},"end":{"line":91,"column":30}},"91":{"start":{"line":92,"column":0},"end":{"line":92,"column":62}},"92":{"start":{"line":93,"column":0},"end":{"line":93,"column":10}},"93":{"start":{"line":94,"column":0},"end":{"line":94,"column":0}},"94":{"start":{"line":95,"column":0},"end":{"line":95,"column":11}},"95":{"start":{"line":96,"column":0},"end":{"line":96,"column":39}},"96":{"start":{"line":97,"column":0},"end":{"line":97,"column":45}},"97":{"start":{"line":98,"column":0},"end":{"line":98,"column":29}},"98":{"start":{"line":99,"column":0},"end":{"line":99,"column":11}},"99":{"start":{"line":100,"column":0},"end":{"line":100,"column":42}},"100":{"start":{"line":101,"column":0},"end":{"line":101,"column":76}},"101":{"start":{"line":102,"column":0},"end":{"line":102,"column":33}},"102":{"start":{"line":103,"column":0},"end":{"line":103,"column":124}},"103":{"start":{"line":104,"column":0},"end":{"line":104,"column":0}},"104":{"start":{"line":105,"column":0},"end":{"line":105,"column":50}},"105":{"start":{"line":106,"column":0},"end":{"line":106,"column":33}},"106":{"start":{"line":107,"column":0},"end":{"line":107,"column":124}},"107":{"start":{"line":108,"column":0},"end":{"line":108,"column":13}},"108":{"start":{"line":109,"column":0},"end":{"line":109,"column":42}},"109":{"start":{"line":110,"column":0},"end":{"line":110,"column":28}},"110":{"start":{"line":111,"column":0},"end":{"line":111,"column":10}},"111":{"start":{"line":112,"column":0},"end":{"line":112,"column":0}},"112":{"start":{"line":113,"column":0},"end":{"line":113,"column":11}},"113":{"start":{"line":114,"column":0},"end":{"line":114,"column":42}},"114":{"start":{"line":115,"column":0},"end":{"line":115,"column":51}},"115":{"start":{"line":116,"column":0},"end":{"line":116,"column":29}},"116":{"start":{"line":117,"column":0},"end":{"line":117,"column":11}},"117":{"start":{"line":118,"column":0},"end":{"line":118,"column":48}},"118":{"start":{"line":119,"column":0},"end":{"line":119,"column":82}},"119":{"start":{"line":120,"column":0},"end":{"line":120,"column":33}},"120":{"start":{"line":121,"column":0},"end":{"line":121,"column":130}},"121":{"start":{"line":122,"column":0},"end":{"line":122,"column":0}},"122":{"start":{"line":123,"column":0},"end":{"line":123,"column":50}},"123":{"start":{"line":124,"column":0},"end":{"line":124,"column":33}},"124":{"start":{"line":125,"column":0},"end":{"line":125,"column":130}},"125":{"start":{"line":126,"column":0},"end":{"line":126,"column":13}},"126":{"start":{"line":127,"column":0},"end":{"line":127,"column":42}},"127":{"start":{"line":128,"column":0},"end":{"line":128,"column":28}},"128":{"start":{"line":129,"column":0},"end":{"line":129,"column":10}},"129":{"start":{"line":130,"column":0},"end":{"line":130,"column":0}},"130":{"start":{"line":131,"column":0},"end":{"line":131,"column":11}},"131":{"start":{"line":132,"column":0},"end":{"line":132,"column":50}},"132":{"start":{"line":133,"column":0},"end":{"line":133,"column":49}},"133":{"start":{"line":134,"column":0},"end":{"line":134,"column":126}},"134":{"start":{"line":135,"column":0},"end":{"line":135,"column":11}},"135":{"start":{"line":136,"column":0},"end":{"line":136,"column":41}},"136":{"start":{"line":137,"column":0},"end":{"line":137,"column":89}},"137":{"start":{"line":138,"column":0},"end":{"line":138,"column":35}},"138":{"start":{"line":139,"column":0},"end":{"line":139,"column":83}},"139":{"start":{"line":140,"column":0},"end":{"line":140,"column":10}},"140":{"start":{"line":141,"column":0},"end":{"line":141,"column":0}},"141":{"start":{"line":142,"column":0},"end":{"line":142,"column":11}},"142":{"start":{"line":143,"column":0},"end":{"line":143,"column":79}},"143":{"start":{"line":144,"column":0},"end":{"line":144,"column":45}},"144":{"start":{"line":145,"column":0},"end":{"line":145,"column":47}},"145":{"start":{"line":146,"column":0},"end":{"line":146,"column":80}},"146":{"start":{"line":147,"column":0},"end":{"line":147,"column":11}},"147":{"start":{"line":148,"column":0},"end":{"line":148,"column":57}},"148":{"start":{"line":149,"column":0},"end":{"line":149,"column":109}},"149":{"start":{"line":150,"column":0},"end":{"line":150,"column":52}},"150":{"start":{"line":151,"column":0},"end":{"line":151,"column":10}},"151":{"start":{"line":152,"column":0},"end":{"line":152,"column":0}},"152":{"start":{"line":153,"column":0},"end":{"line":153,"column":11}},"153":{"start":{"line":154,"column":0},"end":{"line":154,"column":57}},"154":{"start":{"line":155,"column":0},"end":{"line":155,"column":51}},"155":{"start":{"line":156,"column":0},"end":{"line":156,"column":62}},"156":{"start":{"line":157,"column":0},"end":{"line":157,"column":130}},"157":{"start":{"line":158,"column":0},"end":{"line":158,"column":11}},"158":{"start":{"line":159,"column":0},"end":{"line":159,"column":65}},"159":{"start":{"line":160,"column":0},"end":{"line":160,"column":173}},"160":{"start":{"line":161,"column":0},"end":{"line":161,"column":35}},"161":{"start":{"line":162,"column":0},"end":{"line":162,"column":131}},"162":{"start":{"line":163,"column":0},"end":{"line":163,"column":10}},"163":{"start":{"line":164,"column":0},"end":{"line":164,"column":0}},"164":{"start":{"line":165,"column":0},"end":{"line":165,"column":11}},"165":{"start":{"line":166,"column":0},"end":{"line":166,"column":54}},"166":{"start":{"line":167,"column":0},"end":{"line":167,"column":45}},"167":{"start":{"line":168,"column":0},"end":{"line":168,"column":59}},"168":{"start":{"line":169,"column":0},"end":{"line":169,"column":127}},"169":{"start":{"line":170,"column":0},"end":{"line":170,"column":11}},"170":{"start":{"line":171,"column":0},"end":{"line":171,"column":59}},"171":{"start":{"line":172,"column":0},"end":{"line":172,"column":164}},"172":{"start":{"line":173,"column":0},"end":{"line":173,"column":35}},"173":{"start":{"line":174,"column":0},"end":{"line":174,"column":125}},"174":{"start":{"line":175,"column":0},"end":{"line":175,"column":10}},"175":{"start":{"line":176,"column":0},"end":{"line":176,"column":0}},"176":{"start":{"line":177,"column":0},"end":{"line":177,"column":11}},"177":{"start":{"line":178,"column":0},"end":{"line":178,"column":67}},"178":{"start":{"line":179,"column":0},"end":{"line":179,"column":45}},"179":{"start":{"line":180,"column":0},"end":{"line":180,"column":112}},"180":{"start":{"line":181,"column":0},"end":{"line":181,"column":11}},"181":{"start":{"line":182,"column":0},"end":{"line":182,"column":52}},"182":{"start":{"line":183,"column":0},"end":{"line":183,"column":133}},"183":{"start":{"line":184,"column":0},"end":{"line":184,"column":35}},"184":{"start":{"line":185,"column":0},"end":{"line":185,"column":112}},"185":{"start":{"line":186,"column":0},"end":{"line":186,"column":10}},"186":{"start":{"line":187,"column":0},"end":{"line":187,"column":0}},"187":{"start":{"line":188,"column":0},"end":{"line":188,"column":11}},"188":{"start":{"line":189,"column":0},"end":{"line":189,"column":70}},"189":{"start":{"line":190,"column":0},"end":{"line":190,"column":51}},"190":{"start":{"line":191,"column":0},"end":{"line":191,"column":122}},"191":{"start":{"line":192,"column":0},"end":{"line":192,"column":11}},"192":{"start":{"line":193,"column":0},"end":{"line":193,"column":58}},"193":{"start":{"line":194,"column":0},"end":{"line":194,"column":148}},"194":{"start":{"line":195,"column":0},"end":{"line":195,"column":35}},"195":{"start":{"line":196,"column":0},"end":{"line":196,"column":118}},"196":{"start":{"line":197,"column":0},"end":{"line":197,"column":10}},"197":{"start":{"line":198,"column":0},"end":{"line":198,"column":0}},"198":{"start":{"line":199,"column":0},"end":{"line":199,"column":11}},"199":{"start":{"line":200,"column":0},"end":{"line":200,"column":59}},"200":{"start":{"line":201,"column":0},"end":{"line":201,"column":51}},"201":{"start":{"line":202,"column":0},"end":{"line":202,"column":41}},"202":{"start":{"line":203,"column":0},"end":{"line":203,"column":24}},"203":{"start":{"line":204,"column":0},"end":{"line":204,"column":11}},"204":{"start":{"line":205,"column":0},"end":{"line":205,"column":55}},"205":{"start":{"line":206,"column":0},"end":{"line":206,"column":111}},"206":{"start":{"line":207,"column":0},"end":{"line":207,"column":23}},"207":{"start":{"line":208,"column":0},"end":{"line":208,"column":10}},"208":{"start":{"line":209,"column":0},"end":{"line":209,"column":0}},"209":{"start":{"line":210,"column":0},"end":{"line":210,"column":11}},"210":{"start":{"line":211,"column":0},"end":{"line":211,"column":56}},"211":{"start":{"line":212,"column":0},"end":{"line":212,"column":45}},"212":{"start":{"line":213,"column":0},"end":{"line":213,"column":41}},"213":{"start":{"line":214,"column":0},"end":{"line":214,"column":24}},"214":{"start":{"line":215,"column":0},"end":{"line":215,"column":11}},"215":{"start":{"line":216,"column":0},"end":{"line":216,"column":49}},"216":{"start":{"line":217,"column":0},"end":{"line":217,"column":102}},"217":{"start":{"line":218,"column":0},"end":{"line":218,"column":23}},"218":{"start":{"line":219,"column":0},"end":{"line":219,"column":10}},"219":{"start":{"line":220,"column":0},"end":{"line":220,"column":0}},"220":{"start":{"line":221,"column":0},"end":{"line":221,"column":11}},"221":{"start":{"line":222,"column":0},"end":{"line":222,"column":59}},"222":{"start":{"line":223,"column":0},"end":{"line":223,"column":51}},"223":{"start":{"line":224,"column":0},"end":{"line":224,"column":24}},"224":{"start":{"line":225,"column":0},"end":{"line":225,"column":11}},"225":{"start":{"line":226,"column":0},"end":{"line":226,"column":47}},"226":{"start":{"line":227,"column":0},"end":{"line":227,"column":88}},"227":{"start":{"line":228,"column":0},"end":{"line":228,"column":23}},"228":{"start":{"line":229,"column":0},"end":{"line":229,"column":10}},"229":{"start":{"line":230,"column":0},"end":{"line":230,"column":0}},"230":{"start":{"line":231,"column":0},"end":{"line":231,"column":11}},"231":{"start":{"line":232,"column":0},"end":{"line":232,"column":56}},"232":{"start":{"line":233,"column":0},"end":{"line":233,"column":45}},"233":{"start":{"line":234,"column":0},"end":{"line":234,"column":24}},"234":{"start":{"line":235,"column":0},"end":{"line":235,"column":11}},"235":{"start":{"line":236,"column":0},"end":{"line":236,"column":41}},"236":{"start":{"line":237,"column":0},"end":{"line":237,"column":79}},"237":{"start":{"line":238,"column":0},"end":{"line":238,"column":23}},"238":{"start":{"line":239,"column":0},"end":{"line":239,"column":10}},"239":{"start":{"line":240,"column":0},"end":{"line":240,"column":0}},"240":{"start":{"line":241,"column":0},"end":{"line":241,"column":11}},"241":{"start":{"line":242,"column":0},"end":{"line":242,"column":26}},"242":{"start":{"line":243,"column":0},"end":{"line":243,"column":51}},"243":{"start":{"line":244,"column":0},"end":{"line":244,"column":24}},"244":{"start":{"line":245,"column":0},"end":{"line":245,"column":11}},"245":{"start":{"line":246,"column":0},"end":{"line":246,"column":43}},"246":{"start":{"line":247,"column":0},"end":{"line":247,"column":88}},"247":{"start":{"line":248,"column":0},"end":{"line":248,"column":76}},"248":{"start":{"line":249,"column":0},"end":{"line":249,"column":23}},"249":{"start":{"line":250,"column":0},"end":{"line":250,"column":10}},"250":{"start":{"line":251,"column":0},"end":{"line":251,"column":0}},"251":{"start":{"line":252,"column":0},"end":{"line":252,"column":11}},"252":{"start":{"line":253,"column":0},"end":{"line":253,"column":23}},"253":{"start":{"line":254,"column":0},"end":{"line":254,"column":45}},"254":{"start":{"line":255,"column":0},"end":{"line":255,"column":24}},"255":{"start":{"line":256,"column":0},"end":{"line":256,"column":11}},"256":{"start":{"line":257,"column":0},"end":{"line":257,"column":37}},"257":{"start":{"line":258,"column":0},"end":{"line":258,"column":79}},"258":{"start":{"line":259,"column":0},"end":{"line":259,"column":70}},"259":{"start":{"line":260,"column":0},"end":{"line":260,"column":23}},"260":{"start":{"line":261,"column":0},"end":{"line":261,"column":10}},"261":{"start":{"line":262,"column":0},"end":{"line":262,"column":0}},"262":{"start":{"line":263,"column":0},"end":{"line":263,"column":11}},"263":{"start":{"line":264,"column":0},"end":{"line":264,"column":133}},"264":{"start":{"line":265,"column":0},"end":{"line":265,"column":58}},"265":{"start":{"line":266,"column":0},"end":{"line":266,"column":60}},"266":{"start":{"line":267,"column":0},"end":{"line":267,"column":49}},"267":{"start":{"line":268,"column":0},"end":{"line":268,"column":10}},"268":{"start":{"line":269,"column":0},"end":{"line":269,"column":50}},"269":{"start":{"line":270,"column":0},"end":{"line":270,"column":62}},"270":{"start":{"line":271,"column":0},"end":{"line":271,"column":146}},"271":{"start":{"line":272,"column":0},"end":{"line":272,"column":72}},"272":{"start":{"line":273,"column":0},"end":{"line":273,"column":39}},"273":{"start":{"line":274,"column":0},"end":{"line":274,"column":33}},"274":{"start":{"line":275,"column":0},"end":{"line":275,"column":88}},"275":{"start":{"line":276,"column":0},"end":{"line":276,"column":31}},"276":{"start":{"line":277,"column":0},"end":{"line":277,"column":52}},"277":{"start":{"line":278,"column":0},"end":{"line":278,"column":17}},"278":{"start":{"line":279,"column":0},"end":{"line":279,"column":14}},"279":{"start":{"line":280,"column":0},"end":{"line":280,"column":155}},"280":{"start":{"line":281,"column":0},"end":{"line":281,"column":10}},"281":{"start":{"line":282,"column":0},"end":{"line":282,"column":0}},"282":{"start":{"line":283,"column":0},"end":{"line":283,"column":11}},"283":{"start":{"line":284,"column":0},"end":{"line":284,"column":33}},"284":{"start":{"line":285,"column":0},"end":{"line":285,"column":45}},"285":{"start":{"line":286,"column":0},"end":{"line":286,"column":38}},"286":{"start":{"line":287,"column":0},"end":{"line":287,"column":11}},"287":{"start":{"line":288,"column":0},"end":{"line":288,"column":41}},"288":{"start":{"line":289,"column":0},"end":{"line":289,"column":89}},"289":{"start":{"line":290,"column":0},"end":{"line":290,"column":33}},"290":{"start":{"line":291,"column":0},"end":{"line":291,"column":93}},"291":{"start":{"line":292,"column":0},"end":{"line":292,"column":10}},"292":{"start":{"line":293,"column":0},"end":{"line":293,"column":0}},"293":{"start":{"line":294,"column":0},"end":{"line":294,"column":11}},"294":{"start":{"line":295,"column":0},"end":{"line":295,"column":87}},"295":{"start":{"line":296,"column":0},"end":{"line":296,"column":46}},"296":{"start":{"line":297,"column":0},"end":{"line":297,"column":57}},"297":{"start":{"line":298,"column":0},"end":{"line":298,"column":10}},"298":{"start":{"line":299,"column":0},"end":{"line":299,"column":44}},"299":{"start":{"line":300,"column":0},"end":{"line":300,"column":135}},"300":{"start":{"line":301,"column":0},"end":{"line":301,"column":109}},"301":{"start":{"line":302,"column":0},"end":{"line":302,"column":214}},"302":{"start":{"line":303,"column":0},"end":{"line":303,"column":0}},"303":{"start":{"line":304,"column":0},"end":{"line":304,"column":38}},"304":{"start":{"line":305,"column":0},"end":{"line":305,"column":35}},"305":{"start":{"line":306,"column":0},"end":{"line":306,"column":35}},"306":{"start":{"line":307,"column":0},"end":{"line":307,"column":60}},"307":{"start":{"line":308,"column":0},"end":{"line":308,"column":44}},"308":{"start":{"line":309,"column":0},"end":{"line":309,"column":79}},"309":{"start":{"line":310,"column":0},"end":{"line":310,"column":146}},"310":{"start":{"line":311,"column":0},"end":{"line":311,"column":14}},"311":{"start":{"line":312,"column":0},"end":{"line":312,"column":143}},"312":{"start":{"line":313,"column":0},"end":{"line":313,"column":10}},"313":{"start":{"line":314,"column":0},"end":{"line":314,"column":0}},"314":{"start":{"line":315,"column":0},"end":{"line":315,"column":11}},"315":{"start":{"line":316,"column":0},"end":{"line":316,"column":82}},"316":{"start":{"line":317,"column":0},"end":{"line":317,"column":46}},"317":{"start":{"line":318,"column":0},"end":{"line":318,"column":47}},"318":{"start":{"line":319,"column":0},"end":{"line":319,"column":10}},"319":{"start":{"line":320,"column":0},"end":{"line":320,"column":43}},"320":{"start":{"line":321,"column":0},"end":{"line":321,"column":63}},"321":{"start":{"line":322,"column":0},"end":{"line":322,"column":157}},"322":{"start":{"line":323,"column":0},"end":{"line":323,"column":44}},"323":{"start":{"line":324,"column":0},"end":{"line":324,"column":30}},"324":{"start":{"line":325,"column":0},"end":{"line":325,"column":183}},"325":{"start":{"line":326,"column":0},"end":{"line":326,"column":70}},"326":{"start":{"line":327,"column":0},"end":{"line":327,"column":84}},"327":{"start":{"line":328,"column":0},"end":{"line":328,"column":91}},"328":{"start":{"line":329,"column":0},"end":{"line":329,"column":90}},"329":{"start":{"line":330,"column":0},"end":{"line":330,"column":129}},"330":{"start":{"line":331,"column":0},"end":{"line":331,"column":132}},"331":{"start":{"line":332,"column":0},"end":{"line":332,"column":90}},"332":{"start":{"line":333,"column":0},"end":{"line":333,"column":163}},"333":{"start":{"line":334,"column":0},"end":{"line":334,"column":211}},"334":{"start":{"line":335,"column":0},"end":{"line":335,"column":107}},"335":{"start":{"line":336,"column":0},"end":{"line":336,"column":41}},"336":{"start":{"line":337,"column":0},"end":{"line":337,"column":35}},"337":{"start":{"line":338,"column":0},"end":{"line":338,"column":163}},"338":{"start":{"line":339,"column":0},"end":{"line":339,"column":16}},"339":{"start":{"line":340,"column":0},"end":{"line":340,"column":192}},"340":{"start":{"line":341,"column":0},"end":{"line":341,"column":10}},"341":{"start":{"line":342,"column":0},"end":{"line":342,"column":0}},"342":{"start":{"line":343,"column":0},"end":{"line":343,"column":11}},"343":{"start":{"line":344,"column":0},"end":{"line":344,"column":93}},"344":{"start":{"line":345,"column":0},"end":{"line":345,"column":43}},"345":{"start":{"line":346,"column":0},"end":{"line":346,"column":52}},"346":{"start":{"line":347,"column":0},"end":{"line":347,"column":54}},"347":{"start":{"line":348,"column":0},"end":{"line":348,"column":60}},"348":{"start":{"line":349,"column":0},"end":{"line":349,"column":86}},"349":{"start":{"line":350,"column":0},"end":{"line":350,"column":11}},"350":{"start":{"line":351,"column":0},"end":{"line":351,"column":65}},"351":{"start":{"line":352,"column":0},"end":{"line":352,"column":41}},"352":{"start":{"line":353,"column":0},"end":{"line":353,"column":0}},"353":{"start":{"line":354,"column":0},"end":{"line":354,"column":0}},"354":{"start":{"line":355,"column":0},"end":{"line":355,"column":57}},"355":{"start":{"line":356,"column":0},"end":{"line":356,"column":70}},"356":{"start":{"line":357,"column":0},"end":{"line":357,"column":87}},"357":{"start":{"line":358,"column":0},"end":{"line":358,"column":75}},"358":{"start":{"line":359,"column":0},"end":{"line":359,"column":84}},"359":{"start":{"line":360,"column":0},"end":{"line":360,"column":83}},"360":{"start":{"line":361,"column":0},"end":{"line":361,"column":175}},"361":{"start":{"line":362,"column":0},"end":{"line":362,"column":0}},"362":{"start":{"line":363,"column":0},"end":{"line":363,"column":37}},"363":{"start":{"line":364,"column":0},"end":{"line":364,"column":76}},"364":{"start":{"line":365,"column":0},"end":{"line":365,"column":0}},"365":{"start":{"line":366,"column":0},"end":{"line":366,"column":56}},"366":{"start":{"line":367,"column":0},"end":{"line":367,"column":69}},"367":{"start":{"line":368,"column":0},"end":{"line":368,"column":86}},"368":{"start":{"line":369,"column":0},"end":{"line":369,"column":74}},"369":{"start":{"line":370,"column":0},"end":{"line":370,"column":83}},"370":{"start":{"line":371,"column":0},"end":{"line":371,"column":82}},"371":{"start":{"line":372,"column":0},"end":{"line":372,"column":148}},"372":{"start":{"line":373,"column":0},"end":{"line":373,"column":107}},"373":{"start":{"line":374,"column":0},"end":{"line":374,"column":0}},"374":{"start":{"line":375,"column":0},"end":{"line":375,"column":89}},"375":{"start":{"line":376,"column":0},"end":{"line":376,"column":100}},"376":{"start":{"line":377,"column":0},"end":{"line":377,"column":28}},"377":{"start":{"line":378,"column":0},"end":{"line":378,"column":68}},"378":{"start":{"line":379,"column":0},"end":{"line":379,"column":45}},"379":{"start":{"line":380,"column":0},"end":{"line":380,"column":89}},"380":{"start":{"line":381,"column":0},"end":{"line":381,"column":0}},"381":{"start":{"line":382,"column":0},"end":{"line":382,"column":99}},"382":{"start":{"line":383,"column":0},"end":{"line":383,"column":17}},"383":{"start":{"line":384,"column":0},"end":{"line":384,"column":0}},"384":{"start":{"line":385,"column":0},"end":{"line":385,"column":42}},"385":{"start":{"line":386,"column":0},"end":{"line":386,"column":13}},"386":{"start":{"line":387,"column":0},"end":{"line":387,"column":45}},"387":{"start":{"line":388,"column":0},"end":{"line":388,"column":83}},"388":{"start":{"line":389,"column":0},"end":{"line":389,"column":13}},"389":{"start":{"line":390,"column":0},"end":{"line":390,"column":24}},"390":{"start":{"line":391,"column":0},"end":{"line":391,"column":10}},"391":{"start":{"line":392,"column":0},"end":{"line":392,"column":0}},"392":{"start":{"line":393,"column":0},"end":{"line":393,"column":11}},"393":{"start":{"line":394,"column":0},"end":{"line":394,"column":99}},"394":{"start":{"line":395,"column":0},"end":{"line":395,"column":43}},"395":{"start":{"line":396,"column":0},"end":{"line":396,"column":52}},"396":{"start":{"line":397,"column":0},"end":{"line":397,"column":54}},"397":{"start":{"line":398,"column":0},"end":{"line":398,"column":64}},"398":{"start":{"line":399,"column":0},"end":{"line":399,"column":74}},"399":{"start":{"line":400,"column":0},"end":{"line":400,"column":11}},"400":{"start":{"line":401,"column":0},"end":{"line":401,"column":64}},"401":{"start":{"line":402,"column":0},"end":{"line":402,"column":46}},"402":{"start":{"line":403,"column":0},"end":{"line":403,"column":60}},"403":{"start":{"line":404,"column":0},"end":{"line":404,"column":70}},"404":{"start":{"line":405,"column":0},"end":{"line":405,"column":87}},"405":{"start":{"line":406,"column":0},"end":{"line":406,"column":75}},"406":{"start":{"line":407,"column":0},"end":{"line":407,"column":84}},"407":{"start":{"line":408,"column":0},"end":{"line":408,"column":83}},"408":{"start":{"line":409,"column":0},"end":{"line":409,"column":175}},"409":{"start":{"line":410,"column":0},"end":{"line":410,"column":72}},"410":{"start":{"line":411,"column":0},"end":{"line":411,"column":94}},"411":{"start":{"line":412,"column":0},"end":{"line":412,"column":69}},"412":{"start":{"line":413,"column":0},"end":{"line":413,"column":86}},"413":{"start":{"line":414,"column":0},"end":{"line":414,"column":74}},"414":{"start":{"line":415,"column":0},"end":{"line":415,"column":83}},"415":{"start":{"line":416,"column":0},"end":{"line":416,"column":82}},"416":{"start":{"line":417,"column":0},"end":{"line":417,"column":154}},"417":{"start":{"line":418,"column":0},"end":{"line":418,"column":36}},"418":{"start":{"line":419,"column":0},"end":{"line":419,"column":106}},"419":{"start":{"line":420,"column":0},"end":{"line":420,"column":10}},"420":{"start":{"line":421,"column":0},"end":{"line":421,"column":0}},"421":{"start":{"line":422,"column":0},"end":{"line":422,"column":11}},"422":{"start":{"line":423,"column":0},"end":{"line":423,"column":100}},"423":{"start":{"line":424,"column":0},"end":{"line":424,"column":47}},"424":{"start":{"line":425,"column":0},"end":{"line":425,"column":52}},"425":{"start":{"line":426,"column":0},"end":{"line":426,"column":54}},"426":{"start":{"line":427,"column":0},"end":{"line":427,"column":64}},"427":{"start":{"line":428,"column":0},"end":{"line":428,"column":60}},"428":{"start":{"line":429,"column":0},"end":{"line":429,"column":120}},"429":{"start":{"line":430,"column":0},"end":{"line":430,"column":11}},"430":{"start":{"line":431,"column":0},"end":{"line":431,"column":77}},"431":{"start":{"line":432,"column":0},"end":{"line":432,"column":46}},"432":{"start":{"line":433,"column":0},"end":{"line":433,"column":42}},"433":{"start":{"line":434,"column":0},"end":{"line":434,"column":59}},"434":{"start":{"line":435,"column":0},"end":{"line":435,"column":64}},"435":{"start":{"line":436,"column":0},"end":{"line":436,"column":74}},"436":{"start":{"line":437,"column":0},"end":{"line":437,"column":83}},"437":{"start":{"line":438,"column":0},"end":{"line":438,"column":82}},"438":{"start":{"line":439,"column":0},"end":{"line":439,"column":102}},"439":{"start":{"line":440,"column":0},"end":{"line":440,"column":63}},"440":{"start":{"line":441,"column":0},"end":{"line":441,"column":71}},"441":{"start":{"line":442,"column":0},"end":{"line":442,"column":74}},"442":{"start":{"line":443,"column":0},"end":{"line":443,"column":96}},"443":{"start":{"line":444,"column":0},"end":{"line":444,"column":88}},"444":{"start":{"line":445,"column":0},"end":{"line":445,"column":33}},"445":{"start":{"line":446,"column":0},"end":{"line":446,"column":73}},"446":{"start":{"line":447,"column":0},"end":{"line":447,"column":10}},"447":{"start":{"line":448,"column":0},"end":{"line":448,"column":0}},"448":{"start":{"line":449,"column":0},"end":{"line":449,"column":11}},"449":{"start":{"line":450,"column":0},"end":{"line":450,"column":83}},"450":{"start":{"line":451,"column":0},"end":{"line":451,"column":51}},"451":{"start":{"line":452,"column":0},"end":{"line":452,"column":51}},"452":{"start":{"line":453,"column":0},"end":{"line":453,"column":64}},"453":{"start":{"line":454,"column":0},"end":{"line":454,"column":60}},"454":{"start":{"line":455,"column":0},"end":{"line":455,"column":24}},"455":{"start":{"line":456,"column":0},"end":{"line":456,"column":11}},"456":{"start":{"line":457,"column":0},"end":{"line":457,"column":73}},"457":{"start":{"line":458,"column":0},"end":{"line":458,"column":46}},"458":{"start":{"line":459,"column":0},"end":{"line":459,"column":42}},"459":{"start":{"line":460,"column":0},"end":{"line":460,"column":166}},"460":{"start":{"line":461,"column":0},"end":{"line":461,"column":23}},"461":{"start":{"line":462,"column":0},"end":{"line":462,"column":10}},"462":{"start":{"line":463,"column":0},"end":{"line":463,"column":0}},"463":{"start":{"line":464,"column":0},"end":{"line":464,"column":11}},"464":{"start":{"line":465,"column":0},"end":{"line":465,"column":72}},"465":{"start":{"line":466,"column":0},"end":{"line":466,"column":45}},"466":{"start":{"line":467,"column":0},"end":{"line":467,"column":81}},"467":{"start":{"line":468,"column":0},"end":{"line":468,"column":11}},"468":{"start":{"line":469,"column":0},"end":{"line":469,"column":44}},"469":{"start":{"line":470,"column":0},"end":{"line":470,"column":344}},"470":{"start":{"line":471,"column":0},"end":{"line":471,"column":33}},"471":{"start":{"line":472,"column":0},"end":{"line":472,"column":132}},"472":{"start":{"line":473,"column":0},"end":{"line":473,"column":10}},"473":{"start":{"line":474,"column":0},"end":{"line":474,"column":0}},"474":{"start":{"line":475,"column":0},"end":{"line":475,"column":11}},"475":{"start":{"line":476,"column":0},"end":{"line":476,"column":56}},"476":{"start":{"line":477,"column":0},"end":{"line":477,"column":61}},"477":{"start":{"line":478,"column":0},"end":{"line":478,"column":60}},"478":{"start":{"line":479,"column":0},"end":{"line":479,"column":11}},"479":{"start":{"line":480,"column":0},"end":{"line":480,"column":46}},"480":{"start":{"line":481,"column":0},"end":{"line":481,"column":108}},"481":{"start":{"line":482,"column":0},"end":{"line":482,"column":33}},"482":{"start":{"line":483,"column":0},"end":{"line":483,"column":84}},"483":{"start":{"line":484,"column":0},"end":{"line":484,"column":10}},"484":{"start":{"line":485,"column":0},"end":{"line":485,"column":0}},"485":{"start":{"line":486,"column":0},"end":{"line":486,"column":11}},"486":{"start":{"line":487,"column":0},"end":{"line":487,"column":62}},"487":{"start":{"line":488,"column":0},"end":{"line":488,"column":51}},"488":{"start":{"line":489,"column":0},"end":{"line":489,"column":67}},"489":{"start":{"line":490,"column":0},"end":{"line":490,"column":11}},"490":{"start":{"line":491,"column":0},"end":{"line":491,"column":52}},"491":{"start":{"line":492,"column":0},"end":{"line":492,"column":187}},"492":{"start":{"line":493,"column":0},"end":{"line":493,"column":69}},"493":{"start":{"line":494,"column":0},"end":{"line":494,"column":86}},"494":{"start":{"line":495,"column":0},"end":{"line":495,"column":74}},"495":{"start":{"line":496,"column":0},"end":{"line":496,"column":83}},"496":{"start":{"line":497,"column":0},"end":{"line":497,"column":82}},"497":{"start":{"line":498,"column":0},"end":{"line":498,"column":80}},"498":{"start":{"line":499,"column":0},"end":{"line":499,"column":84}},"499":{"start":{"line":500,"column":0},"end":{"line":500,"column":322}},"500":{"start":{"line":501,"column":0},"end":{"line":501,"column":23}},"501":{"start":{"line":502,"column":0},"end":{"line":502,"column":10}},"502":{"start":{"line":503,"column":0},"end":{"line":503,"column":0}},"503":{"start":{"line":504,"column":0},"end":{"line":504,"column":11}},"504":{"start":{"line":505,"column":0},"end":{"line":505,"column":59}},"505":{"start":{"line":506,"column":0},"end":{"line":506,"column":51}},"506":{"start":{"line":507,"column":0},"end":{"line":507,"column":56}},"507":{"start":{"line":508,"column":0},"end":{"line":508,"column":24}},"508":{"start":{"line":509,"column":0},"end":{"line":509,"column":11}},"509":{"start":{"line":510,"column":0},"end":{"line":510,"column":70}},"510":{"start":{"line":511,"column":0},"end":{"line":511,"column":127}},"511":{"start":{"line":512,"column":0},"end":{"line":512,"column":23}},"512":{"start":{"line":513,"column":0},"end":{"line":513,"column":10}},"513":{"start":{"line":514,"column":0},"end":{"line":514,"column":0}},"514":{"start":{"line":515,"column":0},"end":{"line":515,"column":11}},"515":{"start":{"line":516,"column":0},"end":{"line":516,"column":63}},"516":{"start":{"line":517,"column":0},"end":{"line":517,"column":47}},"517":{"start":{"line":518,"column":0},"end":{"line":518,"column":65}},"518":{"start":{"line":519,"column":0},"end":{"line":519,"column":11}},"519":{"start":{"line":520,"column":0},"end":{"line":520,"column":47}},"520":{"start":{"line":521,"column":0},"end":{"line":521,"column":180}},"521":{"start":{"line":522,"column":0},"end":{"line":522,"column":75}},"522":{"start":{"line":523,"column":0},"end":{"line":523,"column":33}},"523":{"start":{"line":524,"column":0},"end":{"line":524,"column":265}},"524":{"start":{"line":525,"column":0},"end":{"line":525,"column":10}},"525":{"start":{"line":526,"column":0},"end":{"line":526,"column":0}},"526":{"start":{"line":527,"column":0},"end":{"line":527,"column":11}},"527":{"start":{"line":528,"column":0},"end":{"line":528,"column":25}},"528":{"start":{"line":529,"column":0},"end":{"line":529,"column":64}},"529":{"start":{"line":530,"column":0},"end":{"line":530,"column":47}},"530":{"start":{"line":531,"column":0},"end":{"line":531,"column":55}},"531":{"start":{"line":532,"column":0},"end":{"line":532,"column":57}},"532":{"start":{"line":533,"column":0},"end":{"line":533,"column":53}},"533":{"start":{"line":534,"column":0},"end":{"line":534,"column":75}},"534":{"start":{"line":535,"column":0},"end":{"line":535,"column":11}},"535":{"start":{"line":536,"column":0},"end":{"line":536,"column":71}},"536":{"start":{"line":537,"column":0},"end":{"line":537,"column":188}},"537":{"start":{"line":538,"column":0},"end":{"line":538,"column":33}},"538":{"start":{"line":539,"column":0},"end":{"line":539,"column":69}},"539":{"start":{"line":540,"column":0},"end":{"line":540,"column":10}},"540":{"start":{"line":541,"column":0},"end":{"line":541,"column":0}},"541":{"start":{"line":542,"column":0},"end":{"line":542,"column":11}},"542":{"start":{"line":543,"column":0},"end":{"line":543,"column":23}},"543":{"start":{"line":544,"column":0},"end":{"line":544,"column":64}},"544":{"start":{"line":545,"column":0},"end":{"line":545,"column":73}},"545":{"start":{"line":546,"column":0},"end":{"line":546,"column":11}},"546":{"start":{"line":547,"column":0},"end":{"line":547,"column":34}},"547":{"start":{"line":548,"column":0},"end":{"line":548,"column":118}},"548":{"start":{"line":549,"column":0},"end":{"line":549,"column":33}},"549":{"start":{"line":550,"column":0},"end":{"line":550,"column":69}},"550":{"start":{"line":551,"column":0},"end":{"line":551,"column":10}},"551":{"start":{"line":552,"column":0},"end":{"line":552,"column":0}},"552":{"start":{"line":553,"column":0},"end":{"line":553,"column":11}},"553":{"start":{"line":554,"column":0},"end":{"line":554,"column":27}},"554":{"start":{"line":555,"column":0},"end":{"line":555,"column":64}},"555":{"start":{"line":556,"column":0},"end":{"line":556,"column":51}},"556":{"start":{"line":557,"column":0},"end":{"line":557,"column":49}},"557":{"start":{"line":558,"column":0},"end":{"line":558,"column":77}},"558":{"start":{"line":559,"column":0},"end":{"line":559,"column":11}},"559":{"start":{"line":560,"column":0},"end":{"line":560,"column":49}},"560":{"start":{"line":561,"column":0},"end":{"line":561,"column":99}},"561":{"start":{"line":562,"column":0},"end":{"line":562,"column":55}},"562":{"start":{"line":563,"column":0},"end":{"line":563,"column":43}},"563":{"start":{"line":564,"column":0},"end":{"line":564,"column":39}},"564":{"start":{"line":565,"column":0},"end":{"line":565,"column":151}},"565":{"start":{"line":566,"column":0},"end":{"line":566,"column":41}},"566":{"start":{"line":567,"column":0},"end":{"line":567,"column":69}},"567":{"start":{"line":568,"column":0},"end":{"line":568,"column":10}},"568":{"start":{"line":569,"column":0},"end":{"line":569,"column":0}},"569":{"start":{"line":570,"column":0},"end":{"line":570,"column":11}},"570":{"start":{"line":571,"column":0},"end":{"line":571,"column":45}},"571":{"start":{"line":572,"column":0},"end":{"line":572,"column":47}},"572":{"start":{"line":573,"column":0},"end":{"line":573,"column":74}},"573":{"start":{"line":574,"column":0},"end":{"line":574,"column":69}},"574":{"start":{"line":575,"column":0},"end":{"line":575,"column":76}},"575":{"start":{"line":576,"column":0},"end":{"line":576,"column":63}},"576":{"start":{"line":577,"column":0},"end":{"line":577,"column":11}},"577":{"start":{"line":578,"column":0},"end":{"line":578,"column":72}},"578":{"start":{"line":579,"column":0},"end":{"line":579,"column":103}},"579":{"start":{"line":580,"column":0},"end":{"line":580,"column":43}},"580":{"start":{"line":581,"column":0},"end":{"line":581,"column":35}},"581":{"start":{"line":582,"column":0},"end":{"line":582,"column":185}},"582":{"start":{"line":583,"column":0},"end":{"line":583,"column":51}},"583":{"start":{"line":584,"column":0},"end":{"line":584,"column":117}},"584":{"start":{"line":585,"column":0},"end":{"line":585,"column":10}},"585":{"start":{"line":586,"column":0},"end":{"line":586,"column":0}},"586":{"start":{"line":587,"column":0},"end":{"line":587,"column":11}},"587":{"start":{"line":588,"column":0},"end":{"line":588,"column":44}},"588":{"start":{"line":589,"column":0},"end":{"line":589,"column":47}},"589":{"start":{"line":590,"column":0},"end":{"line":590,"column":49}},"590":{"start":{"line":591,"column":0},"end":{"line":591,"column":11}},"591":{"start":{"line":592,"column":0},"end":{"line":592,"column":36}},"592":{"start":{"line":593,"column":0},"end":{"line":593,"column":134}},"593":{"start":{"line":594,"column":0},"end":{"line":594,"column":33}},"594":{"start":{"line":595,"column":0},"end":{"line":595,"column":155}},"595":{"start":{"line":596,"column":0},"end":{"line":596,"column":10}},"596":{"start":{"line":597,"column":0},"end":{"line":597,"column":0}},"597":{"start":{"line":598,"column":0},"end":{"line":598,"column":11}},"598":{"start":{"line":599,"column":0},"end":{"line":599,"column":57}},"599":{"start":{"line":600,"column":0},"end":{"line":600,"column":47}},"600":{"start":{"line":601,"column":0},"end":{"line":601,"column":57}},"601":{"start":{"line":602,"column":0},"end":{"line":602,"column":11}},"602":{"start":{"line":603,"column":0},"end":{"line":603,"column":44}},"603":{"start":{"line":604,"column":0},"end":{"line":604,"column":100}},"604":{"start":{"line":605,"column":0},"end":{"line":605,"column":55}},"605":{"start":{"line":606,"column":0},"end":{"line":606,"column":35}},"606":{"start":{"line":607,"column":0},"end":{"line":607,"column":90}},"607":{"start":{"line":608,"column":0},"end":{"line":608,"column":10}},"608":{"start":{"line":609,"column":0},"end":{"line":609,"column":0}},"609":{"start":{"line":610,"column":0},"end":{"line":610,"column":11}},"610":{"start":{"line":611,"column":0},"end":{"line":611,"column":54}},"611":{"start":{"line":612,"column":0},"end":{"line":612,"column":47}},"612":{"start":{"line":613,"column":0},"end":{"line":613,"column":61}},"613":{"start":{"line":614,"column":0},"end":{"line":614,"column":140}},"614":{"start":{"line":615,"column":0},"end":{"line":615,"column":11}},"615":{"start":{"line":616,"column":0},"end":{"line":616,"column":54}},"616":{"start":{"line":617,"column":0},"end":{"line":617,"column":135}},"617":{"start":{"line":618,"column":0},"end":{"line":618,"column":51}},"618":{"start":{"line":619,"column":0},"end":{"line":619,"column":114}},"619":{"start":{"line":620,"column":0},"end":{"line":620,"column":10}},"620":{"start":{"line":621,"column":0},"end":{"line":621,"column":0}},"621":{"start":{"line":622,"column":0},"end":{"line":622,"column":11}},"622":{"start":{"line":623,"column":0},"end":{"line":623,"column":33}},"623":{"start":{"line":624,"column":0},"end":{"line":624,"column":64}},"624":{"start":{"line":625,"column":0},"end":{"line":625,"column":24}},"625":{"start":{"line":626,"column":0},"end":{"line":626,"column":11}},"626":{"start":{"line":627,"column":0},"end":{"line":627,"column":55}},"627":{"start":{"line":628,"column":0},"end":{"line":628,"column":101}},"628":{"start":{"line":629,"column":0},"end":{"line":629,"column":23}},"629":{"start":{"line":630,"column":0},"end":{"line":630,"column":10}},"630":{"start":{"line":631,"column":0},"end":{"line":631,"column":0}},"631":{"start":{"line":632,"column":0},"end":{"line":632,"column":11}},"632":{"start":{"line":633,"column":0},"end":{"line":633,"column":54}},"633":{"start":{"line":634,"column":0},"end":{"line":634,"column":47}},"634":{"start":{"line":635,"column":0},"end":{"line":635,"column":80}},"635":{"start":{"line":636,"column":0},"end":{"line":636,"column":11}},"636":{"start":{"line":637,"column":0},"end":{"line":637,"column":35}},"637":{"start":{"line":638,"column":0},"end":{"line":638,"column":127}},"638":{"start":{"line":639,"column":0},"end":{"line":639,"column":33}},"639":{"start":{"line":640,"column":0},"end":{"line":640,"column":144}},"640":{"start":{"line":641,"column":0},"end":{"line":641,"column":10}},"641":{"start":{"line":642,"column":0},"end":{"line":642,"column":0}},"642":{"start":{"line":643,"column":0},"end":{"line":643,"column":11}},"643":{"start":{"line":644,"column":0},"end":{"line":644,"column":45}},"644":{"start":{"line":645,"column":0},"end":{"line":645,"column":47}},"645":{"start":{"line":646,"column":0},"end":{"line":646,"column":50}},"646":{"start":{"line":647,"column":0},"end":{"line":647,"column":54}},"647":{"start":{"line":648,"column":0},"end":{"line":648,"column":72}},"648":{"start":{"line":649,"column":0},"end":{"line":649,"column":24}},"649":{"start":{"line":650,"column":0},"end":{"line":650,"column":11}},"650":{"start":{"line":651,"column":0},"end":{"line":651,"column":82}},"651":{"start":{"line":652,"column":0},"end":{"line":652,"column":185}},"652":{"start":{"line":653,"column":0},"end":{"line":653,"column":23}},"653":{"start":{"line":654,"column":0},"end":{"line":654,"column":10}},"654":{"start":{"line":655,"column":0},"end":{"line":655,"column":0}},"655":{"start":{"line":656,"column":0},"end":{"line":656,"column":11}},"656":{"start":{"line":657,"column":0},"end":{"line":657,"column":115}},"657":{"start":{"line":658,"column":0},"end":{"line":658,"column":53}},"658":{"start":{"line":659,"column":0},"end":{"line":659,"column":10}},"659":{"start":{"line":660,"column":0},"end":{"line":660,"column":47}},"660":{"start":{"line":661,"column":0},"end":{"line":661,"column":47}},"661":{"start":{"line":662,"column":0},"end":{"line":662,"column":17}},"662":{"start":{"line":663,"column":0},"end":{"line":663,"column":41}},"663":{"start":{"line":664,"column":0},"end":{"line":664,"column":32}},"664":{"start":{"line":665,"column":0},"end":{"line":665,"column":23}},"665":{"start":{"line":666,"column":0},"end":{"line":666,"column":44}},"666":{"start":{"line":667,"column":0},"end":{"line":667,"column":32}},"667":{"start":{"line":668,"column":0},"end":{"line":668,"column":13}},"668":{"start":{"line":669,"column":0},"end":{"line":669,"column":9}},"669":{"start":{"line":670,"column":0},"end":{"line":670,"column":5}},"670":{"start":{"line":671,"column":0},"end":{"line":671,"column":1}}},"s":{"0":1,"1":1,"2":1,"3":1,"4":1,"5":1,"6":1,"7":111,"8":111,"9":111,"10":111,"11":111,"12":111,"13":111,"14":8,"15":8,"16":8,"17":8,"18":111,"19":111,"20":111,"21":111,"22":111,"23":111,"24":111,"25":111,"26":111,"27":111,"28":111,"29":111,"30":6,"31":6,"32":6,"33":111,"34":111,"35":111,"36":111,"37":111,"38":111,"39":111,"40":111,"41":111,"42":111,"43":30,"44":30,"45":30,"46":111,"47":111,"48":111,"49":111,"50":111,"51":111,"52":111,"53":111,"54":3,"55":3,"56":3,"57":111,"58":111,"59":111,"60":111,"61":111,"62":111,"63":111,"64":111,"65":3,"66":3,"67":3,"68":111,"69":111,"70":111,"71":111,"72":111,"73":111,"74":111,"75":111,"76":111,"77":1,"78":1,"79":1,"80":111,"81":111,"82":111,"83":111,"84":111,"85":111,"86":111,"87":111,"88":111,"89":1,"90":1,"91":1,"92":111,"93":111,"94":111,"95":111,"96":111,"97":111,"98":111,"99":111,"100":27,"101":27,"102":27,"103":27,"104":27,"105":0,"106":0,"107":0,"108":27,"109":27,"110":111,"111":111,"112":111,"113":111,"114":111,"115":111,"116":111,"117":111,"118":3,"119":3,"120":3,"121":3,"122":3,"123":0,"124":0,"125":0,"126":3,"127":3,"128":111,"129":111,"130":111,"131":111,"132":111,"133":111,"134":111,"135":111,"136":29,"137":29,"138":29,"139":111,"140":111,"141":111,"142":111,"143":111,"144":111,"145":111,"146":111,"147":111,"148":14,"149":14,"150":111,"151":111,"152":111,"153":111,"154":111,"155":111,"156":111,"157":111,"158":111,"159":3,"160":3,"161":3,"162":111,"163":111,"164":111,"165":111,"166":111,"167":111,"168":111,"169":111,"170":111,"171":3,"172":3,"173":3,"174":111,"175":111,"176":111,"177":111,"178":111,"179":111,"180":111,"181":111,"182":3,"183":3,"184":3,"185":111,"186":111,"187":111,"188":111,"189":111,"190":111,"191":111,"192":111,"193":3,"194":3,"195":3,"196":111,"197":111,"198":111,"199":111,"200":111,"201":111,"202":111,"203":111,"204":111,"205":0,"206":0,"207":111,"208":111,"209":111,"210":111,"211":111,"212":111,"213":111,"214":111,"215":111,"216":0,"217":0,"218":111,"219":111,"220":111,"221":111,"222":111,"223":111,"224":111,"225":111,"226":1,"227":1,"228":111,"229":111,"230":111,"231":111,"232":111,"233":111,"234":111,"235":111,"236":1,"237":1,"238":111,"239":111,"240":111,"241":111,"242":111,"243":111,"244":111,"245":111,"246":1,"247":1,"248":1,"249":111,"250":111,"251":111,"252":111,"253":111,"254":111,"255":111,"256":111,"257":1,"258":1,"259":1,"260":111,"261":111,"262":111,"263":111,"264":111,"265":111,"266":111,"267":111,"268":111,"269":1,"270":1,"271":1,"272":1,"273":1,"274":3,"275":3,"276":0,"277":0,"278":1,"279":1,"280":111,"281":111,"282":111,"283":111,"284":111,"285":111,"286":111,"287":111,"288":3,"289":3,"290":3,"291":111,"292":111,"293":111,"294":111,"295":111,"296":111,"297":111,"298":111,"299":1,"300":1,"301":1,"302":1,"303":1,"304":1,"305":1,"306":1,"307":1,"308":0,"309":0,"310":1,"311":1,"312":111,"313":111,"314":111,"315":111,"316":111,"317":111,"318":111,"319":111,"320":1,"321":1,"322":1,"323":1,"324":1,"325":1,"326":1,"327":1,"328":1,"329":1,"330":1,"331":1,"332":1,"333":1,"334":1,"335":1,"336":1,"337":1,"338":0,"339":0,"340":111,"341":111,"342":111,"343":111,"344":111,"345":111,"346":111,"347":111,"348":111,"349":111,"350":111,"351":1,"352":1,"353":1,"354":1,"355":1,"356":1,"357":1,"358":1,"359":1,"360":1,"361":1,"362":1,"363":1,"364":1,"365":1,"366":1,"367":1,"368":1,"369":1,"370":1,"371":1,"372":1,"373":1,"374":1,"375":1,"376":1,"377":1,"378":0,"379":0,"380":0,"381":0,"382":0,"383":0,"384":0,"385":0,"386":1,"387":1,"388":1,"389":1,"390":111,"391":111,"392":111,"393":111,"394":111,"395":111,"396":111,"397":111,"398":111,"399":111,"400":111,"401":1,"402":1,"403":1,"404":1,"405":1,"406":1,"407":1,"408":1,"409":1,"410":1,"411":1,"412":1,"413":1,"414":1,"415":1,"416":1,"417":1,"418":1,"419":111,"420":111,"421":111,"422":111,"423":111,"424":111,"425":111,"426":111,"427":111,"428":111,"429":111,"430":111,"431":1,"432":1,"433":1,"434":1,"435":1,"436":1,"437":1,"438":1,"439":1,"440":1,"441":1,"442":1,"443":1,"444":1,"445":1,"446":111,"447":111,"448":111,"449":111,"450":111,"451":111,"452":111,"453":111,"454":111,"455":111,"456":111,"457":1,"458":1,"459":1,"460":1,"461":111,"462":111,"463":111,"464":111,"465":111,"466":111,"467":111,"468":111,"469":1,"470":1,"471":1,"472":111,"473":111,"474":111,"475":111,"476":111,"477":111,"478":111,"479":111,"480":0,"481":0,"482":0,"483":111,"484":111,"485":111,"486":111,"487":111,"488":111,"489":111,"490":111,"491":1,"492":1,"493":1,"494":1,"495":1,"496":1,"497":1,"498":1,"499":1,"500":1,"501":111,"502":111,"503":111,"504":111,"505":111,"506":111,"507":111,"508":111,"509":111,"510":0,"511":0,"512":111,"513":111,"514":111,"515":111,"516":111,"517":111,"518":111,"519":111,"520":1,"521":1,"522":1,"523":1,"524":111,"525":111,"526":111,"527":111,"528":111,"529":111,"530":111,"531":111,"532":111,"533":111,"534":111,"535":111,"536":20,"537":20,"538":20,"539":111,"540":111,"541":111,"542":111,"543":111,"544":111,"545":111,"546":111,"547":4,"548":4,"549":4,"550":111,"551":111,"552":111,"553":111,"554":111,"555":111,"556":111,"557":111,"558":111,"559":111,"560":2,"561":2,"562":2,"563":2,"564":2,"565":2,"566":2,"567":111,"568":111,"569":111,"570":111,"571":111,"572":111,"573":111,"574":111,"575":111,"576":111,"577":111,"578":1,"579":1,"580":1,"581":1,"582":1,"583":1,"584":111,"585":111,"586":111,"587":111,"588":111,"589":111,"590":111,"591":111,"592":1,"593":1,"594":1,"595":111,"596":111,"597":111,"598":111,"599":111,"600":111,"601":111,"602":111,"603":3,"604":3,"605":1,"606":1,"607":111,"608":111,"609":111,"610":111,"611":111,"612":111,"613":111,"614":111,"615":111,"616":1,"617":1,"618":1,"619":111,"620":111,"621":111,"622":111,"623":111,"624":111,"625":111,"626":111,"627":1,"628":1,"629":111,"630":111,"631":111,"632":111,"633":111,"634":111,"635":111,"636":111,"637":2,"638":2,"639":2,"640":111,"641":111,"642":111,"643":111,"644":111,"645":111,"646":111,"647":111,"648":111,"649":111,"650":111,"651":1,"652":1,"653":111,"654":111,"655":111,"656":111,"657":111,"658":111,"659":111,"660":44,"661":44,"662":44,"663":44,"664":44,"665":44,"666":44,"667":44,"668":44,"669":111,"670":111},"branchMap":{"0":{"type":"branch","line":7,"loc":{"start":{"line":7,"column":26},"end":{"line":671,"column":1}},"locations":[{"start":{"line":7,"column":26},"end":{"line":671,"column":1}}]},"1":{"type":"branch","line":14,"loc":{"start":{"line":14,"column":25},"end":{"line":18,"column":5}},"locations":[{"start":{"line":14,"column":25},"end":{"line":18,"column":5}}]},"2":{"type":"branch","line":30,"loc":{"start":{"line":30,"column":22},"end":{"line":34,"column":9}},"locations":[{"start":{"line":30,"column":22},"end":{"line":34,"column":9}}]},"3":{"type":"branch","line":43,"loc":{"start":{"line":43,"column":19},"end":{"line":47,"column":9}},"locations":[{"start":{"line":43,"column":19},"end":{"line":47,"column":9}}]},"4":{"type":"branch","line":54,"loc":{"start":{"line":54,"column":33},"end":{"line":58,"column":9}},"locations":[{"start":{"line":54,"column":33},"end":{"line":58,"column":9}}]},"5":{"type":"branch","line":57,"loc":{"start":{"line":57,"column":22},"end":{"line":57,"column":45}},"locations":[{"start":{"line":57,"column":22},"end":{"line":57,"column":45}}]},"6":{"type":"branch","line":57,"loc":{"start":{"line":57,"column":45},"end":{"line":57,"column":57}},"locations":[{"start":{"line":57,"column":45},"end":{"line":57,"column":57}}]},"7":{"type":"branch","line":65,"loc":{"start":{"line":65,"column":24},"end":{"line":69,"column":9}},"locations":[{"start":{"line":65,"column":24},"end":{"line":69,"column":9}}]},"8":{"type":"branch","line":68,"loc":{"start":{"line":68,"column":22},"end":{"line":68,"column":42}},"locations":[{"start":{"line":68,"column":22},"end":{"line":68,"column":42}}]},"9":{"type":"branch","line":68,"loc":{"start":{"line":68,"column":42},"end":{"line":68,"column":54}},"locations":[{"start":{"line":68,"column":42},"end":{"line":68,"column":54}}]},"10":{"type":"branch","line":77,"loc":{"start":{"line":77,"column":32},"end":{"line":81,"column":9}},"locations":[{"start":{"line":77,"column":32},"end":{"line":81,"column":9}}]},"11":{"type":"branch","line":89,"loc":{"start":{"line":89,"column":29},"end":{"line":93,"column":9}},"locations":[{"start":{"line":89,"column":29},"end":{"line":93,"column":9}}]},"12":{"type":"branch","line":100,"loc":{"start":{"line":100,"column":24},"end":{"line":111,"column":9}},"locations":[{"start":{"line":100,"column":24},"end":{"line":111,"column":9}}]},"13":{"type":"branch","line":105,"loc":{"start":{"line":105,"column":49},"end":{"line":108,"column":13}},"locations":[{"start":{"line":105,"column":49},"end":{"line":108,"column":13}}]},"14":{"type":"branch","line":118,"loc":{"start":{"line":118,"column":27},"end":{"line":129,"column":9}},"locations":[{"start":{"line":118,"column":27},"end":{"line":129,"column":9}}]},"15":{"type":"branch","line":123,"loc":{"start":{"line":123,"column":49},"end":{"line":126,"column":13}},"locations":[{"start":{"line":123,"column":49},"end":{"line":126,"column":13}}]},"16":{"type":"branch","line":136,"loc":{"start":{"line":136,"column":23},"end":{"line":140,"column":9}},"locations":[{"start":{"line":136,"column":23},"end":{"line":140,"column":9}}]},"17":{"type":"branch","line":139,"loc":{"start":{"line":139,"column":22},"end":{"line":139,"column":71}},"locations":[{"start":{"line":139,"column":22},"end":{"line":139,"column":71}}]},"18":{"type":"branch","line":139,"loc":{"start":{"line":139,"column":71},"end":{"line":139,"column":83}},"locations":[{"start":{"line":139,"column":71},"end":{"line":139,"column":83}}]},"19":{"type":"branch","line":148,"loc":{"start":{"line":148,"column":31},"end":{"line":151,"column":9}},"locations":[{"start":{"line":148,"column":31},"end":{"line":151,"column":9}}]},"20":{"type":"branch","line":159,"loc":{"start":{"line":159,"column":38},"end":{"line":163,"column":9}},"locations":[{"start":{"line":159,"column":38},"end":{"line":163,"column":9}}]},"21":{"type":"branch","line":162,"loc":{"start":{"line":162,"column":119},"end":{"line":162,"column":131}},"locations":[{"start":{"line":162,"column":119},"end":{"line":162,"column":131}}]},"22":{"type":"branch","line":171,"loc":{"start":{"line":171,"column":35},"end":{"line":175,"column":9}},"locations":[{"start":{"line":171,"column":35},"end":{"line":175,"column":9}}]},"23":{"type":"branch","line":174,"loc":{"start":{"line":174,"column":113},"end":{"line":174,"column":125}},"locations":[{"start":{"line":174,"column":113},"end":{"line":174,"column":125}}]},"24":{"type":"branch","line":182,"loc":{"start":{"line":182,"column":34},"end":{"line":186,"column":9}},"locations":[{"start":{"line":182,"column":34},"end":{"line":186,"column":9}}]},"25":{"type":"branch","line":185,"loc":{"start":{"line":185,"column":22},"end":{"line":185,"column":100}},"locations":[{"start":{"line":185,"column":22},"end":{"line":185,"column":100}}]},"26":{"type":"branch","line":185,"loc":{"start":{"line":185,"column":100},"end":{"line":185,"column":112}},"locations":[{"start":{"line":185,"column":100},"end":{"line":185,"column":112}}]},"27":{"type":"branch","line":193,"loc":{"start":{"line":193,"column":37},"end":{"line":197,"column":9}},"locations":[{"start":{"line":193,"column":37},"end":{"line":197,"column":9}}]},"28":{"type":"branch","line":196,"loc":{"start":{"line":196,"column":22},"end":{"line":196,"column":106}},"locations":[{"start":{"line":196,"column":22},"end":{"line":196,"column":106}}]},"29":{"type":"branch","line":196,"loc":{"start":{"line":196,"column":106},"end":{"line":196,"column":118}},"locations":[{"start":{"line":196,"column":106},"end":{"line":196,"column":118}}]},"30":{"type":"branch","line":226,"loc":{"start":{"line":226,"column":26},"end":{"line":229,"column":9}},"locations":[{"start":{"line":226,"column":26},"end":{"line":229,"column":9}}]},"31":{"type":"branch","line":236,"loc":{"start":{"line":236,"column":23},"end":{"line":239,"column":9}},"locations":[{"start":{"line":236,"column":23},"end":{"line":239,"column":9}}]},"32":{"type":"branch","line":246,"loc":{"start":{"line":246,"column":22},"end":{"line":250,"column":9}},"locations":[{"start":{"line":246,"column":22},"end":{"line":250,"column":9}}]},"33":{"type":"branch","line":257,"loc":{"start":{"line":257,"column":19},"end":{"line":261,"column":9}},"locations":[{"start":{"line":257,"column":19},"end":{"line":261,"column":9}}]},"34":{"type":"branch","line":269,"loc":{"start":{"line":269,"column":18},"end":{"line":281,"column":9}},"locations":[{"start":{"line":269,"column":18},"end":{"line":281,"column":9}}]},"35":{"type":"branch","line":280,"loc":{"start":{"line":280,"column":143},"end":{"line":280,"column":155}},"locations":[{"start":{"line":280,"column":143},"end":{"line":280,"column":155}}]},"36":{"type":"branch","line":271,"loc":{"start":{"line":271,"column":41},"end":{"line":271,"column":112}},"locations":[{"start":{"line":271,"column":41},"end":{"line":271,"column":112}}]},"37":{"type":"branch","line":274,"loc":{"start":{"line":274,"column":25},"end":{"line":279,"column":13}},"locations":[{"start":{"line":274,"column":25},"end":{"line":279,"column":13}}]},"38":{"type":"branch","line":276,"loc":{"start":{"line":276,"column":30},"end":{"line":278,"column":17}},"locations":[{"start":{"line":276,"column":30},"end":{"line":278,"column":17}}]},"39":{"type":"branch","line":275,"loc":{"start":{"line":275,"column":48},"end":{"line":275,"column":87}},"locations":[{"start":{"line":275,"column":48},"end":{"line":275,"column":87}}]},"40":{"type":"branch","line":280,"loc":{"start":{"line":280,"column":36},"end":{"line":280,"column":142}},"locations":[{"start":{"line":280,"column":36},"end":{"line":280,"column":142}}]},"41":{"type":"branch","line":288,"loc":{"start":{"line":288,"column":23},"end":{"line":292,"column":9}},"locations":[{"start":{"line":288,"column":23},"end":{"line":292,"column":9}}]},"42":{"type":"branch","line":291,"loc":{"start":{"line":291,"column":81},"end":{"line":291,"column":93}},"locations":[{"start":{"line":291,"column":81},"end":{"line":291,"column":93}}]},"43":{"type":"branch","line":291,"loc":{"start":{"line":291,"column":36},"end":{"line":291,"column":80}},"locations":[{"start":{"line":291,"column":36},"end":{"line":291,"column":80}}]},"44":{"type":"branch","line":299,"loc":{"start":{"line":299,"column":25},"end":{"line":313,"column":9}},"locations":[{"start":{"line":299,"column":25},"end":{"line":313,"column":9}}]},"45":{"type":"branch","line":307,"loc":{"start":{"line":307,"column":44},"end":{"line":307,"column":60}},"locations":[{"start":{"line":307,"column":44},"end":{"line":307,"column":60}}]},"46":{"type":"branch","line":320,"loc":{"start":{"line":320,"column":24},"end":{"line":341,"column":9}},"locations":[{"start":{"line":320,"column":24},"end":{"line":341,"column":9}}]},"47":{"type":"branch","line":324,"loc":{"start":{"line":324,"column":24},"end":{"line":324,"column":30}},"locations":[{"start":{"line":324,"column":24},"end":{"line":324,"column":30}}]},"48":{"type":"branch","line":338,"loc":{"start":{"line":338,"column":151},"end":{"line":338,"column":163}},"locations":[{"start":{"line":338,"column":151},"end":{"line":338,"column":163}}]},"49":{"type":"branch","line":339,"loc":{"start":{"line":339,"column":-2},"end":{"line":340,"column":192}},"locations":[{"start":{"line":339,"column":-2},"end":{"line":340,"column":192}}]},"50":{"type":"branch","line":351,"loc":{"start":{"line":351,"column":31},"end":{"line":391,"column":9}},"locations":[{"start":{"line":351,"column":31},"end":{"line":391,"column":9}}]},"51":{"type":"branch","line":375,"loc":{"start":{"line":375,"column":58},"end":{"line":375,"column":83}},"locations":[{"start":{"line":375,"column":58},"end":{"line":375,"column":83}}]},"52":{"type":"branch","line":378,"loc":{"start":{"line":378,"column":35},"end":{"line":378,"column":65}},"locations":[{"start":{"line":378,"column":35},"end":{"line":378,"column":65}}]},"53":{"type":"branch","line":378,"loc":{"start":{"line":378,"column":67},"end":{"line":386,"column":13}},"locations":[{"start":{"line":378,"column":67},"end":{"line":386,"column":13}}]},"54":{"type":"branch","line":401,"loc":{"start":{"line":401,"column":26},"end":{"line":420,"column":9}},"locations":[{"start":{"line":401,"column":26},"end":{"line":420,"column":9}}]},"55":{"type":"branch","line":410,"loc":{"start":{"line":410,"column":51},"end":{"line":410,"column":72}},"locations":[{"start":{"line":410,"column":51},"end":{"line":410,"column":72}}]},"56":{"type":"branch","line":419,"loc":{"start":{"line":419,"column":42},"end":{"line":419,"column":90}},"locations":[{"start":{"line":419,"column":42},"end":{"line":419,"column":90}}]},"57":{"type":"branch","line":431,"loc":{"start":{"line":431,"column":27},"end":{"line":447,"column":9}},"locations":[{"start":{"line":431,"column":27},"end":{"line":447,"column":9}}]},"58":{"type":"branch","line":446,"loc":{"start":{"line":446,"column":61},"end":{"line":446,"column":73}},"locations":[{"start":{"line":446,"column":61},"end":{"line":446,"column":73}}]},"59":{"type":"branch","line":457,"loc":{"start":{"line":457,"column":24},"end":{"line":462,"column":9}},"locations":[{"start":{"line":457,"column":24},"end":{"line":462,"column":9}}]},"60":{"type":"branch","line":469,"loc":{"start":{"line":469,"column":26},"end":{"line":473,"column":9}},"locations":[{"start":{"line":469,"column":26},"end":{"line":473,"column":9}}]},"61":{"type":"branch","line":472,"loc":{"start":{"line":472,"column":127},"end":{"line":472,"column":132}},"locations":[{"start":{"line":472,"column":127},"end":{"line":472,"column":132}}]},"62":{"type":"branch","line":491,"loc":{"start":{"line":491,"column":31},"end":{"line":502,"column":9}},"locations":[{"start":{"line":491,"column":31},"end":{"line":502,"column":9}}]},"63":{"type":"branch","line":520,"loc":{"start":{"line":520,"column":28},"end":{"line":525,"column":9}},"locations":[{"start":{"line":520,"column":28},"end":{"line":525,"column":9}}]},"64":{"type":"branch","line":524,"loc":{"start":{"line":524,"column":260},"end":{"line":524,"column":265}},"locations":[{"start":{"line":524,"column":260},"end":{"line":524,"column":265}}]},"65":{"type":"branch","line":536,"loc":{"start":{"line":536,"column":17},"end":{"line":540,"column":9}},"locations":[{"start":{"line":536,"column":17},"end":{"line":540,"column":9}}]},"66":{"type":"branch","line":539,"loc":{"start":{"line":539,"column":57},"end":{"line":539,"column":69}},"locations":[{"start":{"line":539,"column":57},"end":{"line":539,"column":69}}]},"67":{"type":"branch","line":547,"loc":{"start":{"line":547,"column":15},"end":{"line":551,"column":9}},"locations":[{"start":{"line":547,"column":15},"end":{"line":551,"column":9}}]},"68":{"type":"branch","line":550,"loc":{"start":{"line":550,"column":57},"end":{"line":550,"column":69}},"locations":[{"start":{"line":550,"column":57},"end":{"line":550,"column":69}}]},"69":{"type":"branch","line":560,"loc":{"start":{"line":560,"column":19},"end":{"line":568,"column":9}},"locations":[{"start":{"line":560,"column":19},"end":{"line":568,"column":9}}]},"70":{"type":"branch","line":564,"loc":{"start":{"line":564,"column":23},"end":{"line":564,"column":39}},"locations":[{"start":{"line":564,"column":23},"end":{"line":564,"column":39}}]},"71":{"type":"branch","line":567,"loc":{"start":{"line":567,"column":57},"end":{"line":567,"column":69}},"locations":[{"start":{"line":567,"column":57},"end":{"line":567,"column":69}}]},"72":{"type":"branch","line":578,"loc":{"start":{"line":578,"column":17},"end":{"line":585,"column":9}},"locations":[{"start":{"line":578,"column":17},"end":{"line":585,"column":9}}]},"73":{"type":"branch","line":581,"loc":{"start":{"line":581,"column":23},"end":{"line":581,"column":35}},"locations":[{"start":{"line":581,"column":23},"end":{"line":581,"column":35}}]},"74":{"type":"branch","line":583,"loc":{"start":{"line":583,"column":39},"end":{"line":583,"column":51}},"locations":[{"start":{"line":583,"column":39},"end":{"line":583,"column":51}}]},"75":{"type":"branch","line":592,"loc":{"start":{"line":592,"column":17},"end":{"line":596,"column":9}},"locations":[{"start":{"line":592,"column":17},"end":{"line":596,"column":9}}]},"76":{"type":"branch","line":595,"loc":{"start":{"line":595,"column":150},"end":{"line":595,"column":155}},"locations":[{"start":{"line":595,"column":150},"end":{"line":595,"column":155}}]},"77":{"type":"branch","line":595,"loc":{"start":{"line":595,"column":36},"end":{"line":595,"column":149}},"locations":[{"start":{"line":595,"column":36},"end":{"line":595,"column":149}}]},"78":{"type":"branch","line":603,"loc":{"start":{"line":603,"column":25},"end":{"line":608,"column":9}},"locations":[{"start":{"line":603,"column":25},"end":{"line":608,"column":9}}]},"79":{"type":"branch","line":605,"loc":{"start":{"line":605,"column":39},"end":{"line":605,"column":55}},"locations":[{"start":{"line":605,"column":39},"end":{"line":605,"column":55}}]},"80":{"type":"branch","line":606,"loc":{"start":{"line":606,"column":-2},"end":{"line":608,"column":9}},"locations":[{"start":{"line":606,"column":-2},"end":{"line":608,"column":9}}]},"81":{"type":"branch","line":616,"loc":{"start":{"line":616,"column":25},"end":{"line":620,"column":9}},"locations":[{"start":{"line":616,"column":25},"end":{"line":620,"column":9}}]},"82":{"type":"branch","line":618,"loc":{"start":{"line":618,"column":39},"end":{"line":618,"column":51}},"locations":[{"start":{"line":618,"column":39},"end":{"line":618,"column":51}}]},"83":{"type":"branch","line":627,"loc":{"start":{"line":627,"column":28},"end":{"line":630,"column":9}},"locations":[{"start":{"line":627,"column":28},"end":{"line":630,"column":9}}]},"84":{"type":"branch","line":637,"loc":{"start":{"line":637,"column":16},"end":{"line":641,"column":9}},"locations":[{"start":{"line":637,"column":16},"end":{"line":641,"column":9}}]},"85":{"type":"branch","line":640,"loc":{"start":{"line":640,"column":139},"end":{"line":640,"column":144}},"locations":[{"start":{"line":640,"column":139},"end":{"line":640,"column":144}}]},"86":{"type":"branch","line":651,"loc":{"start":{"line":651,"column":19},"end":{"line":654,"column":9}},"locations":[{"start":{"line":651,"column":19},"end":{"line":654,"column":9}}]},"87":{"type":"branch","line":660,"loc":{"start":{"line":660,"column":26},"end":{"line":669,"column":9}},"locations":[{"start":{"line":660,"column":26},"end":{"line":669,"column":9}}]}},"b":{"0":[111],"1":[8],"2":[6],"3":[30],"4":[3],"5":[1],"6":[2],"7":[3],"8":[1],"9":[2],"10":[1],"11":[1],"12":[27],"13":[0],"14":[3],"15":[0],"16":[29],"17":[23],"18":[6],"19":[14],"20":[3],"21":[0],"22":[3],"23":[0],"24":[3],"25":[2],"26":[1],"27":[3],"28":[2],"29":[1],"30":[1],"31":[1],"32":[1],"33":[1],"34":[1],"35":[0],"36":[16],"37":[3],"38":[0],"39":[12],"40":[3],"41":[3],"42":[0],"43":[2],"44":[1],"45":[0],"46":[1],"47":[0],"48":[0],"49":[0],"50":[1],"51":[0],"52":[0],"53":[0],"54":[1],"55":[0],"56":[0],"57":[1],"58":[0],"59":[1],"60":[1],"61":[0],"62":[1],"63":[1],"64":[0],"65":[20],"66":[0],"67":[4],"68":[0],"69":[2],"70":[0],"71":[0],"72":[1],"73":[0],"74":[0],"75":[1],"76":[0],"77":[1],"78":[3],"79":[2],"80":[1],"81":[1],"82":[0],"83":[1],"84":[2],"85":[0],"86":[1],"87":[44]},"fnMap":{"0":{"name":"Object.<anonymous>.exports.getQueryManager","decl":{"start":{"line":7,"column":26},"end":{"line":671,"column":1}},"loc":{"start":{"line":7,"column":26},"end":{"line":671,"column":1}},"line":7},"1":{"name":"standardize","decl":{"start":{"line":14,"column":25},"end":{"line":18,"column":5}},"loc":{"start":{"line":14,"column":25},"end":{"line":18,"column":5}},"line":14},"2":{"name":"createDriver","decl":{"start":{"line":30,"column":22},"end":{"line":34,"column":9}},"loc":{"start":{"line":30,"column":22},"end":{"line":34,"column":9}},"line":30},"3":{"name":"createCPO","decl":{"start":{"line":43,"column":19},"end":{"line":47,"column":9}},"loc":{"start":{"line":43,"column":19},"end":{"line":47,"column":9}},"line":43},"4":{"name":"findDriverByPhoneNumber","decl":{"start":{"line":54,"column":33},"end":{"line":58,"column":9}},"loc":{"start":{"line":54,"column":33},"end":{"line":58,"column":9}},"line":54},"5":{"name":"findCPOByEmail","decl":{"start":{"line":65,"column":24},"end":{"line":69,"column":9}},"loc":{"start":{"line":65,"column":24},"end":{"line":69,"column":9}},"line":65},"6":{"name":"checkDriverCredentials","decl":{"start":{"line":77,"column":32},"end":{"line":81,"column":9}},"loc":{"start":{"line":77,"column":32},"end":{"line":81,"column":9}},"line":77},"7":{"name":"checkCPOCredentials","decl":{"start":{"line":89,"column":29},"end":{"line":93,"column":9}},"loc":{"start":{"line":89,"column":29},"end":{"line":93,"column":9}},"line":89},"8":{"name":"createCPOToken","decl":{"start":{"line":100,"column":24},"end":{"line":111,"column":9}},"loc":{"start":{"line":100,"column":24},"end":{"line":111,"column":9}},"line":100},"9":{"name":"createDriverToken","decl":{"start":{"line":118,"column":27},"end":{"line":129,"column":9}},"loc":{"start":{"line":118,"column":27},"end":{"line":129,"column":9}},"line":118},"10":{"name":"validateToken","decl":{"start":{"line":136,"column":23},"end":{"line":140,"column":9}},"loc":{"start":{"line":136,"column":23},"end":{"line":140,"column":9}},"line":136},"11":{"name":"verifyEVCPAssociation","decl":{"start":{"line":148,"column":31},"end":{"line":151,"column":9}},"loc":{"start":{"line":148,"column":31},"end":{"line":151,"column":9}},"line":148},"12":{"name":"createDriverVerificationCode","decl":{"start":{"line":159,"column":38},"end":{"line":163,"column":9}},"loc":{"start":{"line":159,"column":38},"end":{"line":163,"column":9}},"line":159},"13":{"name":"createCPOVerificationCode","decl":{"start":{"line":171,"column":35},"end":{"line":175,"column":9}},"loc":{"start":{"line":171,"column":35},"end":{"line":175,"column":9}},"line":171},"14":{"name":"checkCPOVerificationCode","decl":{"start":{"line":182,"column":34},"end":{"line":186,"column":9}},"loc":{"start":{"line":182,"column":34},"end":{"line":186,"column":9}},"line":182},"15":{"name":"checkDriverVerificationCode","decl":{"start":{"line":193,"column":37},"end":{"line":197,"column":9}},"loc":{"start":{"line":193,"column":37},"end":{"line":197,"column":9}},"line":193},"16":{"name":"updateDriverCode","decl":{"start":{"line":205,"column":26},"end":{"line":208,"column":9}},"loc":{"start":{"line":205,"column":26},"end":{"line":208,"column":9}},"line":205},"17":{"name":"updateCPOCode","decl":{"start":{"line":216,"column":23},"end":{"line":219,"column":9}},"loc":{"start":{"line":216,"column":23},"end":{"line":219,"column":9}},"line":216},"18":{"name":"deleteDriverCode","decl":{"start":{"line":226,"column":26},"end":{"line":229,"column":9}},"loc":{"start":{"line":226,"column":26},"end":{"line":229,"column":9}},"line":226},"19":{"name":"deleteCPOCode","decl":{"start":{"line":236,"column":23},"end":{"line":239,"column":9}},"loc":{"start":{"line":236,"column":23},"end":{"line":239,"column":9}},"line":236},"20":{"name":"deleteDriver","decl":{"start":{"line":246,"column":22},"end":{"line":250,"column":9}},"loc":{"start":{"line":246,"column":22},"end":{"line":250,"column":9}},"line":246},"21":{"name":"deleteCPO","decl":{"start":{"line":257,"column":19},"end":{"line":261,"column":9}},"loc":{"start":{"line":257,"column":19},"end":{"line":261,"column":9}},"line":257},"22":{"name":"getEVCPs","decl":{"start":{"line":269,"column":18},"end":{"line":281,"column":9}},"loc":{"start":{"line":269,"column":18},"end":{"line":281,"column":9}},"line":269},"23":{"name":"getEVCPsByCPO","decl":{"start":{"line":288,"column":23},"end":{"line":292,"column":9}},"loc":{"start":{"line":288,"column":23},"end":{"line":292,"column":9}},"line":288},"24":{"name":"getSpecificEVCP","decl":{"start":{"line":299,"column":25},"end":{"line":313,"column":9}},"loc":{"start":{"line":299,"column":25},"end":{"line":313,"column":9}},"line":299},"25":{"name":"getDetailsEVCP","decl":{"start":{"line":320,"column":24},"end":{"line":341,"column":9}},"loc":{"start":{"line":320,"column":24},"end":{"line":341,"column":9}},"line":320},"26":{"name":"checkReservationSlots","decl":{"start":{"line":351,"column":31},"end":{"line":391,"column":9}},"loc":{"start":{"line":351,"column":31},"end":{"line":391,"column":9}},"line":351},"27":{"name":"checkMaxDuration","decl":{"start":{"line":401,"column":26},"end":{"line":420,"column":9}},"loc":{"start":{"line":401,"column":26},"end":{"line":420,"column":9}},"line":401},"28":{"name":"checkAvailability","decl":{"start":{"line":431,"column":27},"end":{"line":447,"column":9}},"loc":{"start":{"line":431,"column":27},"end":{"line":447,"column":9}},"line":431},"29":{"name":"addReservation","decl":{"start":{"line":457,"column":24},"end":{"line":462,"column":9}},"loc":{"start":{"line":457,"column":24},"end":{"line":462,"column":9}},"line":457},"30":{"name":"aggregateCPOData","decl":{"start":{"line":469,"column":26},"end":{"line":473,"column":9}},"loc":{"start":{"line":469,"column":26},"end":{"line":473,"column":9}},"line":469},"31":{"name":"findSocket","decl":{"start":{"line":480,"column":20},"end":{"line":484,"column":9}},"loc":{"start":{"line":480,"column":20},"end":{"line":484,"column":9}},"line":480},"32":{"name":"getDriverReservations","decl":{"start":{"line":491,"column":31},"end":{"line":502,"column":9}},"loc":{"start":{"line":491,"column":31},"end":{"line":502,"column":9}},"line":491},"33":{"name":"updateNotificationToken","decl":{"start":{"line":510,"column":33},"end":{"line":513,"column":9}},"loc":{"start":{"line":510,"column":33},"end":{"line":513,"column":9}},"line":510},"34":{"name":"getCPOReservations","decl":{"start":{"line":520,"column":28},"end":{"line":525,"column":9}},"loc":{"start":{"line":520,"column":28},"end":{"line":525,"column":9}},"line":520},"35":{"name":"addEVCP","decl":{"start":{"line":536,"column":17},"end":{"line":540,"column":9}},"loc":{"start":{"line":536,"column":17},"end":{"line":540,"column":9}},"line":536},"36":{"name":"addCP","decl":{"start":{"line":547,"column":15},"end":{"line":551,"column":9}},"loc":{"start":{"line":547,"column":15},"end":{"line":551,"column":9}},"line":547},"37":{"name":"addSocket","decl":{"start":{"line":560,"column":19},"end":{"line":568,"column":9}},"loc":{"start":{"line":560,"column":19},"end":{"line":568,"column":9}},"line":560},"38":{"name":"addRate","decl":{"start":{"line":578,"column":17},"end":{"line":585,"column":9}},"loc":{"start":{"line":578,"column":17},"end":{"line":585,"column":9}},"line":578},"39":{"name":"getRate","decl":{"start":{"line":592,"column":17},"end":{"line":596,"column":9}},"loc":{"start":{"line":592,"column":17},"end":{"line":596,"column":9}},"line":592},"40":{"name":"getSpecialOffer","decl":{"start":{"line":603,"column":25},"end":{"line":608,"column":9}},"loc":{"start":{"line":603,"column":25},"end":{"line":608,"column":9}},"line":603},"41":{"name":"addSpecialOffer","decl":{"start":{"line":616,"column":25},"end":{"line":620,"column":9}},"loc":{"start":{"line":616,"column":25},"end":{"line":620,"column":9}},"line":616},"42":{"name":"deleteSpecialOffer","decl":{"start":{"line":627,"column":28},"end":{"line":630,"column":9}},"loc":{"start":{"line":627,"column":28},"end":{"line":630,"column":9}},"line":627},"43":{"name":"getDSO","decl":{"start":{"line":637,"column":16},"end":{"line":641,"column":9}},"loc":{"start":{"line":637,"column":16},"end":{"line":641,"column":9}},"line":637},"44":{"name":"updateDSO","decl":{"start":{"line":651,"column":19},"end":{"line":654,"column":9}},"loc":{"start":{"line":651,"column":19},"end":{"line":654,"column":9}},"line":651},"45":{"name":"executeAndCancel","decl":{"start":{"line":660,"column":26},"end":{"line":669,"column":9}},"loc":{"start":{"line":660,"column":26},"end":{"line":669,"column":9}},"line":660}},"f":{"0":111,"1":8,"2":6,"3":30,"4":3,"5":3,"6":1,"7":1,"8":27,"9":3,"10":29,"11":14,"12":3,"13":3,"14":3,"15":3,"16":0,"17":0,"18":1,"19":1,"20":1,"21":1,"22":1,"23":3,"24":1,"25":1,"26":1,"27":1,"28":1,"29":1,"30":1,"31":0,"32":1,"33":0,"34":1,"35":20,"36":4,"37":2,"38":1,"39":1,"40":3,"41":1,"42":1,"43":2,"44":1,"45":44}}
[...]
,"C:\\Users\\giova\\Desktop\\uni\\1_ANNO\\SWE2\\progetto\\BattistonDeLucia-swe2\\ITD\\server\\controller\\driver\\CPSearch.js": {"path":"C:\\Users\\giova\\Desktop\\uni\\1_ANNO\\SWE2\\progetto\\BattistonDeLucia-swe2\\ITD\\server\\controller\\driver\\CPSearch.js","all":false,"statementMap":{"0":{"start":{"line":1,"column":0},"end":{"line":1,"column":42}},"1":{"start":{"line":2,"column":0},"end":{"line":2,"column":0}},"2":{"start":{"line":3,"column":0},"end":{"line":3,"column":47}},"3":{"start":{"line":4,"column":0},"end":{"line":4,"column":0}},"4":{"start":{"line":5,"column":0},"end":{"line":5,"column":3}},"5":{"start":{"line":6,"column":0},"end":{"line":6,"column":46}},"6":{"start":{"line":7,"column":0},"end":{"line":7,"column":3}},"7":{"start":{"line":8,"column":0},"end":{"line":8,"column":37}},"8":{"start":{"line":9,"column":0},"end":{"line":9,"column":29}},"9":{"start":{"line":10,"column":0},"end":{"line":10,"column":2}},"10":{"start":{"line":11,"column":0},"end":{"line":11,"column":0}},"11":{"start":{"line":12,"column":0},"end":{"line":12,"column":38}},"12":{"start":{"line":13,"column":0},"end":{"line":13,"column":45}},"13":{"start":{"line":14,"column":0},"end":{"line":14,"column":0}},"14":{"start":{"line":15,"column":0},"end":{"line":15,"column":70}},"15":{"start":{"line":16,"column":0},"end":{"line":16,"column":0}},"16":{"start":{"line":17,"column":0},"end":{"line":17,"column":73}},"17":{"start":{"line":18,"column":0},"end":{"line":18,"column":0}},"18":{"start":{"line":19,"column":0},"end":{"line":19,"column":36}},"19":{"start":{"line":20,"column":0},"end":{"line":20,"column":1}},"20":{"start":{"line":21,"column":0},"end":{"line":21,"column":0}},"21":{"start":{"line":22,"column":0},"end":{"line":22,"column":3}},"22":{"start":{"line":23,"column":0},"end":{"line":23,"column":27}},"23":{"start":{"line":24,"column":0},"end":{"line":24,"column":3}},"24":{"start":{"line":25,"column":0},"end":{"line":25,"column":40}},"25":{"start":{"line":26,"column":0},"end":{"line":26,"column":35}},"26":{"start":{"line":27,"column":0},"end":{"line":27,"column":2}},"27":{"start":{"line":28,"column":0},"end":{"line":28,"column":0}},"28":{"start":{"line":29,"column":0},"end":{"line":29,"column":44}},"29":{"start":{"line":30,"column":0},"end":{"line":30,"column":29}},"30":{"start":{"line":31,"column":0},"end":{"line":31,"column":0}},"31":{"start":{"line":32,"column":0},"end":{"line":32,"column":70}},"32":{"start":{"line":33,"column":0},"end":{"line":33,"column":0}},"33":{"start":{"line":34,"column":0},"end":{"line":34,"column":66}},"34":{"start":{"line":35,"column":0},"end":{"line":35,"column":0}},"35":{"start":{"line":36,"column":0},"end":{"line":36,"column":40}},"36":{"start":{"line":37,"column":0},"end":{"line":37,"column":1}},"37":{"start":{"line":38,"column":0},"end":{"line":38,"column":0}},"38":{"start":{"line":39,"column":0},"end":{"line":39,"column":63}}},"s":{"0":1,"1":1,"2":1,"3":1,"4":1,"5":1,"6":1,"7":1,"8":0,"9":0,"10":1,"11":1,"12":1,"13":1,"14":1,"15":1,"16":1,"17":1,"18":1,"19":1,"20":1,"21":1,"22":1,"23":1,"24":1,"25":0,"26":0,"27":1,"28":1,"29":1,"30":1,"31":1,"32":1,"33":1,"34":1,"35":1,"36":1,"37":1,"38":1},"branchMap":{"0":{"type":"branch","line":12,"loc":{"start":{"line":12,"column":17},"end":{"line":20,"column":1}},"locations":[{"start":{"line":12,"column":17},"end":{"line":20,"column":1}}]},"1":{"type":"branch","line":29,"loc":{"start":{"line":29,"column":23},"end":{"line":37,"column":1}},"locations":[{"start":{"line":29,"column":23},"end":{"line":37,"column":1}}]}},"b":{"0":[1],"1":[1]},"fnMap":{"0":{"name":"getEVCPs","decl":{"start":{"line":12,"column":17},"end":{"line":20,"column":1}},"loc":{"start":{"line":12,"column":17},"end":{"line":20,"column":1}},"line":12},"1":{"name":"getDetailsEVCP","decl":{"start":{"line":29,"column":23},"end":{"line":37,"column":1}},"loc":{"start":{"line":29,"column":23},"end":{"line":37,"column":1}},"line":29}},"f":{"0":1,"1":1}}
,"C:\\Users\\giova\\Desktop\\uni\\1_ANNO\\SWE2\\progetto\\BattistonDeLucia-swe2\\ITD\\server\\controller\\driver\\ReservationManager.js": {"path":"C:\\Users\\giova\\Desktop\\uni\\1_ANNO\\SWE2\\progetto\\BattistonDeLucia-swe2\\ITD\\server\\controller\\driver\\ReservationManager.js","all":false,"statementMap":{"0":{"start":{"line":1,"column":0},"end":{"line":1,"column":60}},"1":{"start":{"line":2,"column":0},"end":{"line":2,"column":47}},"2":{"start":{"line":3,"column":0},"end":{"line":3,"column":49}},"3":{"start":{"line":4,"column":0},"end":{"line":4,"column":42}},"4":{"start":{"line":5,"column":0},"end":{"line":5,"column":62}},"5":{"start":{"line":6,"column":0},"end":{"line":6,"column":0}},"6":{"start":{"line":7,"column":0},"end":{"line":7,"column":3}},"7":{"start":{"line":8,"column":0},"end":{"line":8,"column":74}},"8":{"start":{"line":9,"column":0},"end":{"line":9,"column":3}},"9":{"start":{"line":10,"column":0},"end":{"line":10,"column":37}},"10":{"start":{"line":11,"column":0},"end":{"line":11,"column":36}},"11":{"start":{"line":12,"column":0},"end":{"line":12,"column":2}},"12":{"start":{"line":13,"column":0},"end":{"line":13,"column":0}},"13":{"start":{"line":14,"column":0},"end":{"line":14,"column":45}},"14":{"start":{"line":15,"column":0},"end":{"line":15,"column":28}},"15":{"start":{"line":16,"column":0},"end":{"line":16,"column":39}},"16":{"start":{"line":17,"column":0},"end":{"line":17,"column":46}},"17":{"start":{"line":18,"column":0},"end":{"line":18,"column":19}},"18":{"start":{"line":19,"column":0},"end":{"line":19,"column":78}},"19":{"start":{"line":20,"column":0},"end":{"line":20,"column":88}},"20":{"start":{"line":21,"column":0},"end":{"line":21,"column":53}},"21":{"start":{"line":22,"column":0},"end":{"line":22,"column":9}},"22":{"start":{"line":23,"column":0},"end":{"line":23,"column":5}},"23":{"start":{"line":24,"column":0},"end":{"line":24,"column":58}},"24":{"start":{"line":25,"column":0},"end":{"line":25,"column":1}},"25":{"start":{"line":26,"column":0},"end":{"line":26,"column":0}},"26":{"start":{"line":27,"column":0},"end":{"line":27,"column":3}},"27":{"start":{"line":28,"column":0},"end":{"line":28,"column":131}},"28":{"start":{"line":29,"column":0},"end":{"line":29,"column":3}},"29":{"start":{"line":30,"column":0},"end":{"line":30,"column":45}},"30":{"start":{"line":31,"column":0},"end":{"line":31,"column":29}},"31":{"start":{"line":32,"column":0},"end":{"line":32,"column":2}},"32":{"start":{"line":33,"column":0},"end":{"line":33,"column":0}},"33":{"start":{"line":34,"column":0},"end":{"line":34,"column":38}},"34":{"start":{"line":35,"column":0},"end":{"line":35,"column":43}},"35":{"start":{"line":36,"column":0},"end":{"line":36,"column":29}},"36":{"start":{"line":37,"column":0},"end":{"line":37,"column":0}},"37":{"start":{"line":38,"column":0},"end":{"line":38,"column":28}},"38":{"start":{"line":39,"column":0},"end":{"line":39,"column":39}},"39":{"start":{"line":40,"column":0},"end":{"line":40,"column":46}},"40":{"start":{"line":41,"column":0},"end":{"line":41,"column":19}},"41":{"start":{"line":42,"column":0},"end":{"line":42,"column":78}},"42":{"start":{"line":43,"column":0},"end":{"line":43,"column":98}},"43":{"start":{"line":44,"column":0},"end":{"line":44,"column":46}},"44":{"start":{"line":45,"column":0},"end":{"line":45,"column":9}},"45":{"start":{"line":46,"column":0},"end":{"line":46,"column":5}},"46":{"start":{"line":47,"column":0},"end":{"line":47,"column":58}},"47":{"start":{"line":48,"column":0},"end":{"line":48,"column":1}},"48":{"start":{"line":49,"column":0},"end":{"line":49,"column":0}},"49":{"start":{"line":50,"column":0},"end":{"line":50,"column":3}},"50":{"start":{"line":51,"column":0},"end":{"line":51,"column":153}},"51":{"start":{"line":52,"column":0},"end":{"line":52,"column":3}},"52":{"start":{"line":53,"column":0},"end":{"line":53,"column":49}},"53":{"start":{"line":54,"column":0},"end":{"line":54,"column":35}},"54":{"start":{"line":55,"column":0},"end":{"line":55,"column":2}},"55":{"start":{"line":56,"column":0},"end":{"line":56,"column":0}},"56":{"start":{"line":57,"column":0},"end":{"line":57,"column":44}},"57":{"start":{"line":58,"column":0},"end":{"line":58,"column":47}},"58":{"start":{"line":59,"column":0},"end":{"line":59,"column":29}},"59":{"start":{"line":60,"column":0},"end":{"line":60,"column":0}},"60":{"start":{"line":61,"column":0},"end":{"line":61,"column":28}},"61":{"start":{"line":62,"column":0},"end":{"line":62,"column":39}},"62":{"start":{"line":63,"column":0},"end":{"line":63,"column":46}},"63":{"start":{"line":64,"column":0},"end":{"line":64,"column":19}},"64":{"start":{"line":65,"column":0},"end":{"line":65,"column":78}},"65":{"start":{"line":66,"column":0},"end":{"line":66,"column":103}},"66":{"start":{"line":67,"column":0},"end":{"line":67,"column":52}},"67":{"start":{"line":68,"column":0},"end":{"line":68,"column":9}},"68":{"start":{"line":69,"column":0},"end":{"line":69,"column":5}},"69":{"start":{"line":70,"column":0},"end":{"line":70,"column":58}},"70":{"start":{"line":71,"column":0},"end":{"line":71,"column":1}},"71":{"start":{"line":72,"column":0},"end":{"line":72,"column":0}},"72":{"start":{"line":73,"column":0},"end":{"line":73,"column":3}},"73":{"start":{"line":74,"column":0},"end":{"line":74,"column":141}},"74":{"start":{"line":75,"column":0},"end":{"line":75,"column":3}},"75":{"start":{"line":76,"column":0},"end":{"line":76,"column":41}},"76":{"start":{"line":77,"column":0},"end":{"line":77,"column":32}},"77":{"start":{"line":78,"column":0},"end":{"line":78,"column":2}},"78":{"start":{"line":79,"column":0},"end":{"line":79,"column":0}},"79":{"start":{"line":80,"column":0},"end":{"line":80,"column":41}},"80":{"start":{"line":81,"column":0},"end":{"line":81,"column":54}},"81":{"start":{"line":82,"column":0},"end":{"line":82,"column":29}},"82":{"start":{"line":83,"column":0},"end":{"line":83,"column":28}},"83":{"start":{"line":84,"column":0},"end":{"line":84,"column":39}},"84":{"start":{"line":85,"column":0},"end":{"line":85,"column":46}},"85":{"start":{"line":86,"column":0},"end":{"line":86,"column":19}},"86":{"start":{"line":87,"column":0},"end":{"line":87,"column":82}},"87":{"start":{"line":88,"column":0},"end":{"line":88,"column":105}},"88":{"start":{"line":89,"column":0},"end":{"line":89,"column":67}},"89":{"start":{"line":90,"column":0},"end":{"line":90,"column":9}},"90":{"start":{"line":91,"column":0},"end":{"line":91,"column":5}},"91":{"start":{"line":92,"column":0},"end":{"line":92,"column":58}},"92":{"start":{"line":93,"column":0},"end":{"line":93,"column":1}},"93":{"start":{"line":94,"column":0},"end":{"line":94,"column":0}},"94":{"start":{"line":95,"column":0},"end":{"line":95,"column":3}},"95":{"start":{"line":96,"column":0},"end":{"line":96,"column":62}},"96":{"start":{"line":97,"column":0},"end":{"line":97,"column":3}},"97":{"start":{"line":98,"column":0},"end":{"line":98,"column":46}},"98":{"start":{"line":99,"column":0},"end":{"line":99,"column":29}},"99":{"start":{"line":100,"column":0},"end":{"line":100,"column":28}},"100":{"start":{"line":101,"column":0},"end":{"line":101,"column":39}},"101":{"start":{"line":102,"column":0},"end":{"line":102,"column":46}},"102":{"start":{"line":103,"column":0},"end":{"line":103,"column":19}},"103":{"start":{"line":104,"column":0},"end":{"line":104,"column":78}},"104":{"start":{"line":105,"column":0},"end":{"line":105,"column":71}},"105":{"start":{"line":106,"column":0},"end":{"line":106,"column":56}},"106":{"start":{"line":107,"column":0},"end":{"line":107,"column":99}},"107":{"start":{"line":108,"column":0},"end":{"line":108,"column":86}},"108":{"start":{"line":109,"column":0},"end":{"line":109,"column":9}},"109":{"start":{"line":110,"column":0},"end":{"line":110,"column":5}},"110":{"start":{"line":111,"column":0},"end":{"line":111,"column":58}},"111":{"start":{"line":112,"column":0},"end":{"line":112,"column":2}},"112":{"start":{"line":113,"column":0},"end":{"line":113,"column":0}},"113":{"start":{"line":114,"column":0},"end":{"line":114,"column":103}}},"s":{"0":1,"1":1,"2":1,"3":1,"4":1,"5":1,"6":1,"7":1,"8":1,"9":1,"10":0,"11":0,"12":1,"13":1,"14":2,"15":1,"16":1,"17":1,"18":1,"19":1,"20":1,"21":1,"22":1,"23":1,"24":1,"25":1,"26":1,"27":1,"28":1,"29":1,"30":0,"31":0,"32":1,"33":1,"34":2,"35":2,"36":2,"37":2,"38":1,"39":1,"40":1,"41":1,"42":1,"43":1,"44":1,"45":1,"46":1,"47":1,"48":1,"49":1,"50":1,"51":1,"52":1,"53":0,"54":0,"55":1,"56":1,"57":2,"58":2,"59":2,"60":2,"61":1,"62":1,"63":1,"64":1,"65":1,"66":1,"67":1,"68":1,"69":1,"70":1,"71":1,"72":1,"73":1,"74":1,"75":1,"76":0,"77":0,"78":1,"79":1,"80":2,"81":2,"82":2,"83":1,"84":1,"85":1,"86":1,"87":1,"88":0,"89":1,"90":1,"91":1,"92":1,"93":1,"94":1,"95":1,"96":1,"97":1,"98":0,"99":0,"100":0,"101":0,"102":0,"103":0,"104":0,"105":0,"106":0,"107":0,"108":0,"109":0,"110":0,"111":0,"112":1,"113":1},"branchMap":{"0":{"type":"branch","line":14,"loc":{"start":{"line":14,"column":24},"end":{"line":25,"column":1}},"locations":[{"start":{"line":14,"column":24},"end":{"line":25,"column":1}}]},"1":{"type":"branch","line":15,"loc":{"start":{"line":15,"column":27},"end":{"line":25,"column":1}},"locations":[{"start":{"line":15,"column":27},"end":{"line":25,"column":1}}]},"2":{"type":"branch","line":34,"loc":{"start":{"line":34,"column":17},"end":{"line":48,"column":1}},"locations":[{"start":{"line":34,"column":17},"end":{"line":48,"column":1}}]},"3":{"type":"branch","line":38,"loc":{"start":{"line":38,"column":27},"end":{"line":48,"column":1}},"locations":[{"start":{"line":38,"column":27},"end":{"line":48,"column":1}}]},"4":{"type":"branch","line":57,"loc":{"start":{"line":57,"column":23},"end":{"line":71,"column":1}},"locations":[{"start":{"line":57,"column":23},"end":{"line":71,"column":1}}]},"5":{"type":"branch","line":61,"loc":{"start":{"line":61,"column":27},"end":{"line":71,"column":1}},"locations":[{"start":{"line":61,"column":27},"end":{"line":71,"column":1}}]},"6":{"type":"branch","line":80,"loc":{"start":{"line":80,"column":20},"end":{"line":93,"column":1}},"locations":[{"start":{"line":80,"column":20},"end":{"line":93,"column":1}}]},"7":{"type":"branch","line":83,"loc":{"start":{"line":83,"column":27},"end":{"line":93,"column":1}},"locations":[{"start":{"line":83,"column":27},"end":{"line":93,"column":1}}]},"8":{"type":"branch","line":89,"loc":{"start":{"line":89,"column":-2},"end":{"line":89,"column":67}},"locations":[{"start":{"line":89,"column":-2},"end":{"line":89,"column":67}}]}},"b":{"0":[2],"1":[1],"2":[2],"3":[1],"4":[2],"5":[1],"6":[2],"7":[1],"8":[0]},"fnMap":{"0":{"name":"getReservations","decl":{"start":{"line":14,"column":24},"end":{"line":25,"column":1}},"loc":{"start":{"line":14,"column":24},"end":{"line":25,"column":1}},"line":14},"1":{"name":"getSlots","decl":{"start":{"line":34,"column":17},"end":{"line":48,"column":1}},"loc":{"start":{"line":34,"column":17},"end":{"line":48,"column":1}},"line":34},"2":{"name":"getMaxDuration","decl":{"start":{"line":57,"column":23},"end":{"line":71,"column":1}},"loc":{"start":{"line":57,"column":23},"end":{"line":71,"column":1}},"line":57},"3":{"name":"bookACharge","decl":{"start":{"line":80,"column":20},"end":{"line":93,"column":1}},"loc":{"start":{"line":80,"column":20},"end":{"line":93,"column":1}},"line":80}},"f":{"0":2,"1":2,"2":2,"3":2}}
,"C:\\Users\\giova\\Desktop\\uni\\1_ANNO\\SWE2\\progetto\\BattistonDeLucia-swe2\\ITD\\server\\controller\\driver\\smsAPI.js": {"path":"C:\\Users\\giova\\Desktop\\uni\\1_ANNO\\SWE2\\progetto\\BattistonDeLucia-swe2\\ITD\\server\\controller\\driver\\smsAPI.js","all":false,"statementMap":{"0":{"start":{"line":1,"column":0},"end":{"line":1,"column":45}},"1":{"start":{"line":2,"column":0},"end":{"line":2,"column":0}},"2":{"start":{"line":3,"column":0},"end":{"line":3,"column":3}},"3":{"start":{"line":4,"column":0},"end":{"line":4,"column":54}},"4":{"start":{"line":5,"column":0},"end":{"line":5,"column":54}},"5":{"start":{"line":6,"column":0},"end":{"line":6,"column":40}},"6":{"start":{"line":7,"column":0},"end":{"line":7,"column":3}},"7":{"start":{"line":8,"column":0},"end":{"line":8,"column":55}},"8":{"start":{"line":9,"column":0},"end":{"line":9,"column":49}},"9":{"start":{"line":10,"column":0},"end":{"line":10,"column":1}}},"s":{"0":1,"1":1,"2":1,"3":1,"4":1,"5":1,"6":1,"7":1,"8":1,"9":1},"branchMap":{"0":{"type":"branch","line":8,"loc":{"start":{"line":8,"column":31},"end":{"line":10,"column":1}},"locations":[{"start":{"line":8,"column":31},"end":{"line":10,"column":1}}]}},"b":{"0":[1]},"fnMap":{"0":{"name":"Object.<anonymous>.exports.sendVerificationCode","decl":{"start":{"line":8,"column":31},"end":{"line":10,"column":1}},"loc":{"start":{"line":8,"column":31},"end":{"line":10,"column":1}},"line":8}},"f":{"0":1}}
,"C:\\Users\\giova\\Desktop\\uni\\1_ANNO\\SWE2\\progetto\\BattistonDeLucia-swe2\\ITD\\server\\db\\db.js": {"path":"C:\\Users\\giova\\Desktop\\uni\\1_ANNO\\SWE2\\progetto\\BattistonDeLucia-swe2\\ITD\\server\\db\\db.js","all":false,"statementMap":{"0":{"start":{"line":1,"column":0},"end":{"line":1,"column":32}},"1":{"start":{"line":2,"column":0},"end":{"line":2,"column":29}},"2":{"start":{"line":3,"column":0},"end":{"line":3,"column":66}},"3":{"start":{"line":4,"column":0},"end":{"line":4,"column":0}},"4":{"start":{"line":5,"column":0},"end":{"line":5,"column":32}},"5":{"start":{"line":6,"column":0},"end":{"line":6,"column":0}},"6":{"start":{"line":7,"column":0},"end":{"line":7,"column":3}},"7":{"start":{"line":8,"column":0},"end":{"line":8,"column":125}},"8":{"start":{"line":9,"column":0},"end":{"line":9,"column":3}},"9":{"start":{"line":10,"column":0},"end":{"line":10,"column":23}},"10":{"start":{"line":11,"column":0},"end":{"line":11,"column":28}},"11":{"start":{"line":12,"column":0},"end":{"line":12,"column":36}},"12":{"start":{"line":13,"column":0},"end":{"line":13,"column":121}},"13":{"start":{"line":14,"column":0},"end":{"line":14,"column":13}},"14":{"start":{"line":15,"column":0},"end":{"line":15,"column":20}},"15":{"start":{"line":16,"column":0},"end":{"line":16,"column":2}},"16":{"start":{"line":17,"column":0},"end":{"line":17,"column":0}},"17":{"start":{"line":18,"column":0},"end":{"line":18,"column":22}}},"s":{"0":1,"1":1,"2":1,"3":1,"4":1,"5":1,"6":1,"7":1,"8":1,"9":1,"10":1,"11":1,"12":1,"13":1,"14":1,"15":1,"16":1,"17":1},"branchMap":{},"b":{},"fnMap":{},"f":{}}
}
