TN:
SF:controller\QueryManager.js
FN:7,Object.<anonymous>.exports.getQueryManager
FN:14,standardize
FN:30,createDriver
FN:43,createCPO
FN:54,findDriverByPhoneNumber
FN:65,findCPOByEmail
FN:77,checkDriverCredentials
FN:89,checkCPOCredentials
FN:100,createCPOToken
FN:118,createDriverToken
FN:136,validateToken
FN:148,verifyEVCPAssociation
FN:159,createDriverVerificationCode
FN:171,createCPOVerificationCode
FN:182,checkCPOVerificationCode
FN:193,checkDriverVerificationCode
FN:205,updateDriverCode
FN:216,updateCPOCode
FN:226,deleteDriverCode
FN:236,deleteCPOCode
FN:246,deleteDriver
FN:257,deleteCPO
FN:270,getEVCPs
FN:282,getEVCPsByCPO
FN:293,getSpecificEVCP
FN:314,getDetailsEVCP
FN:339,checkReservationSlots
FN:389,checkMaxDuration
FN:419,checkAvailability
FN:445,addReservation
FN:457,aggregateCPOData
FN:468,findSocket
FN:479,getDriverReservations
FN:498,updateNotificationToken
FN:508,getCPOReservations
FN:524,addEVCP
FN:535,addCP
FN:548,addSocket
FN:566,addRate
FN:580,getRate
FN:593,addSpecialOffer
FN:603,getDSO
FN:617,updateDSO
FN:626,executeAndCancel
FNF:44
FNH:39
FNDA:99,Object.<anonymous>.exports.getQueryManager
FNDA:8,standardize
FNDA:6,createDriver
FNDA:28,createCPO
FNDA:3,findDriverByPhoneNumber
FNDA:3,findCPOByEmail
FNDA:1,checkDriverCredentials
FNDA:1,checkCPOCredentials
FNDA:25,createCPOToken
FNDA:3,createDriverToken
FNDA:24,validateToken
FNDA:9,verifyEVCPAssociation
FNDA:3,createDriverVerificationCode
FNDA:3,createCPOVerificationCode
FNDA:3,checkCPOVerificationCode
FNDA:3,checkDriverVerificationCode
FNDA:0,updateDriverCode
FNDA:0,updateCPOCode
FNDA:1,deleteDriverCode
FNDA:1,deleteCPOCode
FNDA:1,deleteDriver
FNDA:1,deleteCPO
FNDA:1,getEVCPs
FNDA:3,getEVCPsByCPO
FNDA:1,getSpecificEVCP
FNDA:1,getDetailsEVCP
FNDA:1,checkReservationSlots
FNDA:1,checkMaxDuration
FNDA:1,checkAvailability
FNDA:1,addReservation
FNDA:1,aggregateCPOData
FNDA:0,findSocket
FNDA:1,getDriverReservations
FNDA:0,updateNotificationToken
FNDA:1,getCPOReservations
FNDA:18,addEVCP
FNDA:4,addCP
FNDA:2,addSocket
FNDA:1,addRate
FNDA:1,getRate
FNDA:0,addSpecialOffer
FNDA:2,getDSO
FNDA:1,updateDSO
FNDA:42,executeAndCancel
DA:1,1
DA:2,1
DA:3,1
DA:4,1
DA:5,1
DA:6,1
DA:7,1
DA:8,99
DA:9,99
DA:10,99
DA:11,99
DA:12,99
DA:13,99
DA:14,99
DA:15,8
DA:16,8
DA:17,8
DA:18,8
DA:19,99
DA:20,99
DA:21,99
DA:22,99
DA:23,99
DA:24,99
DA:25,99
DA:26,99
DA:27,99
DA:28,99
DA:29,99
DA:30,99
DA:31,6
DA:32,6
DA:33,6
DA:34,99
DA:35,99
DA:36,99
DA:37,99
DA:38,99
DA:39,99
DA:40,99
DA:41,99
DA:42,99
DA:43,99
DA:44,28
DA:45,28
DA:46,28
DA:47,99
DA:48,99
DA:49,99
DA:50,99
DA:51,99
DA:52,99
DA:53,99
DA:54,99
DA:55,3
DA:56,3
DA:57,3
DA:58,99
DA:59,99
DA:60,99
DA:61,99
DA:62,99
DA:63,99
DA:64,99
DA:65,99
DA:66,3
DA:67,3
DA:68,3
DA:69,99
DA:70,99
DA:71,99
DA:72,99
DA:73,99
DA:74,99
DA:75,99
DA:76,99
DA:77,99
DA:78,1
DA:79,1
DA:80,1
DA:81,99
DA:82,99
DA:83,99
DA:84,99
DA:85,99
DA:86,99
DA:87,99
DA:88,99
DA:89,99
DA:90,1
DA:91,1
DA:92,1
DA:93,99
DA:94,99
DA:95,99
DA:96,99
DA:97,99
DA:98,99
DA:99,99
DA:100,99
DA:101,25
DA:102,25
DA:103,25
DA:104,25
DA:105,25
DA:106,0
DA:107,0
DA:108,0
DA:109,25
DA:110,25
DA:111,99
DA:112,99
DA:113,99
DA:114,99
DA:115,99
DA:116,99
DA:117,99
DA:118,99
DA:119,3
DA:120,3
DA:121,3
DA:122,3
DA:123,3
DA:124,0
DA:125,0
DA:126,0
DA:127,3
DA:128,3
DA:129,99
DA:130,99
DA:131,99
DA:132,99
DA:133,99
DA:134,99
DA:135,99
DA:136,99
DA:137,24
DA:138,24
DA:139,24
DA:140,99
DA:141,99
DA:142,99
DA:143,99
DA:144,99
DA:145,99
DA:146,99
DA:147,99
DA:148,99
DA:149,9
DA:150,9
DA:151,99
DA:152,99
DA:153,99
DA:154,99
DA:155,99
DA:156,99
DA:157,99
DA:158,99
DA:159,99
DA:160,3
DA:161,3
DA:162,3
DA:163,99
DA:164,99
DA:165,99
DA:166,99
DA:167,99
DA:168,99
DA:169,99
DA:170,99
DA:171,99
DA:172,3
DA:173,3
DA:174,3
DA:175,99
DA:176,99
DA:177,99
DA:178,99
DA:179,99
DA:180,99
DA:181,99
DA:182,99
DA:183,3
DA:184,3
DA:185,3
DA:186,99
DA:187,99
DA:188,99
DA:189,99
DA:190,99
DA:191,99
DA:192,99
DA:193,99
DA:194,3
DA:195,3
DA:196,3
DA:197,99
DA:198,99
DA:199,99
DA:200,99
DA:201,99
DA:202,99
DA:203,99
DA:204,99
DA:205,99
DA:206,0
DA:207,0
DA:208,99
DA:209,99
DA:210,99
DA:211,99
DA:212,99
DA:213,99
DA:214,99
DA:215,99
DA:216,99
DA:217,0
DA:218,0
DA:219,99
DA:220,99
DA:221,99
DA:222,99
DA:223,99
DA:224,99
DA:225,99
DA:226,99
DA:227,1
DA:228,1
DA:229,99
DA:230,99
DA:231,99
DA:232,99
DA:233,99
DA:234,99
DA:235,99
DA:236,99
DA:237,1
DA:238,1
DA:239,99
DA:240,99
DA:241,99
DA:242,99
DA:243,99
DA:244,99
DA:245,99
DA:246,99
DA:247,1
DA:248,1
DA:249,1
DA:250,99
DA:251,99
DA:252,99
DA:253,99
DA:254,99
DA:255,99
DA:256,99
DA:257,99
DA:258,1
DA:259,1
DA:260,1
DA:261,99
DA:262,99
DA:263,99
DA:264,99
DA:265,99
DA:266,99
DA:267,99
DA:268,99
DA:269,99
DA:270,99
DA:271,1
DA:272,1
DA:273,1
DA:274,1
DA:275,99
DA:276,99
DA:277,99
DA:278,99
DA:279,99
DA:280,99
DA:281,99
DA:282,99
DA:283,3
DA:284,3
DA:285,3
DA:286,99
DA:287,99
DA:288,99
DA:289,99
DA:290,99
DA:291,99
DA:292,99
DA:293,99
DA:294,1
DA:295,1
DA:296,1
DA:297,1
DA:298,1
DA:299,1
DA:300,1
DA:301,1
DA:302,1
DA:303,0
DA:304,0
DA:305,1
DA:306,1
DA:307,99
DA:308,99
DA:309,99
DA:310,99
DA:311,99
DA:312,99
DA:313,99
DA:314,99
DA:315,1
DA:316,1
DA:317,1
DA:318,1
DA:319,1
DA:320,1
DA:321,1
DA:322,1
DA:323,1
DA:324,1
DA:325,1
DA:326,1
DA:327,1
DA:328,1
DA:329,99
DA:330,99
DA:331,99
DA:332,99
DA:333,99
DA:334,99
DA:335,99
DA:336,99
DA:337,99
DA:338,99
DA:339,99
DA:340,1
DA:341,1
DA:342,1
DA:343,1
DA:344,1
DA:345,1
DA:346,1
DA:347,1
DA:348,1
DA:349,1
DA:350,1
DA:351,1
DA:352,1
DA:353,1
DA:354,1
DA:355,1
DA:356,1
DA:357,1
DA:358,1
DA:359,1
DA:360,1
DA:361,1
DA:362,1
DA:363,1
DA:364,1
DA:365,1
DA:366,1
DA:367,0
DA:368,0
DA:369,0
DA:370,0
DA:371,0
DA:372,0
DA:373,0
DA:374,0
DA:375,1
DA:376,1
DA:377,1
DA:378,1
DA:379,99
DA:380,99
DA:381,99
DA:382,99
DA:383,99
DA:384,99
DA:385,99
DA:386,99
DA:387,99
DA:388,99
DA:389,99
DA:390,1
DA:391,1
DA:392,1
DA:393,1
DA:394,1
DA:395,1
DA:396,1
DA:397,1
DA:398,1
DA:399,1
DA:400,1
DA:401,1
DA:402,1
DA:403,1
DA:404,1
DA:405,1
DA:406,1
DA:407,1
DA:408,99
DA:409,99
DA:410,99
DA:411,99
DA:412,99
DA:413,99
DA:414,99
DA:415,99
DA:416,99
DA:417,99
DA:418,99
DA:419,99
DA:420,1
DA:421,1
DA:422,1
DA:423,1
DA:424,1
DA:425,1
DA:426,1
DA:427,1
DA:428,1
DA:429,1
DA:430,1
DA:431,1
DA:432,1
DA:433,1
DA:434,1
DA:435,99
DA:436,99
DA:437,99
DA:438,99
DA:439,99
DA:440,99
DA:441,99
DA:442,99
DA:443,99
DA:444,99
DA:445,99
DA:446,1
DA:447,1
DA:448,1
DA:449,1
DA:450,99
DA:451,99
DA:452,99
DA:453,99
DA:454,99
DA:455,99
DA:456,99
DA:457,99
DA:458,1
DA:459,1
DA:460,1
DA:461,99
DA:462,99
DA:463,99
DA:464,99
DA:465,99
DA:466,99
DA:467,99
DA:468,99
DA:469,0
DA:470,0
DA:471,0
DA:472,99
DA:473,99
DA:474,99
DA:475,99
DA:476,99
DA:477,99
DA:478,99
DA:479,99
DA:480,1
DA:481,1
DA:482,1
DA:483,1
DA:484,1
DA:485,1
DA:486,1
DA:487,1
DA:488,1
DA:489,1
DA:490,99
DA:491,99
DA:492,99
DA:493,99
DA:494,99
DA:495,99
DA:496,99
DA:497,99
DA:498,99
DA:499,0
DA:500,0
DA:501,99
DA:502,99
DA:503,99
DA:504,99
DA:505,99
DA:506,99
DA:507,99
DA:508,99
DA:509,1
DA:510,1
DA:511,1
DA:512,1
DA:513,99
DA:514,99
DA:515,99
DA:516,99
DA:517,99
DA:518,99
DA:519,99
DA:520,99
DA:521,99
DA:522,99
DA:523,99
DA:524,99
DA:525,18
DA:526,18
DA:527,18
DA:528,99
DA:529,99
DA:530,99
DA:531,99
DA:532,99
DA:533,99
DA:534,99
DA:535,99
DA:536,4
DA:537,4
DA:538,4
DA:539,99
DA:540,99
DA:541,99
DA:542,99
DA:543,99
DA:544,99
DA:545,99
DA:546,99
DA:547,99
DA:548,99
DA:549,2
DA:550,2
DA:551,2
DA:552,2
DA:553,2
DA:554,2
DA:555,2
DA:556,99
DA:557,99
DA:558,99
DA:559,99
DA:560,99
DA:561,99
DA:562,99
DA:563,99
DA:564,99
DA:565,99
DA:566,99
DA:567,1
DA:568,1
DA:569,1
DA:570,1
DA:571,1
DA:572,1
DA:573,99
DA:574,99
DA:575,99
DA:576,99
DA:577,99
DA:578,99
DA:579,99
DA:580,99
DA:581,1
DA:582,1
DA:583,1
DA:584,99
DA:585,99
DA:586,99
DA:587,99
DA:588,99
DA:589,99
DA:590,99
DA:591,99
DA:592,99
DA:593,99
DA:594,0
DA:595,0
DA:596,99
DA:597,99
DA:598,99
DA:599,99
DA:600,99
DA:601,99
DA:602,99
DA:603,99
DA:604,2
DA:605,2
DA:606,2
DA:607,99
DA:608,99
DA:609,99
DA:610,99
DA:611,99
DA:612,99
DA:613,99
DA:614,99
DA:615,99
DA:616,99
DA:617,99
DA:618,1
DA:619,1
DA:620,99
DA:621,99
DA:622,99
DA:623,99
DA:624,99
DA:625,99
DA:626,99
DA:627,42
DA:628,42
DA:629,42
DA:630,42
DA:631,42
DA:632,42
DA:633,42
DA:634,42
DA:635,42
DA:636,99
DA:637,99
LF:637
LH:610
BRDA:7,0,0,99
BRDA:14,1,0,8
BRDA:30,2,0,6
BRDA:43,3,0,28
BRDA:54,4,0,3
BRDA:57,5,0,1
BRDA:57,6,0,2
BRDA:65,7,0,3
BRDA:68,8,0,1
BRDA:68,9,0,2
BRDA:77,10,0,1
BRDA:89,11,0,1
BRDA:100,12,0,25
BRDA:105,13,0,0
BRDA:118,14,0,3
BRDA:123,15,0,0
BRDA:136,16,0,24
BRDA:139,17,0,18
BRDA:139,18,0,6
BRDA:148,19,0,9
BRDA:159,20,0,3
BRDA:162,21,0,0
BRDA:171,22,0,3
BRDA:174,23,0,0
BRDA:182,24,0,3
BRDA:185,25,0,2
BRDA:185,26,0,1
BRDA:193,27,0,3
BRDA:196,28,0,2
BRDA:196,29,0,1
BRDA:226,30,0,1
BRDA:236,31,0,1
BRDA:246,32,0,1
BRDA:257,33,0,1
BRDA:270,34,0,1
BRDA:274,35,0,0
BRDA:273,36,0,16
BRDA:274,37,0,3
BRDA:282,38,0,3
BRDA:285,39,0,0
BRDA:285,40,0,2
BRDA:293,41,0,1
BRDA:301,42,0,0
BRDA:314,43,0,1
BRDA:317,44,0,0
BRDA:328,45,0,0
BRDA:339,46,0,1
BRDA:363,47,0,0
BRDA:366,48,0,0
BRDA:366,49,0,0
BRDA:389,50,0,1
BRDA:398,51,0,0
BRDA:407,52,0,0
BRDA:419,53,0,1
BRDA:434,54,0,0
BRDA:445,55,0,1
BRDA:457,56,0,1
BRDA:460,57,0,0
BRDA:479,58,0,1
BRDA:508,59,0,1
BRDA:512,60,0,0
BRDA:524,61,0,18
BRDA:527,62,0,0
BRDA:535,63,0,4
BRDA:538,64,0,0
BRDA:548,65,0,2
BRDA:552,66,0,0
BRDA:555,67,0,0
BRDA:566,68,0,1
BRDA:569,69,0,0
BRDA:571,70,0,0
BRDA:580,71,0,1
BRDA:583,72,0,0
BRDA:583,73,0,1
BRDA:603,74,0,2
BRDA:606,75,0,0
BRDA:617,76,0,1
BRDA:626,77,0,42
BRF:78
BRH:53
end_of_record
TN:
SF:controller\utils.js
FN:9,distance
FN:26,toRadians
FNF:2
FNH:2
FNDA:16,distance
FNDA:64,toRadians
DA:1,1
DA:2,1
DA:3,1
DA:4,1
DA:5,1
DA:6,1
DA:7,1
DA:8,1
DA:9,16
DA:10,16
DA:11,16
DA:12,16
DA:13,16
DA:14,16
DA:15,16
DA:16,16
DA:17,16
DA:18,16
DA:19,16
DA:20,1
DA:21,1
DA:22,1
DA:23,1
DA:24,1
DA:25,1
DA:26,64
DA:27,64
DA:28,64
DA:29,1
DA:30,1
LF:30
LH:30
BRDA:9,0,0,16
BRDA:26,1,0,64
BRF:2
BRH:2
end_of_record
TN:
SF:controller\cpo\AccountManager.js
FN:13,signup
FN:48,verifyCode
FN:87,login
FN:121,getCode
FN:130,authenticate
FNF:5
FNH:5
FNDA:3,signup
FNDA:3,verifyCode
FNDA:3,login
FNDA:1,getCode
FNDA:20,authenticate
DA:1,1
DA:2,1
DA:3,1
DA:4,1
DA:5,1
DA:6,1
DA:7,1
DA:8,1
DA:9,1
DA:10,0
DA:11,0
DA:12,1
DA:13,1
DA:14,3
DA:15,3
DA:16,3
DA:17,3
DA:18,3
DA:19,2
DA:20,2
DA:21,2
DA:22,3
DA:23,1
DA:24,1
DA:25,1
DA:26,1
DA:27,1
DA:28,3
DA:29,3
DA:30,1
DA:31,1
DA:32,1
DA:33,1
DA:34,1
DA:35,1
DA:36,1
DA:37,0
DA:38,0
DA:39,3
DA:40,1
DA:41,1
DA:42,1
DA:43,1
DA:44,1
DA:45,0
DA:46,0
DA:47,1
DA:48,1
DA:49,3
DA:50,3
DA:51,3
DA:52,3
DA:53,3
DA:54,2
DA:55,2
DA:56,2
DA:57,2
DA:58,2
DA:59,1
DA:60,1
DA:61,1
DA:62,1
DA:63,0
DA:64,0
DA:65,0
DA:66,0
DA:67,0
DA:68,0
DA:69,1
DA:70,1
DA:71,1
DA:72,1
DA:73,1
DA:74,2
DA:75,0
DA:76,0
DA:77,0
DA:78,3
DA:79,1
DA:80,1
DA:81,1
DA:82,1
DA:83,1
DA:84,0
DA:85,0
DA:86,1
DA:87,1
DA:88,3
DA:89,3
DA:90,3
DA:91,3
DA:92,3
DA:93,3
DA:94,2
DA:95,2
DA:96,2
DA:97,2
DA:98,3
DA:99,1
DA:100,1
DA:101,1
DA:102,1
DA:103,1
DA:104,1
DA:105,1
DA:106,1
DA:107,1
DA:108,0
DA:109,0
DA:110,0
DA:111,3
DA:112,0
DA:113,0
DA:114,0
DA:115,3
DA:116,1
DA:117,1
DA:118,1
DA:119,1
DA:120,1
DA:121,1
DA:122,1
DA:123,1
DA:124,1
DA:125,1
DA:126,1
DA:127,1
DA:128,1
DA:129,1
DA:130,1
DA:131,20
DA:132,20
DA:133,20
DA:134,20
DA:135,6
DA:136,20
DA:137,1
DA:138,1
DA:139,1
DA:140,1
DA:141,1
DA:142,1
DA:143,1
DA:144,1
LF:144
LH:121
BRDA:13,0,0,3
BRDA:18,1,0,1
BRDA:19,2,0,2
BRDA:22,3,0,1
BRDA:28,4,0,0
BRDA:29,5,0,1
BRDA:29,6,0,0
BRDA:29,7,0,1
BRDA:30,8,0,0
BRDA:37,9,0,0
BRDA:48,10,0,3
BRDA:53,11,0,1
BRDA:54,12,0,2
BRDA:58,13,0,1
BRDA:63,14,0,0
BRDA:75,15,0,0
BRDA:87,16,0,3
BRDA:93,17,0,1
BRDA:94,18,0,2
BRDA:98,19,0,1
BRDA:108,20,0,0
BRDA:111,21,0,0
BRDA:121,22,0,1
BRDA:130,23,0,20
BRDA:134,24,0,14
BRDA:135,25,0,6
BRF:26
BRH:18
end_of_record
TN:
SF:controller\cpo\BookingManager.js
FN:15,book
FN:31,getReservations
FN:54,getAggregatedReservations
FNF:3
FNH:3
FNDA:1,book
FNDA:2,getReservations
FNDA:3,getAggregatedReservations
DA:1,1
DA:2,1
DA:3,1
DA:4,1
DA:5,1
DA:6,1
DA:7,1
DA:8,1
DA:9,1
DA:10,1
DA:11,1
DA:12,1
DA:13,1
DA:14,1
DA:15,1
DA:16,1
DA:17,1
DA:18,1
DA:19,1
DA:20,1
DA:21,0
DA:22,0
DA:23,1
DA:24,1
DA:25,1
DA:26,1
DA:27,1
DA:28,0
DA:29,0
DA:30,1
DA:31,1
DA:32,2
DA:33,2
DA:34,2
DA:35,2
DA:36,2
DA:37,2
DA:38,2
DA:39,2
DA:40,1
DA:41,1
DA:42,1
DA:43,2
DA:44,1
DA:45,1
DA:46,1
DA:47,1
DA:48,1
DA:49,1
DA:50,1
DA:51,0
DA:52,1
DA:53,1
DA:54,1
DA:55,3
DA:56,2
DA:57,2
DA:58,2
DA:59,2
DA:60,1
DA:61,1
DA:62,1
DA:63,2
DA:64,2
DA:65,2
DA:66,1
DA:67,1
LF:67
LH:62
BRDA:15,0,0,1
BRDA:20,1,0,0
BRDA:31,2,0,2
BRDA:39,3,0,1
BRDA:43,4,0,1
BRDA:54,5,0,3
BRDA:55,6,0,2
BRDA:59,7,0,1
BRF:8
BRH:7
end_of_record
TN:
SF:controller\cpo\ChargingPointManager.js
FN:14,getAllEVCPs
FN:33,getDetailsEVCP
FN:54,addEVCP
FN:78,addCP
FN:103,addSocket
FN:153,handleMeterValues
FN:180,startCharge
FN:198,getChargeValue
FNF:8
FNH:5
FNDA:3,getAllEVCPs
FNDA:2,getDetailsEVCP
FNDA:2,addEVCP
FNDA:3,addCP
FNDA:2,addSocket
FNDA:0,handleMeterValues
FNDA:0,startCharge
FNDA:0,getChargeValue
DA:1,1
DA:2,1
DA:3,1
DA:4,1
DA:5,1
DA:6,1
DA:7,1
DA:8,1
DA:9,1
DA:10,1
DA:11,0
DA:12,0
DA:13,1
DA:14,1
DA:15,3
DA:16,2
DA:17,2
DA:18,2
DA:19,1
DA:20,1
DA:21,1
DA:22,1
DA:23,2
DA:24,2
DA:25,2
DA:26,1
DA:27,1
DA:28,1
DA:29,1
DA:30,0
DA:31,0
DA:32,1
DA:33,1
DA:34,2
DA:35,2
DA:36,2
DA:37,2
DA:38,2
DA:39,1
DA:40,1
DA:41,1
DA:42,1
DA:43,2
DA:44,1
DA:45,1
DA:46,1
DA:47,1
DA:48,1
DA:49,1
DA:50,1
DA:51,0
DA:52,0
DA:53,1
DA:54,1
DA:55,2
DA:56,2
DA:57,2
DA:58,2
DA:59,2
DA:60,1
DA:61,1
DA:62,1
DA:63,1
DA:64,1
DA:65,0
DA:66,0
DA:67,2
DA:68,1
DA:69,1
DA:70,1
DA:71,1
DA:72,1
DA:73,1
DA:74,1
DA:75,0
DA:76,0
DA:77,1
DA:78,1
DA:79,3
DA:80,3
DA:81,3
DA:82,3
DA:83,3
DA:84,2
DA:85,2
DA:86,2
DA:87,1
DA:88,1
DA:89,1
DA:90,0
DA:91,0
DA:92,3
DA:93,1
DA:94,1
DA:95,1
DA:96,1
DA:97,1
DA:98,1
DA:99,1
DA:100,0
DA:101,0
DA:102,1
DA:103,1
DA:104,2
DA:105,2
DA:106,2
DA:107,2
DA:108,2
DA:109,2
DA:110,2
DA:111,1
DA:112,1
DA:113,1
DA:114,1
DA:115,0
DA:116,0
DA:117,2
DA:118,1
DA:119,1
DA:120,1
DA:121,1
DA:122,1
DA:123,1
DA:124,1
DA:125,1
DA:126,1
DA:127,0
DA:128,0
DA:129,0
DA:130,0
DA:131,0
DA:132,0
DA:133,0
DA:134,0
DA:135,0
DA:136,0
DA:137,0
DA:138,0
DA:139,0
DA:140,1
DA:141,1
DA:142,1
DA:143,1
DA:144,1
DA:145,1
DA:146,1
DA:147,1
DA:148,1
DA:149,1
DA:150,1
DA:151,1
DA:152,1
DA:153,1
DA:154,0
DA:155,0
DA:156,0
DA:157,0
DA:158,0
DA:159,0
DA:160,0
DA:161,0
DA:162,0
DA:163,0
DA:164,0
DA:165,0
DA:166,0
DA:167,1
DA:168,1
DA:169,0
DA:170,0
DA:171,0
DA:172,0
DA:173,0
DA:174,0
DA:175,1
DA:176,1
DA:177,1
DA:178,1
DA:179,1
DA:180,1
DA:181,0
DA:182,0
DA:183,0
DA:184,0
DA:185,0
DA:186,0
DA:187,0
DA:188,0
DA:189,0
DA:190,0
DA:191,0
DA:192,1
DA:193,1
DA:194,1
DA:195,1
DA:196,1
DA:197,1
DA:198,1
DA:199,0
DA:200,0
DA:201,0
DA:202,0
DA:203,0
DA:204,1
DA:205,1
LF:205
LH:141
BRDA:14,0,0,3
BRDA:15,1,0,2
BRDA:18,2,0,1
BRDA:33,3,0,2
BRDA:38,4,0,1
BRDA:43,5,0,1
BRDA:54,6,0,2
BRDA:59,7,0,1
BRDA:64,8,0,0
BRDA:67,9,0,1
BRDA:78,10,0,3
BRDA:83,11,0,2
BRDA:86,12,0,1
BRDA:90,13,0,0
BRDA:92,14,0,1
BRDA:103,15,0,2
BRDA:110,16,0,1
BRDA:115,17,0,0
BRDA:117,18,0,1
BRF:19
BRH:16
end_of_record
TN:
SF:controller\cpo\EnergyManager.js
FN:13,getDSO
FN:35,getDSOAvailability
FN:57,changeDSO
FNF:3
FNH:3
FNDA:2,getDSO
FNDA:2,getDSOAvailability
FNDA:2,changeDSO
DA:1,1
DA:2,1
DA:3,1
DA:4,1
DA:5,1
DA:6,1
DA:7,1
DA:8,1
DA:9,1
DA:10,0
DA:11,0
DA:12,1
DA:13,1
DA:14,2
DA:15,2
DA:16,1
DA:17,1
DA:18,1
DA:19,1
DA:20,1
DA:21,1
DA:22,1
DA:23,1
DA:24,1
DA:25,1
DA:26,1
DA:27,1
DA:28,1
DA:29,1
DA:30,1
DA:31,1
DA:32,0
DA:33,0
DA:34,1
DA:35,1
DA:36,2
DA:37,2
DA:38,1
DA:39,1
DA:40,1
DA:41,1
DA:42,1
DA:43,1
DA:44,1
DA:45,1
DA:46,1
DA:47,1
DA:48,1
DA:49,1
DA:50,1
DA:51,1
DA:52,1
DA:53,1
DA:54,0
DA:55,0
DA:56,1
DA:57,1
DA:58,2
DA:59,2
DA:60,2
DA:61,1
DA:62,1
DA:63,1
DA:64,1
DA:65,1
DA:66,1
DA:67,1
DA:68,1
DA:69,1
DA:70,1
DA:71,1
DA:72,0
DA:73,1
DA:74,1
DA:75,1
DA:76,1
DA:77,1
DA:78,1
LF:78
LH:71
BRDA:13,0,0,2
BRDA:15,1,0,1
BRDA:35,2,0,2
BRDA:37,3,0,1
BRDA:57,4,0,2
BRDA:60,5,0,1
BRDA:72,6,0,0
BRF:7
BRH:6
end_of_record
TN:
SF:controller\cpo\RateManager.js
FN:12,addRate
FN:37,getRates
FNF:2
FNH:2
FNDA:2,addRate
FNDA:2,getRates
DA:1,1
DA:2,1
DA:3,1
DA:4,1
DA:5,1
DA:6,1
DA:7,1
DA:8,1
DA:9,0
DA:10,0
DA:11,1
DA:12,1
DA:13,2
DA:14,2
DA:15,2
DA:16,1
DA:17,1
DA:18,1
DA:19,1
DA:20,1
DA:21,1
DA:22,1
DA:23,1
DA:24,0
DA:25,1
DA:26,1
DA:27,1
DA:28,1
DA:29,1
DA:30,1
DA:31,1
DA:32,1
DA:33,1
DA:34,0
DA:35,0
DA:36,1
DA:37,1
DA:38,2
DA:39,2
DA:40,1
DA:41,1
DA:42,1
DA:43,1
DA:44,1
DA:45,1
DA:46,1
DA:47,1
DA:48,1
DA:49,1
DA:50,1
DA:51,1
DA:52,1
LF:52
LH:47
BRDA:12,0,0,2
BRDA:15,1,0,1
BRDA:24,2,0,0
BRDA:37,3,0,2
BRDA:39,4,0,1
BRF:5
BRH:4
end_of_record
TN:
SF:controller\cpo\dsoAPI.js
FN:31,getDSOsAvailable
FN:39,setDSO
FNF:2
FNH:2
FNDA:1,getDSOsAvailable
FNDA:1,setDSO
DA:1,1
DA:2,1
DA:3,1
DA:4,1
DA:5,1
DA:6,1
DA:7,1
DA:8,1
DA:9,1
DA:10,1
DA:11,1
DA:12,1
DA:13,1
DA:14,1
DA:15,1
DA:16,1
DA:17,1
DA:18,1
DA:19,1
DA:20,1
DA:21,1
DA:22,1
DA:23,1
DA:24,1
DA:25,1
DA:26,1
DA:27,1
DA:28,1
DA:29,1
DA:30,1
DA:31,1
DA:32,1
DA:33,1
DA:34,1
DA:35,1
DA:36,1
DA:37,1
DA:38,1
DA:39,1
DA:40,1
DA:41,1
DA:42,1
DA:43,0
DA:44,0
DA:45,1
LF:45
LH:43
BRDA:31,0,0,1
BRDA:32,1,0,21
BRDA:39,2,0,1
BRDA:41,3,0,0
BRDA:43,4,0,0
BRDA:40,5,0,10
BRF:6
BRH:4
end_of_record
TN:
SF:controller\cpo\emailAPI.js
FN:8,Object.<anonymous>.exports.sendVerificationCode
FNF:1
FNH:1
FNDA:1,Object.<anonymous>.exports.sendVerificationCode
DA:1,1
DA:2,1
DA:3,1
DA:4,1
DA:5,1
DA:6,1
DA:7,1
DA:8,1
DA:9,1
DA:10,1
LF:10
LH:10
BRDA:8,0,0,1
BRF:1
BRH:1
end_of_record
TN:
SF:controller\driver\AccountManager.js
FN:13,signup
FN:52,verifyCode
FN:90,login
FN:141,getCode
FN:148,authenticate
FNF:5
FNH:5
FNDA:3,signup
FNDA:3,verifyCode
FNDA:3,login
FNDA:1,getCode
FNDA:4,authenticate
DA:1,1
DA:2,1
DA:3,1
DA:4,1
DA:5,1
DA:6,1
DA:7,1
DA:8,1
DA:9,1
DA:10,0
DA:11,0
DA:12,1
DA:13,1
DA:14,3
DA:15,3
DA:16,3
DA:17,3
DA:18,2
DA:19,2
DA:20,2
DA:21,2
DA:22,3
DA:23,1
DA:24,1
DA:25,1
DA:26,1
DA:27,1
DA:28,3
DA:29,3
DA:30,1
DA:31,1
DA:32,1
DA:33,1
DA:34,1
DA:35,1
DA:36,1
DA:37,0
DA:38,0
DA:39,3
DA:40,1
DA:41,1
DA:42,1
DA:43,1
DA:44,1
DA:45,1
DA:46,1
DA:47,1
DA:48,1
DA:49,0
DA:50,0
DA:51,1
DA:52,1
DA:53,3
DA:54,3
DA:55,3
DA:56,3
DA:57,2
DA:58,2
DA:59,2
DA:60,2
DA:61,2
DA:62,1
DA:63,1
DA:64,1
DA:65,1
DA:66,0
DA:67,0
DA:68,0
DA:69,0
DA:70,0
DA:71,0
DA:72,1
DA:73,1
DA:74,1
DA:75,1
DA:76,1
DA:77,2
DA:78,0
DA:79,0
DA:80,0
DA:81,3
DA:82,1
DA:83,1
DA:84,1
DA:85,1
DA:86,1
DA:87,0
DA:88,0
DA:89,1
DA:90,1
DA:91,3
DA:92,3
DA:93,3
DA:94,3
DA:95,3
DA:96,3
DA:97,2
DA:98,2
DA:99,2
DA:100,2
DA:101,3
DA:102,1
DA:103,1
DA:104,1
DA:105,1
DA:106,1
DA:107,1
DA:108,1
DA:109,1
DA:110,1
DA:111,0
DA:112,0
DA:113,0
DA:114,3
DA:115,0
DA:116,0
DA:117,0
DA:118,3
DA:119,1
DA:120,1
DA:121,1
DA:122,1
DA:123,1
DA:124,0
DA:125,0
DA:126,0
DA:127,0
DA:128,0
DA:129,0
DA:130,0
DA:131,0
DA:132,0
DA:133,0
DA:134,0
DA:135,0
DA:136,1
DA:137,1
DA:138,1
DA:139,1
DA:140,1
DA:141,1
DA:142,1
DA:143,1
DA:144,1
DA:145,1
DA:146,1
DA:147,1
DA:148,1
DA:149,4
DA:150,4
DA:151,4
DA:152,4
DA:153,0
DA:154,4
DA:155,1
DA:156,1
DA:157,1
DA:158,1
DA:159,1
DA:160,1
DA:161,1
DA:162,1
LF:162
LH:126
BRDA:13,0,0,3
BRDA:17,1,0,1
BRDA:18,2,0,2
BRDA:22,3,0,1
BRDA:28,4,0,0
BRDA:29,5,0,1
BRDA:29,6,0,0
BRDA:29,7,0,1
BRDA:30,8,0,0
BRDA:37,9,0,0
BRDA:52,10,0,3
BRDA:56,11,0,1
BRDA:57,12,0,2
BRDA:61,13,0,1
BRDA:66,14,0,0
BRDA:78,15,0,0
BRDA:90,16,0,3
BRDA:96,17,0,1
BRDA:97,18,0,2
BRDA:101,19,0,1
BRDA:111,20,0,0
BRDA:114,21,0,0
BRDA:141,22,0,1
BRDA:148,23,0,4
BRDA:153,24,0,0
BRF:25
BRH:16
end_of_record
TN:
SF:controller\driver\CPSearch.js
FN:12,getEVCPs
FN:29,getDetailsEVCP
FNF:2
FNH:2
FNDA:1,getEVCPs
FNDA:1,getDetailsEVCP
DA:1,1
DA:2,1
DA:3,1
DA:4,1
DA:5,1
DA:6,1
DA:7,1
DA:8,1
DA:9,0
DA:10,0
DA:11,1
DA:12,1
DA:13,1
DA:14,1
DA:15,1
DA:16,1
DA:17,1
DA:18,1
DA:19,1
DA:20,1
DA:21,1
DA:22,1
DA:23,1
DA:24,1
DA:25,1
DA:26,0
DA:27,0
DA:28,1
DA:29,1
DA:30,1
DA:31,1
DA:32,1
DA:33,1
DA:34,1
DA:35,1
DA:36,1
DA:37,1
DA:38,1
DA:39,1
LF:39
LH:35
BRDA:12,0,0,1
BRDA:29,1,0,1
BRF:2
BRH:2
end_of_record
TN:
SF:controller\driver\ReservationManager.js
FN:14,getReservations
FN:34,getSlots
FN:57,getMaxDuration
FN:80,bookACharge
FNF:4
FNH:4
FNDA:2,getReservations
FNDA:2,getSlots
FNDA:2,getMaxDuration
FNDA:2,bookACharge
DA:1,1
DA:2,1
DA:3,1
DA:4,1
DA:5,1
DA:6,1
DA:7,1
DA:8,1
DA:9,1
DA:10,1
DA:11,0
DA:12,0
DA:13,1
DA:14,1
DA:15,2
DA:16,1
DA:17,1
DA:18,1
DA:19,1
DA:20,1
DA:21,1
DA:22,1
DA:23,1
DA:24,1
DA:25,1
DA:26,1
DA:27,1
DA:28,1
DA:29,1
DA:30,1
DA:31,0
DA:32,0
DA:33,1
DA:34,1
DA:35,2
DA:36,2
DA:37,2
DA:38,2
DA:39,1
DA:40,1
DA:41,1
DA:42,1
DA:43,1
DA:44,1
DA:45,1
DA:46,1
DA:47,1
DA:48,1
DA:49,1
DA:50,1
DA:51,1
DA:52,1
DA:53,1
DA:54,0
DA:55,0
DA:56,1
DA:57,1
DA:58,2
DA:59,2
DA:60,2
DA:61,2
DA:62,1
DA:63,1
DA:64,1
DA:65,1
DA:66,1
DA:67,1
DA:68,1
DA:69,1
DA:70,1
DA:71,1
DA:72,1
DA:73,1
DA:74,1
DA:75,1
DA:76,1
DA:77,0
DA:78,0
DA:79,1
DA:80,1
DA:81,2
DA:82,2
DA:83,2
DA:84,1
DA:85,1
DA:86,1
DA:87,1
DA:88,1
DA:89,0
DA:90,1
DA:91,1
DA:92,1
DA:93,1
DA:94,1
DA:95,1
DA:96,1
DA:97,1
DA:98,1
DA:99,0
DA:100,0
DA:101,0
DA:102,0
DA:103,0
DA:104,0
DA:105,0
DA:106,0
DA:107,0
DA:108,0
DA:109,0
DA:110,0
DA:111,0
DA:112,0
DA:113,1
DA:114,1
LF:114
LH:91
BRDA:14,0,0,2
BRDA:15,1,0,1
BRDA:34,2,0,2
BRDA:38,3,0,1
BRDA:57,4,0,2
BRDA:61,5,0,1
BRDA:80,6,0,2
BRDA:83,7,0,1
BRDA:89,8,0,0
BRF:9
BRH:8
end_of_record
TN:
SF:controller\driver\smsAPI.js
FN:8,Object.<anonymous>.exports.sendVerificationCode
FNF:1
FNH:1
FNDA:1,Object.<anonymous>.exports.sendVerificationCode
DA:1,1
DA:2,1
DA:3,1
DA:4,1
DA:5,1
DA:6,1
DA:7,1
DA:8,1
DA:9,1
DA:10,1
LF:10
LH:10
BRDA:8,0,0,1
BRF:1
BRH:1
end_of_record
TN:
SF:db\db.js
FNF:0
FNH:0
DA:1,1
DA:2,1
DA:3,1
DA:4,1
DA:5,1
DA:6,1
DA:7,1
DA:8,1
DA:9,1
DA:10,1
DA:11,1
DA:12,1
DA:13,1
DA:14,1
DA:15,1
DA:16,1
DA:17,1
DA:18,1
LF:18
LH:18
BRF:0
BRH:0
end_of_record
