TN:
SF:controller\QueryManager.js
FN:7,Object.<anonymous>.exports.getQueryManager
FN:14,standardize
FN:30,createDriver
FN:43,createCPO
FN:54,findDriverByPhoneNumber
FN:65,findCPOByEmail
FN:77,checkDriverCredentials
FN:89,checkCPOCredentials
FN:100,createCPOToken
FN:118,createDriverToken
FN:136,validateToken
FN:148,verifyEVCPAssociation
FN:159,createDriverVerificationCode
FN:171,createCPOVerificationCode
FN:182,checkCPOVerificationCode
FN:193,checkDriverVerificationCode
FN:205,updateDriverCode
FN:216,updateCPOCode
FN:226,deleteDriverCode
FN:236,deleteCPOCode
FN:246,deleteDriver
FN:257,deleteCPO
FN:270,getEVCPs
FN:282,getEVCPsByCPO
FN:293,getSpecificEVCP
FN:304,getDetailsEVCP
FN:329,checkReservationSlots
FN:379,checkMaxDuration
FN:409,checkAvailability
FN:435,addReservation
FN:447,aggregateCPOData
FN:458,findSocket
FN:469,getDriverReservations
FN:488,updateNotificationToken
FN:498,getCPOReservations
FN:514,addEVCP
FN:524,addCP
FN:536,addSocket
FN:552,addRate
FN:565,getRate
FN:578,addSpecialOffer
FN:588,getDSO
FN:602,updateDSO
FN:611,executeAndCancel
FNF:44
FNH:18
FNDA:32,Object.<anonymous>.exports.getQueryManager
FNDA:0,standardize
FNDA:4,createDriver
FNDA:5,createCPO
FNDA:3,findDriverByPhoneNumber
FNDA:3,findCPOByEmail
FNDA:1,checkDriverCredentials
FNDA:1,checkCPOCredentials
FNDA:1,createCPOToken
FNDA:1,createDriverToken
FNDA:0,validateToken
FNDA:0,verifyEVCPAssociation
FNDA:3,createDriverVerificationCode
FNDA:3,createCPOVerificationCode
FNDA:3,checkCPOVerificationCode
FNDA:3,checkDriverVerificationCode
FNDA:0,updateDriverCode
FNDA:0,updateCPOCode
FNDA:1,deleteDriverCode
FNDA:1,deleteCPOCode
FNDA:1,deleteDriver
FNDA:1,deleteCPO
FNDA:0,getEVCPs
FNDA:0,getEVCPsByCPO
FNDA:0,getSpecificEVCP
FNDA:0,getDetailsEVCP
FNDA:0,checkReservationSlots
FNDA:0,checkMaxDuration
FNDA:0,checkAvailability
FNDA:0,addReservation
FNDA:0,aggregateCPOData
FNDA:0,findSocket
FNDA:0,getDriverReservations
FNDA:0,updateNotificationToken
FNDA:0,getCPOReservations
FNDA:0,addEVCP
FNDA:0,addCP
FNDA:0,addSocket
FNDA:0,addRate
FNDA:0,getRate
FNDA:0,addSpecialOffer
FNDA:0,getDSO
FNDA:0,updateDSO
FNDA:20,executeAndCancel
DA:1,1
DA:2,1
DA:3,1
DA:4,1
DA:5,1
DA:6,1
DA:7,1
DA:8,32
DA:9,32
DA:10,32
DA:11,32
DA:12,32
DA:13,32
DA:14,32
DA:15,0
DA:16,0
DA:17,0
DA:18,0
DA:19,32
DA:20,32
DA:21,32
DA:22,32
DA:23,32
DA:24,32
DA:25,32
DA:26,32
DA:27,32
DA:28,32
DA:29,32
DA:30,32
DA:31,4
DA:32,4
DA:33,4
DA:34,32
DA:35,32
DA:36,32
DA:37,32
DA:38,32
DA:39,32
DA:40,32
DA:41,32
DA:42,32
DA:43,32
DA:44,5
DA:45,4
DA:46,4
DA:47,32
DA:48,32
DA:49,32
DA:50,32
DA:51,32
DA:52,32
DA:53,32
DA:54,32
DA:55,3
DA:56,3
DA:57,3
DA:58,32
DA:59,32
DA:60,32
DA:61,32
DA:62,32
DA:63,32
DA:64,32
DA:65,32
DA:66,3
DA:67,3
DA:68,3
DA:69,32
DA:70,32
DA:71,32
DA:72,32
DA:73,32
DA:74,32
DA:75,32
DA:76,32
DA:77,32
DA:78,1
DA:79,1
DA:80,1
DA:81,32
DA:82,32
DA:83,32
DA:84,32
DA:85,32
DA:86,32
DA:87,32
DA:88,32
DA:89,32
DA:90,1
DA:91,1
DA:92,1
DA:93,32
DA:94,32
DA:95,32
DA:96,32
DA:97,32
DA:98,32
DA:99,32
DA:100,32
DA:101,1
DA:102,1
DA:103,1
DA:104,1
DA:105,1
DA:106,0
DA:107,0
DA:108,0
DA:109,1
DA:110,1
DA:111,32
DA:112,32
DA:113,32
DA:114,32
DA:115,32
DA:116,32
DA:117,32
DA:118,32
DA:119,1
DA:120,1
DA:121,1
DA:122,1
DA:123,1
DA:124,0
DA:125,0
DA:126,0
DA:127,1
DA:128,1
DA:129,32
DA:130,32
DA:131,32
DA:132,32
DA:133,32
DA:134,32
DA:135,32
DA:136,32
DA:137,0
DA:138,0
DA:139,0
DA:140,32
DA:141,32
DA:142,32
DA:143,32
DA:144,32
DA:145,32
DA:146,32
DA:147,32
DA:148,32
DA:149,0
DA:150,0
DA:151,32
DA:152,32
DA:153,32
DA:154,32
DA:155,32
DA:156,32
DA:157,32
DA:158,32
DA:159,32
DA:160,3
DA:161,3
DA:162,3
DA:163,32
DA:164,32
DA:165,32
DA:166,32
DA:167,32
DA:168,32
DA:169,32
DA:170,32
DA:171,32
DA:172,3
DA:173,3
DA:174,3
DA:175,32
DA:176,32
DA:177,32
DA:178,32
DA:179,32
DA:180,32
DA:181,32
DA:182,32
DA:183,3
DA:184,3
DA:185,3
DA:186,32
DA:187,32
DA:188,32
DA:189,32
DA:190,32
DA:191,32
DA:192,32
DA:193,32
DA:194,3
DA:195,3
DA:196,3
DA:197,32
DA:198,32
DA:199,32
DA:200,32
DA:201,32
DA:202,32
DA:203,32
DA:204,32
DA:205,32
DA:206,0
DA:207,0
DA:208,32
DA:209,32
DA:210,32
DA:211,32
DA:212,32
DA:213,32
DA:214,32
DA:215,32
DA:216,32
DA:217,0
DA:218,0
DA:219,32
DA:220,32
DA:221,32
DA:222,32
DA:223,32
DA:224,32
DA:225,32
DA:226,32
DA:227,1
DA:228,1
DA:229,32
DA:230,32
DA:231,32
DA:232,32
DA:233,32
DA:234,32
DA:235,32
DA:236,32
DA:237,1
DA:238,1
DA:239,32
DA:240,32
DA:241,32
DA:242,32
DA:243,32
DA:244,32
DA:245,32
DA:246,32
DA:247,1
DA:248,1
DA:249,1
DA:250,32
DA:251,32
DA:252,32
DA:253,32
DA:254,32
DA:255,32
DA:256,32
DA:257,32
DA:258,1
DA:259,1
DA:260,1
DA:261,32
DA:262,32
DA:263,32
DA:264,32
DA:265,32
DA:266,32
DA:267,32
DA:268,32
DA:269,32
DA:270,32
DA:271,0
DA:272,0
DA:273,0
DA:274,0
DA:275,32
DA:276,32
DA:277,32
DA:278,32
DA:279,32
DA:280,32
DA:281,32
DA:282,32
DA:283,0
DA:284,0
DA:285,0
DA:286,32
DA:287,32
DA:288,32
DA:289,32
DA:290,32
DA:291,32
DA:292,32
DA:293,32
DA:294,0
DA:295,0
DA:296,0
DA:297,32
DA:298,32
DA:299,32
DA:300,32
DA:301,32
DA:302,32
DA:303,32
DA:304,32
DA:305,0
DA:306,0
DA:307,0
DA:308,0
DA:309,0
DA:310,0
DA:311,0
DA:312,0
DA:313,0
DA:314,0
DA:315,0
DA:316,0
DA:317,0
DA:318,0
DA:319,32
DA:320,32
DA:321,32
DA:322,32
DA:323,32
DA:324,32
DA:325,32
DA:326,32
DA:327,32
DA:328,32
DA:329,32
DA:330,0
DA:331,0
DA:332,0
DA:333,0
DA:334,0
DA:335,0
DA:336,0
DA:337,0
DA:338,0
DA:339,0
DA:340,0
DA:341,0
DA:342,0
DA:343,0
DA:344,0
DA:345,0
DA:346,0
DA:347,0
DA:348,0
DA:349,0
DA:350,0
DA:351,0
DA:352,0
DA:353,0
DA:354,0
DA:355,0
DA:356,0
DA:357,0
DA:358,0
DA:359,0
DA:360,0
DA:361,0
DA:362,0
DA:363,0
DA:364,0
DA:365,0
DA:366,0
DA:367,0
DA:368,0
DA:369,32
DA:370,32
DA:371,32
DA:372,32
DA:373,32
DA:374,32
DA:375,32
DA:376,32
DA:377,32
DA:378,32
DA:379,32
DA:380,0
DA:381,0
DA:382,0
DA:383,0
DA:384,0
DA:385,0
DA:386,0
DA:387,0
DA:388,0
DA:389,0
DA:390,0
DA:391,0
DA:392,0
DA:393,0
DA:394,0
DA:395,0
DA:396,0
DA:397,0
DA:398,32
DA:399,32
DA:400,32
DA:401,32
DA:402,32
DA:403,32
DA:404,32
DA:405,32
DA:406,32
DA:407,32
DA:408,32
DA:409,32
DA:410,0
DA:411,0
DA:412,0
DA:413,0
DA:414,0
DA:415,0
DA:416,0
DA:417,0
DA:418,0
DA:419,0
DA:420,0
DA:421,0
DA:422,0
DA:423,0
DA:424,0
DA:425,32
DA:426,32
DA:427,32
DA:428,32
DA:429,32
DA:430,32
DA:431,32
DA:432,32
DA:433,32
DA:434,32
DA:435,32
DA:436,0
DA:437,0
DA:438,0
DA:439,0
DA:440,32
DA:441,32
DA:442,32
DA:443,32
DA:444,32
DA:445,32
DA:446,32
DA:447,32
DA:448,0
DA:449,0
DA:450,0
DA:451,32
DA:452,32
DA:453,32
DA:454,32
DA:455,32
DA:456,32
DA:457,32
DA:458,32
DA:459,0
DA:460,0
DA:461,0
DA:462,32
DA:463,32
DA:464,32
DA:465,32
DA:466,32
DA:467,32
DA:468,32
DA:469,32
DA:470,0
DA:471,0
DA:472,0
DA:473,0
DA:474,0
DA:475,0
DA:476,0
DA:477,0
DA:478,0
DA:479,0
DA:480,32
DA:481,32
DA:482,32
DA:483,32
DA:484,32
DA:485,32
DA:486,32
DA:487,32
DA:488,32
DA:489,0
DA:490,0
DA:491,32
DA:492,32
DA:493,32
DA:494,32
DA:495,32
DA:496,32
DA:497,32
DA:498,32
DA:499,0
DA:500,0
DA:501,0
DA:502,0
DA:503,32
DA:504,32
DA:505,32
DA:506,32
DA:507,32
DA:508,32
DA:509,32
DA:510,32
DA:511,32
DA:512,32
DA:513,32
DA:514,32
DA:515,0
DA:516,0
DA:517,32
DA:518,32
DA:519,32
DA:520,32
DA:521,32
DA:522,32
DA:523,32
DA:524,32
DA:525,0
DA:526,0
DA:527,32
DA:528,32
DA:529,32
DA:530,32
DA:531,32
DA:532,32
DA:533,32
DA:534,32
DA:535,32
DA:536,32
DA:537,0
DA:538,0
DA:539,0
DA:540,0
DA:541,0
DA:542,32
DA:543,32
DA:544,32
DA:545,32
DA:546,32
DA:547,32
DA:548,32
DA:549,32
DA:550,32
DA:551,32
DA:552,32
DA:553,0
DA:554,0
DA:555,0
DA:556,0
DA:557,0
DA:558,32
DA:559,32
DA:560,32
DA:561,32
DA:562,32
DA:563,32
DA:564,32
DA:565,32
DA:566,0
DA:567,0
DA:568,0
DA:569,32
DA:570,32
DA:571,32
DA:572,32
DA:573,32
DA:574,32
DA:575,32
DA:576,32
DA:577,32
DA:578,32
DA:579,0
DA:580,0
DA:581,32
DA:582,32
DA:583,32
DA:584,32
DA:585,32
DA:586,32
DA:587,32
DA:588,32
DA:589,0
DA:590,0
DA:591,0
DA:592,32
DA:593,32
DA:594,32
DA:595,32
DA:596,32
DA:597,32
DA:598,32
DA:599,32
DA:600,32
DA:601,32
DA:602,32
DA:603,0
DA:604,0
DA:605,32
DA:606,32
DA:607,32
DA:608,32
DA:609,32
DA:610,32
DA:611,32
DA:612,20
DA:613,20
DA:614,20
DA:615,20
DA:616,20
DA:617,19
DA:618,19
DA:619,19
DA:620,20
DA:621,32
DA:622,32
LF:622
LH:457
BRDA:7,0,0,32
BRDA:30,1,0,4
BRDA:43,2,0,5
BRDA:45,3,0,4
BRDA:54,4,0,3
BRDA:57,5,0,1
BRDA:57,6,0,2
BRDA:65,7,0,3
BRDA:68,8,0,1
BRDA:68,9,0,2
BRDA:77,10,0,1
BRDA:89,11,0,1
BRDA:100,12,0,1
BRDA:105,13,0,0
BRDA:118,14,0,1
BRDA:123,15,0,0
BRDA:159,16,0,3
BRDA:162,17,0,0
BRDA:171,18,0,3
BRDA:174,19,0,0
BRDA:182,20,0,3
BRDA:185,21,0,2
BRDA:185,22,0,1
BRDA:193,23,0,3
BRDA:196,24,0,2
BRDA:196,25,0,1
BRDA:226,26,0,1
BRDA:236,27,0,1
BRDA:246,28,0,1
BRDA:257,29,0,1
BRDA:611,30,0,20
BRDA:616,31,0,18
BRDA:616,32,0,19
BRF:33
BRH:29
end_of_record
TN:
SF:controller\utils.js
FN:9,distance
FN:26,toRadians
FNF:2
FNH:0
FNDA:0,distance
FNDA:0,toRadians
DA:1,1
DA:2,1
DA:3,1
DA:4,1
DA:5,1
DA:6,1
DA:7,1
DA:8,1
DA:9,0
DA:10,0
DA:11,0
DA:12,0
DA:13,0
DA:14,0
DA:15,0
DA:16,0
DA:17,0
DA:18,0
DA:19,0
DA:20,1
DA:21,1
DA:22,1
DA:23,1
DA:24,1
DA:25,1
DA:26,0
DA:27,0
DA:28,0
DA:29,1
DA:30,1
LF:30
LH:16
BRF:0
BRH:0
end_of_record
TN:
SF:controller\cpo\AccountManager.js
FN:13,signup
FN:48,verifyCode
FN:87,login
FN:121,getCode
FN:130,authenticate
FNF:5
FNH:4
FNDA:3,signup
FNDA:3,verifyCode
FNDA:3,login
FNDA:1,getCode
FNDA:0,authenticate
DA:1,1
DA:2,1
DA:3,1
DA:4,1
DA:5,1
DA:6,1
DA:7,1
DA:8,1
DA:9,1
DA:10,0
DA:11,0
DA:12,1
DA:13,1
DA:14,3
DA:15,3
DA:16,3
DA:17,3
DA:18,3
DA:19,2
DA:20,2
DA:21,2
DA:22,3
DA:23,1
DA:24,1
DA:25,1
DA:26,1
DA:27,1
DA:28,3
DA:29,3
DA:30,1
DA:31,1
DA:32,1
DA:33,1
DA:34,1
DA:35,1
DA:36,1
DA:37,0
DA:38,0
DA:39,3
DA:40,1
DA:41,1
DA:42,1
DA:43,1
DA:44,1
DA:45,0
DA:46,0
DA:47,1
DA:48,1
DA:49,3
DA:50,3
DA:51,3
DA:52,3
DA:53,3
DA:54,2
DA:55,2
DA:56,2
DA:57,2
DA:58,2
DA:59,1
DA:60,1
DA:61,1
DA:62,1
DA:63,0
DA:64,0
DA:65,0
DA:66,0
DA:67,0
DA:68,0
DA:69,1
DA:70,1
DA:71,1
DA:72,1
DA:73,1
DA:74,2
DA:75,0
DA:76,0
DA:77,0
DA:78,3
DA:79,1
DA:80,1
DA:81,1
DA:82,1
DA:83,1
DA:84,0
DA:85,0
DA:86,1
DA:87,1
DA:88,3
DA:89,3
DA:90,3
DA:91,3
DA:92,3
DA:93,3
DA:94,2
DA:95,2
DA:96,2
DA:97,2
DA:98,3
DA:99,1
DA:100,1
DA:101,1
DA:102,1
DA:103,1
DA:104,1
DA:105,1
DA:106,1
DA:107,1
DA:108,0
DA:109,0
DA:110,0
DA:111,3
DA:112,0
DA:113,0
DA:114,0
DA:115,3
DA:116,1
DA:117,1
DA:118,1
DA:119,1
DA:120,1
DA:121,1
DA:122,1
DA:123,1
DA:124,1
DA:125,1
DA:126,1
DA:127,1
DA:128,1
DA:129,1
DA:130,1
DA:131,0
DA:132,0
DA:133,0
DA:134,0
DA:135,0
DA:136,0
DA:137,1
DA:138,1
DA:139,1
DA:140,1
DA:141,1
DA:142,1
DA:143,1
DA:144,1
LF:144
LH:115
BRDA:13,0,0,3
BRDA:18,1,0,1
BRDA:19,2,0,2
BRDA:22,3,0,1
BRDA:28,4,0,0
BRDA:29,5,0,1
BRDA:29,6,0,0
BRDA:29,7,0,1
BRDA:30,8,0,0
BRDA:37,9,0,0
BRDA:48,10,0,3
BRDA:53,11,0,1
BRDA:54,12,0,2
BRDA:58,13,0,1
BRDA:63,14,0,0
BRDA:75,15,0,0
BRDA:87,16,0,3
BRDA:93,17,0,1
BRDA:94,18,0,2
BRDA:98,19,0,1
BRDA:108,20,0,0
BRDA:111,21,0,0
BRDA:121,22,0,1
BRF:23
BRH:15
end_of_record
TN:
SF:controller\cpo\BookingManager.js
FN:15,book
FN:31,getReservations
FN:52,getAggregatedReservations
FNF:3
FNH:0
FNDA:0,book
FNDA:0,getReservations
FNDA:0,getAggregatedReservations
DA:1,1
DA:2,1
DA:3,1
DA:4,1
DA:5,1
DA:6,1
DA:7,1
DA:8,1
DA:9,1
DA:10,1
DA:11,1
DA:12,1
DA:13,1
DA:14,1
DA:15,1
DA:16,0
DA:17,0
DA:18,0
DA:19,0
DA:20,0
DA:21,0
DA:22,0
DA:23,1
DA:24,1
DA:25,1
DA:26,1
DA:27,1
DA:28,0
DA:29,0
DA:30,1
DA:31,1
DA:32,0
DA:33,0
DA:34,0
DA:35,0
DA:36,0
DA:37,0
DA:38,0
DA:39,0
DA:40,0
DA:41,0
DA:42,0
DA:43,0
DA:44,1
DA:45,1
DA:46,1
DA:47,1
DA:48,1
DA:49,0
DA:50,1
DA:51,1
DA:52,1
DA:53,0
DA:54,0
DA:55,0
DA:56,0
DA:57,0
DA:58,0
DA:59,0
DA:60,0
DA:61,0
DA:62,0
DA:63,0
DA:64,1
DA:65,1
LF:65
LH:32
BRF:0
BRH:0
end_of_record
TN:
SF:controller\cpo\emailAPI.js
FN:8,Object.<anonymous>.exports.sendVerificationCode
FNF:1
FNH:1
FNDA:1,Object.<anonymous>.exports.sendVerificationCode
DA:1,1
DA:2,1
DA:3,1
DA:4,1
DA:5,1
DA:6,1
DA:7,1
DA:8,1
DA:9,1
DA:10,1
LF:10
LH:10
BRDA:8,0,0,1
BRF:1
BRH:1
end_of_record
TN:
SF:controller\driver\AccountManager.js
FN:13,signup
FN:52,verifyCode
FN:90,login
FN:141,getCode
FN:148,authenticate
FNF:5
FNH:4
FNDA:3,signup
FNDA:3,verifyCode
FNDA:3,login
FNDA:1,getCode
FNDA:0,authenticate
DA:1,1
DA:2,1
DA:3,1
DA:4,1
DA:5,1
DA:6,1
DA:7,1
DA:8,1
DA:9,1
DA:10,0
DA:11,0
DA:12,1
DA:13,1
DA:14,3
DA:15,3
DA:16,3
DA:17,3
DA:18,2
DA:19,2
DA:20,2
DA:21,2
DA:22,3
DA:23,1
DA:24,1
DA:25,1
DA:26,1
DA:27,1
DA:28,3
DA:29,3
DA:30,1
DA:31,1
DA:32,1
DA:33,1
DA:34,1
DA:35,1
DA:36,1
DA:37,0
DA:38,0
DA:39,3
DA:40,1
DA:41,1
DA:42,1
DA:43,1
DA:44,1
DA:45,1
DA:46,1
DA:47,1
DA:48,1
DA:49,0
DA:50,0
DA:51,1
DA:52,1
DA:53,3
DA:54,3
DA:55,3
DA:56,3
DA:57,2
DA:58,2
DA:59,2
DA:60,2
DA:61,2
DA:62,1
DA:63,1
DA:64,1
DA:65,1
DA:66,0
DA:67,0
DA:68,0
DA:69,0
DA:70,0
DA:71,0
DA:72,1
DA:73,1
DA:74,1
DA:75,1
DA:76,1
DA:77,2
DA:78,0
DA:79,0
DA:80,0
DA:81,3
DA:82,1
DA:83,1
DA:84,1
DA:85,1
DA:86,1
DA:87,0
DA:88,0
DA:89,1
DA:90,1
DA:91,3
DA:92,3
DA:93,3
DA:94,3
DA:95,3
DA:96,3
DA:97,2
DA:98,2
DA:99,2
DA:100,2
DA:101,3
DA:102,1
DA:103,1
DA:104,1
DA:105,1
DA:106,1
DA:107,1
DA:108,1
DA:109,1
DA:110,1
DA:111,0
DA:112,0
DA:113,0
DA:114,3
DA:115,0
DA:116,0
DA:117,0
DA:118,3
DA:119,1
DA:120,1
DA:121,1
DA:122,1
DA:123,1
DA:124,0
DA:125,0
DA:126,0
DA:127,0
DA:128,0
DA:129,0
DA:130,0
DA:131,0
DA:132,0
DA:133,0
DA:134,0
DA:135,0
DA:136,1
DA:137,1
DA:138,1
DA:139,1
DA:140,1
DA:141,1
DA:142,1
DA:143,1
DA:144,1
DA:145,1
DA:146,1
DA:147,1
DA:148,1
DA:149,0
DA:150,0
DA:151,0
DA:152,0
DA:153,0
DA:154,0
DA:155,1
DA:156,1
DA:157,1
DA:158,1
DA:159,1
DA:160,1
DA:161,1
DA:162,1
LF:162
LH:121
BRDA:13,0,0,3
BRDA:17,1,0,1
BRDA:18,2,0,2
BRDA:22,3,0,1
BRDA:28,4,0,0
BRDA:29,5,0,1
BRDA:29,6,0,0
BRDA:29,7,0,1
BRDA:30,8,0,0
BRDA:37,9,0,0
BRDA:52,10,0,3
BRDA:56,11,0,1
BRDA:57,12,0,2
BRDA:61,13,0,1
BRDA:66,14,0,0
BRDA:78,15,0,0
BRDA:90,16,0,3
BRDA:96,17,0,1
BRDA:97,18,0,2
BRDA:101,19,0,1
BRDA:111,20,0,0
BRDA:114,21,0,0
BRDA:141,22,0,1
BRF:23
BRH:15
end_of_record
TN:
SF:controller\driver\smsAPI.js
FN:8,Object.<anonymous>.exports.sendVerificationCode
FNF:1
FNH:1
FNDA:1,Object.<anonymous>.exports.sendVerificationCode
DA:1,1
DA:2,1
DA:3,1
DA:4,1
DA:5,1
DA:6,1
DA:7,1
DA:8,1
DA:9,1
DA:10,1
LF:10
LH:10
BRDA:8,0,0,1
BRF:1
BRH:1
end_of_record
TN:
SF:db\db.js
FNF:0
FNH:0
DA:1,1
DA:2,1
DA:3,1
DA:4,1
DA:5,1
DA:6,1
DA:7,1
DA:8,1
DA:9,1
DA:10,1
DA:11,1
DA:12,1
DA:13,1
DA:14,1
DA:15,1
DA:16,1
DA:17,1
DA:18,1
LF:18
LH:18
BRF:0
BRH:0
end_of_record
